create a list of active users and oneSignalID
Traceback (most recent call last):
  File "/home/ec2-user/SARATemplate/apis/learning/randomized_notifications/DemoLogicFromSurveys.py", line 159, in <module>
    with open(logic_file) as f:
FileNotFoundError: [Errno 2] No such file or directory: '/home/ec2-user/SARATemplate/apis/learning/logic1.json'
create a list of active users and oneSignalID
Executing logic 0
eurashin: > 2 --- 4 RES True
sarah: > 2 --- 0 RES False
['eurashin']
Sending notification 0 for eurashin
{'user_id': 'eurashin', 'player_id': '34b8d11d-ff86-4feb-bbe7-ff5fe11c964f', 'heading': 'Stress Cat here', 'body': 'Tell MEOW about your problems', 'db_update': 'y ', 'image': 'cat_shirt.png'}
received status 200 value Message Sent





Executing logic 1
eurashin: <= 2 --- 4 RES False
sarah: <= 2 --- 0 RES True
['sarah']
Sending notification 1 for sarah
{'user_id': 'sarah', 'player_id': 'f989c5bd-73c1-446c-80a2-5f49f4205dfd', 'heading': 'Stress Dog here', 'body': 'You can TAIL me about all your problems', 'db_update': 'y', 'image': 'gracie_wild.jpg'}
received status 200 value Message Sent





create a list of active users and oneSignalID
Executing logic 0
eurashin: > 2 --- 4 RES True
sarah: > 2 --- 0 RES False
['eurashin']
Sending notification 0 for eurashin
{'user_id': 'eurashin', 'player_id': '34b8d11d-ff86-4feb-bbe7-ff5fe11c964f', 'heading': 'Stress Cat here', 'body': 'Tell MEOW about your problems', 'db_update': 'y ', 'image': 'cat_outside.png'}
received status 200 value Message Sent





Executing logic 1
eurashin: <= 2 --- 4 RES False
sarah: <= 2 --- 0 RES True
['sarah']
Sending notification 1 for sarah
{'user_id': 'sarah', 'player_id': 'f989c5bd-73c1-446c-80a2-5f49f4205dfd', 'heading': 'Stress Dog here', 'body': 'You can TAIL me about all your problems', 'db_update': 'y', 'image': 'gracie_smile.jpg'}
received status 200 value Message Sent





create a list of active users and oneSignalID
Executing logic 0
eurashin: > 2 --- 4 RES True
sarah: > 2 --- 4 RES True
['eurashin', 'sarah']
Sending notification 0 for eurashin
{'user_id': 'eurashin', 'player_id': '34b8d11d-ff86-4feb-bbe7-ff5fe11c964f', 'heading': 'Stress Cat here', 'body': 'Tell MEOW about your problems', 'db_update': 'y ', 'image': 'cat_stretch.png'}
received status 200 value Message Sent


Sending notification 0 for sarah
{'user_id': 'sarah', 'player_id': 'f989c5bd-73c1-446c-80a2-5f49f4205dfd', 'heading': 'Stress Cat here', 'body': 'Tell MEOW about your problems', 'db_update': 'y ', 'image': 'cat_bags.png'}
received status 200 value Message Sent





Executing logic 1
eurashin: <= 2 --- 4 RES False
sarah: <= 2 --- 4 RES False
[]



create a list of active users and oneSignalID
Executing logic 0
eurashin: > 2 --- 4 RES True
sarah: > 2 --- 4 RES True
['eurashin', 'sarah']
Sending notification 0 for eurashin
{'user_id': 'eurashin', 'player_id': '34b8d11d-ff86-4feb-bbe7-ff5fe11c964f', 'heading': 'Stress Cat here', 'body': 'Tell MEOW about your problems', 'db_update': 'y ', 'image': 'cat_donut.png'}
received status 200 value Message Sent


Sending notification 0 for sarah
{'user_id': 'sarah', 'player_id': 'f989c5bd-73c1-446c-80a2-5f49f4205dfd', 'heading': 'Stress Cat here', 'body': 'Tell MEOW about your problems', 'db_update': 'y ', 'image': 'cat_portrait.png'}
received status 200 value Message Sent





Executing logic 1
eurashin: <= 2 --- 4 RES False
sarah: <= 2 --- 4 RES False
[]



create a list of active users and oneSignalID
Executing logic 0
eurashin: > 2 --- 4 RES True
sarah: > 2 --- 4 RES True
['eurashin', 'sarah']
Sending notification 0 for eurashin
{'user_id': 'eurashin', 'player_id': '34b8d11d-ff86-4feb-bbe7-ff5fe11c964f', 'heading': 'Stress Cat here', 'body': 'Tell MEOW about your problems', 'db_update': 'y ', 'image': 'cat_bags.png'}
received status 200 value Message Sent


Sending notification 0 for sarah
{'user_id': 'sarah', 'player_id': 'f989c5bd-73c1-446c-80a2-5f49f4205dfd', 'heading': 'Stress Cat here', 'body': 'Tell MEOW about your problems', 'db_update': 'y ', 'image': 'cat_donut.png'}
received status 200 value Message Sent





Executing logic 1
eurashin: <= 2 --- 4 RES False
sarah: <= 2 --- 4 RES False
[]



create a list of active users and oneSignalID
Executing logic 0
eurashin: > 2 --- 4 RES True
sarah: > 2 --- 4 RES True
['eurashin', 'sarah']
Sending notification 0 for eurashin
{'user_id': 'eurashin', 'player_id': '34b8d11d-ff86-4feb-bbe7-ff5fe11c964f', 'heading': 'Stress Cat here', 'body': 'Tell MEOW about your problems', 'db_update': 'y ', 'image': 'cat_stretch.png'}
received status 200 value Message Sent


Sending notification 0 for sarah
{'user_id': 'sarah', 'player_id': 'f989c5bd-73c1-446c-80a2-5f49f4205dfd', 'heading': 'Stress Cat here', 'body': 'Tell MEOW about your problems', 'db_update': 'y ', 'image': 'cat_portrait.png'}
received status 200 value Message Sent





Executing logic 1
eurashin: <= 2 --- 4 RES False
sarah: <= 2 --- 4 RES False
[]



create a list of active users and oneSignalID
Executing logic 0
eurashin: > 2 --- 4 RES True
sarah: > 2 --- 3 RES True
['eurashin', 'sarah']
Sending notification 0 for eurashin
{'user_id': 'eurashin', 'player_id': '34b8d11d-ff86-4feb-bbe7-ff5fe11c964f', 'heading': 'Stress Cat here', 'body': 'Tell MEOW about your problems', 'db_update': 'y ', 'image': 'cat_stretch.png'}
received status 200 value Message Sent


Sending notification 0 for sarah
{'user_id': 'sarah', 'player_id': 'f989c5bd-73c1-446c-80a2-5f49f4205dfd', 'heading': 'Stress Cat here', 'body': 'Tell MEOW about your problems', 'db_update': 'y ', 'image': 'cat_portrait.png'}
received status 200 value Message Sent





Executing logic 1
eurashin: <= 2 --- 4 RES False
sarah: <= 2 --- 3 RES False
[]



create a list of active users and oneSignalID
Executing logic 0
eurashin: > 2 --- 4 RES True
sarah: > 2 --- 2 RES False
['eurashin']
Sending notification 0 for eurashin
{'user_id': 'eurashin', 'player_id': '34b8d11d-ff86-4feb-bbe7-ff5fe11c964f', 'heading': 'Stress Cat here', 'body': 'Tell MEOW about your problems', 'db_update': 'y ', 'image': 'cat_portrait.png'}
received status 200 value Message Sent





Executing logic 1
eurashin: <= 2 --- 4 RES False
sarah: <= 2 --- 2 RES True
['sarah']
Sending notification 1 for sarah
{'user_id': 'sarah', 'player_id': 'f989c5bd-73c1-446c-80a2-5f49f4205dfd', 'heading': 'Stress Dog here', 'body': 'You can TAIL me about all your problems', 'db_update': 'y', 'image': 'gracie_boots.jpg'}
received status 200 value Message Sent





create a list of active users and oneSignalID
Executing logic 0
eurashin: > 2 --- 4 RES True
sarah: > 2 --- 2 RES False
['eurashin']
Sending notification 0 for eurashin
{'user_id': 'eurashin', 'player_id': '34b8d11d-ff86-4feb-bbe7-ff5fe11c964f', 'heading': 'Stress Cat here', 'body': 'Tell MEOW about your problems', 'db_update': 'y ', 'image': 'cat_shirt.png'}
received status 200 value Message Sent





Executing logic 1
eurashin: <= 2 --- 4 RES False
sarah: <= 2 --- 2 RES True
['sarah']
Sending notification 1 for sarah
{'user_id': 'sarah', 'player_id': 'f989c5bd-73c1-446c-80a2-5f49f4205dfd', 'heading': 'Stress Dog here', 'body': 'You can TAIL me about all your problems', 'db_update': 'y', 'image': 'gracie_boots.jpg'}
received status 200 value Message Sent





create a list of active users and oneSignalID
Executing logic 0
eurashin: > 2 --- 4 RES True
sarah: > 2 --- 2 RES False
['eurashin']
Sending notification 0 for eurashin
{'user_id': 'eurashin', 'player_id': '34b8d11d-ff86-4feb-bbe7-ff5fe11c964f', 'heading': 'Stress Cat here', 'body': 'Tell MEOW about your problems', 'db_update': 'y ', 'image': 'cat_stretch.png'}
received status 200 value Message Sent





Executing logic 1
eurashin: <= 2 --- 4 RES False
sarah: <= 2 --- 2 RES True
['sarah']
Sending notification 1 for sarah
{'user_id': 'sarah', 'player_id': 'f989c5bd-73c1-446c-80a2-5f49f4205dfd', 'heading': 'Stress Dog here', 'body': 'You can TAIL me about all your problems', 'db_update': 'y', 'image': 'gracie_strawberry.jpg'}
received status 200 value Message Sent





create a list of active users and oneSignalID
Executing logic 0
eurashin: > 2 --- 4 RES True
sarah: > 2 --- 2 RES False
['eurashin']
Sending notification 0 for eurashin
{'user_id': 'eurashin', 'player_id': '34b8d11d-ff86-4feb-bbe7-ff5fe11c964f', 'heading': 'Stress Cat here', 'body': 'Tell MEOW about your problems', 'db_update': 'y ', 'image': 'cat_shirt.png'}
received status 200 value Message Sent





Executing logic 1
eurashin: <= 2 --- 4 RES False
sarah: <= 2 --- 2 RES True
['sarah']
Sending notification 1 for sarah
{'user_id': 'sarah', 'player_id': 'f989c5bd-73c1-446c-80a2-5f49f4205dfd', 'heading': 'Stress Dog here', 'body': 'You can TAIL me about all your problems', 'db_update': 'y', 'image': 'gracie_wild.jpg'}
received status 200 value Message Sent





create a list of active users and oneSignalID
Executing logic 0
eurashin: > 2 --- 4 RES True
sarah: > 2 --- 2 RES False
['eurashin']
Sending notification 0 for eurashin
{'user_id': 'eurashin', 'player_id': '34b8d11d-ff86-4feb-bbe7-ff5fe11c964f', 'heading': 'Stress Cat here', 'body': 'Tell MEOW about your problems', 'db_update': 'y ', 'image': 'cat_cuddle.png'}
received status 200 value Message Sent





Executing logic 1
eurashin: <= 2 --- 4 RES False
sarah: <= 2 --- 2 RES True
['sarah']
Sending notification 1 for sarah
{'user_id': 'sarah', 'player_id': 'f989c5bd-73c1-446c-80a2-5f49f4205dfd', 'heading': 'Stress Dog here', 'body': 'You can TAIL me about all your problems', 'db_update': 'y', 'image': 'gracie_boots.jpg'}
received status 200 value Message Sent





create a list of active users and oneSignalID
Executing logic 0
eurashin: > 2 --- 4 RES True
sarah: > 2 --- 2 RES False
['eurashin']
Sending notification 0 for eurashin
{'user_id': 'eurashin', 'player_id': '34b8d11d-ff86-4feb-bbe7-ff5fe11c964f', 'heading': 'Stress Cat here', 'body': 'Tell MEOW about your problems', 'db_update': 'y ', 'image': 'cat_bags.png'}
received status 200 value Message Sent





Executing logic 1
eurashin: <= 2 --- 4 RES False
sarah: <= 2 --- 2 RES True
['sarah']
Sending notification 1 for sarah
{'user_id': 'sarah', 'player_id': 'f989c5bd-73c1-446c-80a2-5f49f4205dfd', 'heading': 'Stress Dog here', 'body': 'You can TAIL me about all your problems', 'db_update': 'y', 'image': 'gracie_baby.jpg'}
received status 200 value Message Sent





create a list of active users and oneSignalID
Executing logic 0
eurashin: > 2 --- 4 RES True
sarah: > 2 --- 1 RES False
['eurashin']
Sending notification 0 for eurashin
{'user_id': 'eurashin', 'player_id': '34b8d11d-ff86-4feb-bbe7-ff5fe11c964f', 'heading': 'Stress Cat here', 'body': 'Tell MEOW about your problems', 'db_update': 'y ', 'image': 'cat_shirt.png'}
received status 200 value Message Sent





Executing logic 1
eurashin: <= 2 --- 4 RES False
sarah: <= 2 --- 1 RES True
['sarah']
Sending notification 1 for sarah
{'user_id': 'sarah', 'player_id': 'f989c5bd-73c1-446c-80a2-5f49f4205dfd', 'heading': 'Stress Dog here', 'body': 'You can TAIL me about all your problems', 'db_update': 'y', 'image': 'gracie_baby.jpg'}
received status 200 value Message Sent





create a list of active users and oneSignalID
Executing logic 0
eurashin: > 2 --- 4 RES True
sarah: > 2 --- 2 RES False
['eurashin']
Sending notification 0 for eurashin
{'user_id': 'eurashin', 'player_id': '34b8d11d-ff86-4feb-bbe7-ff5fe11c964f', 'heading': 'Stress Cat here', 'body': 'Tell MEOW about your problems', 'db_update': 'y ', 'image': 'cat_bags.png'}
received status 200 value Message Sent





Executing logic 1
eurashin: <= 2 --- 4 RES False
sarah: <= 2 --- 2 RES True
['sarah']
Sending notification 1 for sarah
{'user_id': 'sarah', 'player_id': 'f989c5bd-73c1-446c-80a2-5f49f4205dfd', 'heading': 'Stress Dog here', 'body': 'You can TAIL me about all your problems', 'db_update': 'y', 'image': 'gracie_boots.jpg'}
received status 200 value Message Sent





create a list of active users and oneSignalID
Executing logic 0
sarah: > 2 --- 2 RES False
mash: > 2 --- 2 RES False
susan: > 2 --- 0 RES False
eurashin: > 2 --- 4 RES True
['eurashin']
Sending notification 0 for eurashin
{'user_id': 'eurashin', 'player_id': '34b8d11d-ff86-4feb-bbe7-ff5fe11c964f', 'heading': 'Stress Cat here', 'body': 'Tell MEOW about your problems', 'db_update': 'y ', 'image': 'cat_stretch.png'}
received status 200 value Message Sent





Executing logic 1
sarah: <= 2 --- 2 RES True
mash: <= 2 --- 2 RES True
susan: <= 2 --- 0 RES True
eurashin: <= 2 --- 4 RES False
['sarah', 'mash', 'susan']
Sending notification 1 for sarah
{'user_id': 'sarah', 'player_id': '10d555e0-8820-4e99-82c3-c61cf4d7375e', 'heading': 'Stress Dog here', 'body': 'You can TAIL me about all your problems', 'db_update': 'y', 'image': 'gracie_wild.jpg'}
received status 200 value Message Sent


Sending notification 1 for mash
{'user_id': 'mash', 'player_id': '66f68966-aaf3-40c3-a407-90070fcfa32d', 'heading': 'Stress Dog here', 'body': 'You can TAIL me about all your problems', 'db_update': 'y', 'image': 'gracie_baby.jpg'}
received status 200 value Message Sent


Sending notification 1 for susan
{'user_id': 'susan', 'player_id': '55a70f11-f96f-48d9-9c80-ec5570338748', 'heading': 'Stress Dog here', 'body': 'You can TAIL me about all your problems', 'db_update': 'y', 'image': 'gracie_boots.jpg'}
received status 200 value Message Sent





create a list of active users and oneSignalID
Executing logic 0
sarah: > 2 --- 2 RES False
mash: > 2 --- 2 RES False
eurashin: > 2 --- 4 RES True
susan: > 2 --- 2 RES False
['eurashin']
Sending notification 0 for eurashin
{'user_id': 'eurashin', 'player_id': '34b8d11d-ff86-4feb-bbe7-ff5fe11c964f', 'heading': 'Stress Cat here', 'body': 'Tell MEOW about your problems', 'db_update': 'y ', 'image': 'cat_portrait.png'}
received status 200 value Message Sent





Executing logic 1
sarah: <= 2 --- 2 RES True
mash: <= 2 --- 2 RES True
eurashin: <= 2 --- 4 RES False
susan: <= 2 --- 2 RES True
['sarah', 'mash', 'susan']
Sending notification 1 for sarah
{'user_id': 'sarah', 'player_id': '10d555e0-8820-4e99-82c3-c61cf4d7375e', 'heading': 'Stress Dog here', 'body': 'You can TAIL me about all your problems', 'db_update': 'y', 'image': 'gracie_piggy.jpg'}
received status 200 value Message Sent


Sending notification 1 for mash
{'user_id': 'mash', 'player_id': '66f68966-aaf3-40c3-a407-90070fcfa32d', 'heading': 'Stress Dog here', 'body': 'You can TAIL me about all your problems', 'db_update': 'y', 'image': 'gracie_guilty.jpg'}
received status 200 value Message Sent


Sending notification 1 for susan
{'user_id': 'susan', 'player_id': '55a70f11-f96f-48d9-9c80-ec5570338748', 'heading': 'Stress Dog here', 'body': 'You can TAIL me about all your problems', 'db_update': 'y', 'image': 'gracie_piggy.jpg'}
received status 200 value Message Sent





create a list of active users and oneSignalID
Executing logic 0
sarah: > 2 --- 2 RES False
mash: > 2 --- 2 RES False
susan: > 2 --- 3 RES True
eurashin: > 2 --- 4 RES True
['susan', 'eurashin']
Sending notification 0 for susan
{'user_id': 'susan', 'player_id': '55a70f11-f96f-48d9-9c80-ec5570338748', 'heading': 'Stress Cat here', 'body': 'Tell MEOW about your problems', 'db_update': 'y ', 'image': 'cat_outside.png'}
received status 200 value Message Sent


Sending notification 0 for eurashin
{'user_id': 'eurashin', 'player_id': '34b8d11d-ff86-4feb-bbe7-ff5fe11c964f', 'heading': 'Stress Cat here', 'body': 'Tell MEOW about your problems', 'db_update': 'y ', 'image': 'cat_outside.png'}
received status 200 value Message Sent





Executing logic 1
sarah: <= 2 --- 2 RES True
mash: <= 2 --- 2 RES True
susan: <= 2 --- 3 RES False
eurashin: <= 2 --- 4 RES False
['sarah', 'mash']
Sending notification 1 for sarah
{'user_id': 'sarah', 'player_id': '10d555e0-8820-4e99-82c3-c61cf4d7375e', 'heading': 'Stress Dog here', 'body': 'You can TAIL me about all your problems', 'db_update': 'y', 'image': 'gracie_sweater.jpg'}
received status 200 value Message Sent


Sending notification 1 for mash
{'user_id': 'mash', 'player_id': '66f68966-aaf3-40c3-a407-90070fcfa32d', 'heading': 'Stress Dog here', 'body': 'You can TAIL me about all your problems', 'db_update': 'y', 'image': 'gracie_smile.jpg'}
received status 200 value Message Sent





create a list of active users and oneSignalID
Executing logic 0
sarah: > 2 --- 2 RES False
mash: > 2 --- 2 RES False
eurashin: > 2 --- 4 RES True
susan: > 2 --- 4 RES True
['eurashin', 'susan']
Sending notification 0 for eurashin
{'user_id': 'eurashin', 'player_id': '34b8d11d-ff86-4feb-bbe7-ff5fe11c964f', 'heading': 'Stress Cat here', 'body': 'Tell MEOW about your problems', 'db_update': 'y ', 'image': 'cat_cuddle.png'}
received status 200 value Message Sent


Sending notification 0 for susan
{'user_id': 'susan', 'player_id': '55a70f11-f96f-48d9-9c80-ec5570338748', 'heading': 'Stress Cat here', 'body': 'Tell MEOW about your problems', 'db_update': 'y ', 'image': 'cat_donut.png'}
received status 200 value Message Sent





Executing logic 1
sarah: <= 2 --- 2 RES True
mash: <= 2 --- 2 RES True
eurashin: <= 2 --- 4 RES False
susan: <= 2 --- 4 RES False
['sarah', 'mash']
Sending notification 1 for sarah
{'user_id': 'sarah', 'player_id': '10d555e0-8820-4e99-82c3-c61cf4d7375e', 'heading': 'Stress Dog here', 'body': 'You can TAIL me about all your problems', 'db_update': 'y', 'image': 'gracie_strawberry.jpg'}
received status 200 value Message Sent


Sending notification 1 for mash
{'user_id': 'mash', 'player_id': '66f68966-aaf3-40c3-a407-90070fcfa32d', 'heading': 'Stress Dog here', 'body': 'You can TAIL me about all your problems', 'db_update': 'y', 'image': 'gracie_strawberry.jpg'}
received status 200 value Message Sent





create a list of active users and oneSignalID
Executing logic 0
sarah: > 2 --- 2 RES False
mash: > 2 --- 2 RES False
eurashin: > 2 --- 4 RES True
susan: > 2 --- 0 RES False
['eurashin']
Sending notification 0 for eurashin
{'user_id': 'eurashin', 'player_id': '34b8d11d-ff86-4feb-bbe7-ff5fe11c964f', 'heading': 'Stress Cat here', 'body': 'Tell MEOW about your problems', 'db_update': 'y ', 'image': 'cat_stretch.png'}
received status 200 value Message Sent





Executing logic 1
sarah: <= 2 --- 2 RES True
mash: <= 2 --- 2 RES True
eurashin: <= 2 --- 4 RES False
susan: <= 2 --- 0 RES True
['sarah', 'mash', 'susan']
Sending notification 1 for sarah
{'user_id': 'sarah', 'player_id': '10d555e0-8820-4e99-82c3-c61cf4d7375e', 'heading': 'Stress Dog here', 'body': 'You can TAIL me about all your problems', 'db_update': 'y', 'image': 'gracie_sweater.jpg'}
received status 200 value Message Sent


Sending notification 1 for mash
{'user_id': 'mash', 'player_id': '66f68966-aaf3-40c3-a407-90070fcfa32d', 'heading': 'Stress Dog here', 'body': 'You can TAIL me about all your problems', 'db_update': 'y', 'image': 'gracie_piggy.jpg'}
received status 200 value Message Sent


Sending notification 1 for susan
{'user_id': 'susan', 'player_id': '55a70f11-f96f-48d9-9c80-ec5570338748', 'heading': 'Stress Dog here', 'body': 'You can TAIL me about all your problems', 'db_update': 'y', 'image': 'gracie_wild.jpg'}
received status 200 value Message Sent





create a list of active users and oneSignalID
Executing logic 0
sarah: > 2 --- 2 RES False
mash: > 2 --- 2 RES False
eurashin: > 2 --- 4 RES True
susan: > 2 --- 0 RES False
['eurashin']
Sending notification 0 for eurashin
{'user_id': 'eurashin', 'player_id': '34b8d11d-ff86-4feb-bbe7-ff5fe11c964f', 'heading': 'Stress Cat here', 'body': 'Tell MEOW about your problems', 'db_update': 'y ', 'image': 'cat_donut.png'}
received status 200 value Message Sent





Executing logic 1
sarah: <= 2 --- 2 RES True
mash: <= 2 --- 2 RES True
eurashin: <= 2 --- 4 RES False
susan: <= 2 --- 0 RES True
['sarah', 'mash', 'susan']
Sending notification 1 for sarah
{'user_id': 'sarah', 'player_id': '10d555e0-8820-4e99-82c3-c61cf4d7375e', 'heading': 'Stress Dog here', 'body': 'You can TAIL me about all your problems', 'db_update': 'y', 'image': 'gracie_sweater.jpg'}
received status 200 value Message Sent


Sending notification 1 for mash
{'user_id': 'mash', 'player_id': '66f68966-aaf3-40c3-a407-90070fcfa32d', 'heading': 'Stress Dog here', 'body': 'You can TAIL me about all your problems', 'db_update': 'y', 'image': 'gracie_sweater.jpg'}
received status 200 value Message Sent


Sending notification 1 for susan
{'user_id': 'susan', 'player_id': '55a70f11-f96f-48d9-9c80-ec5570338748', 'heading': 'Stress Dog here', 'body': 'You can TAIL me about all your problems', 'db_update': 'y', 'image': 'gracie_sweater.jpg'}
received status 200 value Message Sent





create a list of active users and oneSignalID
Executing logic 0
mash: > 2 --- 2 RES False
eurashin: > 2 --- 4 RES True
susan: > 2 --- 4 RES True
finale: > 2 --- 2 RES False
sarah: > 2 --- 2 RES False
['eurashin', 'susan']
Sending notification 0 for eurashin
{'user_id': 'eurashin', 'player_id': '34b8d11d-ff86-4feb-bbe7-ff5fe11c964f', 'heading': 'Stress Cat here', 'body': 'Tell MEOW about your problems', 'db_update': 'y ', 'image': 'cat_bags.png'}
received status 200 value Message Sent


Sending notification 0 for susan
{'user_id': 'susan', 'player_id': '55a70f11-f96f-48d9-9c80-ec5570338748', 'heading': 'Stress Cat here', 'body': 'Tell MEOW about your problems', 'db_update': 'y ', 'image': 'cat_shirt.png'}
received status 200 value Message Sent





Executing logic 1
mash: <= 2 --- 2 RES True
eurashin: <= 2 --- 4 RES False
susan: <= 2 --- 4 RES False
finale: <= 2 --- 2 RES True
sarah: <= 2 --- 2 RES True
['mash', 'finale', 'sarah']
Sending notification 1 for mash
{'user_id': 'mash', 'player_id': '66f68966-aaf3-40c3-a407-90070fcfa32d', 'heading': 'Stress Dog here', 'body': 'You can TAIL me about all your problems', 'db_update': 'y', 'image': 'gracie_wild.jpg'}
received status 200 value Message Sent


Sending notification 1 for finale
{'user_id': 'finale', 'player_id': '5fb79d47-59c7-4ab2-90e7-17a8aacb20a2', 'heading': 'Stress Dog here', 'body': 'You can TAIL me about all your problems', 'db_update': 'y', 'image': 'gracie_wild.jpg'}
received status 200 value Message Sent


Sending notification 1 for sarah
{'user_id': 'sarah', 'player_id': '44bc488f-84dd-4628-b045-595ec0900f72', 'heading': 'Stress Dog here', 'body': 'You can TAIL me about all your problems', 'db_update': 'y', 'image': 'gracie_guilty.jpg'}
received status 200 value Message Sent





create a list of active users and oneSignalID
Executing logic 0
eurashin: > 2 --- 4 RES True
susan: > 2 --- 0 RES False
mash: > 2 --- 2 RES False
finale: > 2 --- 2 RES False
sarah: > 2 --- 2 RES False
['eurashin']
Sending notification 0 for eurashin
{'user_id': 'eurashin', 'player_id': '34b8d11d-ff86-4feb-bbe7-ff5fe11c964f', 'heading': 'Stress Cat here', 'body': 'Tell MEOW about your problems', 'db_update': 'y ', 'image': 'cat_donut.png'}
received status 200 value Message Sent





Executing logic 1
eurashin: <= 2 --- 4 RES False
susan: <= 2 --- 0 RES True
mash: <= 2 --- 2 RES True
finale: <= 2 --- 2 RES True
sarah: <= 2 --- 2 RES True
['susan', 'mash', 'finale', 'sarah']
Sending notification 1 for susan
{'user_id': 'susan', 'player_id': '55a70f11-f96f-48d9-9c80-ec5570338748', 'heading': 'Stress Dog here', 'body': 'You can TAIL me about all your problems', 'db_update': 'y', 'image': 'gracie_guilty.jpg'}
received status 200 value Message Sent


Sending notification 1 for mash
{'user_id': 'mash', 'player_id': '8513e444-93fd-4d7b-8d84-772d644e11b1', 'heading': 'Stress Dog here', 'body': 'You can TAIL me about all your problems', 'db_update': 'y', 'image': 'gracie_baby.jpg'}
received status 200 value Message Sent


Sending notification 1 for finale
{'user_id': 'finale', 'player_id': '5fb79d47-59c7-4ab2-90e7-17a8aacb20a2', 'heading': 'Stress Dog here', 'body': 'You can TAIL me about all your problems', 'db_update': 'y', 'image': 'gracie_piggy.jpg'}
received status 200 value Message Sent


Sending notification 1 for sarah
{'user_id': 'sarah', 'player_id': 'dc4d06b2-8990-4a0a-958c-487f109f6163', 'heading': 'Stress Dog here', 'body': 'You can TAIL me about all your problems', 'db_update': 'y', 'image': 'gracie_strawberry.jpg'}
received status 200 value Message Sent





create a list of active users and oneSignalID
Executing logic 0
eurashin: > 2 --- 4 RES True
mash: > 2 --- 2 RES False
finale: > 2 --- 2 RES False
susan: > 2 --- 0 RES False
nathan: > 2 --- 2 RES False
sarah: > 2 --- 1 RES False
['eurashin']
Sending notification 0 for eurashin
{'user_id': 'eurashin', 'player_id': '34b8d11d-ff86-4feb-bbe7-ff5fe11c964f', 'heading': 'Stress Cat here', 'body': 'Tell MEOW about your problems', 'db_update': 'y ', 'image': 'cat_bags.png'}
received status 200 value Message Sent





Executing logic 1
eurashin: <= 2 --- 4 RES False
mash: <= 2 --- 2 RES True
finale: <= 2 --- 2 RES True
susan: <= 2 --- 0 RES True
nathan: <= 2 --- 2 RES True
sarah: <= 2 --- 1 RES True
['mash', 'finale', 'susan', 'nathan', 'sarah']
Sending notification 1 for mash
{'user_id': 'mash', 'player_id': '8513e444-93fd-4d7b-8d84-772d644e11b1', 'heading': 'Stress Dog here', 'body': 'You can TAIL me about all your problems', 'db_update': 'y', 'image': 'gracie_guilty.jpg'}
received status 200 value Message Sent


Sending notification 1 for finale
{'user_id': 'finale', 'player_id': '5fb79d47-59c7-4ab2-90e7-17a8aacb20a2', 'heading': 'Stress Dog here', 'body': 'You can TAIL me about all your problems', 'db_update': 'y', 'image': 'gracie_wild.jpg'}
received status 200 value Message Sent


Sending notification 1 for susan
{'user_id': 'susan', 'player_id': '55a70f11-f96f-48d9-9c80-ec5570338748', 'heading': 'Stress Dog here', 'body': 'You can TAIL me about all your problems', 'db_update': 'y', 'image': 'gracie_boots.jpg'}
received status 200 value Message Sent


Sending notification 1 for nathan
{'user_id': 'nathan', 'player_id': '0848817e-a7fd-48cf-bc5d-e864772b6d94', 'heading': 'Stress Dog here', 'body': 'You can TAIL me about all your problems', 'db_update': 'y', 'image': 'gracie_baby.jpg'}
received status 200 value Message Sent


Sending notification 1 for sarah
{'user_id': 'sarah', 'player_id': 'dc4d06b2-8990-4a0a-958c-487f109f6163', 'heading': 'Stress Dog here', 'body': 'You can TAIL me about all your problems', 'db_update': 'y', 'image': 'gracie_piggy.jpg'}
received status 200 value Message Sent





create a list of active users and oneSignalID
Executing logic 0
eurashin: > 2 --- 4 RES True
finale: > 2 --- 2 RES False
nathan: > 2 --- 2 RES False
mash: > 2 --- 2 RES False
susan: > 2 --- 0 RES False
sarah: > 2 --- 0 RES False
['eurashin']
Sending notification 0 for eurashin
{'user_id': 'eurashin', 'player_id': '34b8d11d-ff86-4feb-bbe7-ff5fe11c964f', 'heading': 'Stress Cat here', 'body': 'Tell MEOW about your problems', 'db_update': 'y ', 'image': 'cat_portrait.png'}
received status 200 value Message Sent





Executing logic 1
eurashin: <= 2 --- 4 RES False
finale: <= 2 --- 2 RES True
nathan: <= 2 --- 2 RES True
mash: <= 2 --- 2 RES True
susan: <= 2 --- 0 RES True
sarah: <= 2 --- 0 RES True
['finale', 'nathan', 'mash', 'susan', 'sarah']
Sending notification 1 for finale
{'user_id': 'finale', 'player_id': '5fb79d47-59c7-4ab2-90e7-17a8aacb20a2', 'heading': 'Stress Dog here', 'body': 'You can TAIL me about all your problems', 'db_update': 'y', 'image': 'gracie_piggy.jpg'}
received status 200 value Message Sent


Sending notification 1 for nathan
{'user_id': 'nathan', 'player_id': '0848817e-a7fd-48cf-bc5d-e864772b6d94', 'heading': 'Stress Dog here', 'body': 'You can TAIL me about all your problems', 'db_update': 'y', 'image': 'gracie_wild.jpg'}
received status 200 value Message Sent


Sending notification 1 for mash
{'user_id': 'mash', 'player_id': '8513e444-93fd-4d7b-8d84-772d644e11b1', 'heading': 'Stress Dog here', 'body': 'You can TAIL me about all your problems', 'db_update': 'y', 'image': 'gracie_sweater.jpg'}
received status 200 value Message Sent


Sending notification 1 for susan
{'user_id': 'susan', 'player_id': '55a70f11-f96f-48d9-9c80-ec5570338748', 'heading': 'Stress Dog here', 'body': 'You can TAIL me about all your problems', 'db_update': 'y', 'image': 'gracie_wild.jpg'}
received status 200 value Message Sent


Sending notification 1 for sarah
{'user_id': 'sarah', 'player_id': 'dc4d06b2-8990-4a0a-958c-487f109f6163', 'heading': 'Stress Dog here', 'body': 'You can TAIL me about all your problems', 'db_update': 'y', 'image': 'gracie_piggy.jpg'}
received status 200 value Message Sent





create a list of active users and oneSignalID
Executing logic 0
eurashin: > 2 --- 4 RES True
finale: > 2 --- 2 RES False
nathan: > 2 --- 2 RES False
mash: > 2 --- 2 RES False
susan: > 2 --- 0 RES False
sarah: > 2 --- 0 RES False
['eurashin']
Sending notification 0 for eurashin
{'user_id': 'eurashin', 'player_id': '34b8d11d-ff86-4feb-bbe7-ff5fe11c964f', 'heading': 'Stress Cat here', 'body': 'Tell MEOW about your problems', 'db_update': 'y ', 'image': 'cat_bags.png'}
received status 200 value Message Sent





Executing logic 1
eurashin: <= 2 --- 4 RES False
finale: <= 2 --- 2 RES True
nathan: <= 2 --- 2 RES True
mash: <= 2 --- 2 RES True
susan: <= 2 --- 0 RES True
sarah: <= 2 --- 0 RES True
['finale', 'nathan', 'mash', 'susan', 'sarah']
Sending notification 1 for finale
{'user_id': 'finale', 'player_id': '5fb79d47-59c7-4ab2-90e7-17a8aacb20a2', 'heading': 'Stress Dog here', 'body': 'You can TAIL me about all your problems', 'db_update': 'y', 'image': 'gracie_boots.jpg'}
received status 200 value Message Sent


Sending notification 1 for nathan
{'user_id': 'nathan', 'player_id': '0848817e-a7fd-48cf-bc5d-e864772b6d94', 'heading': 'Stress Dog here', 'body': 'You can TAIL me about all your problems', 'db_update': 'y', 'image': 'gracie_boots.jpg'}
received status 200 value Message Sent


Sending notification 1 for mash
{'user_id': 'mash', 'player_id': '8513e444-93fd-4d7b-8d84-772d644e11b1', 'heading': 'Stress Dog here', 'body': 'You can TAIL me about all your problems', 'db_update': 'y', 'image': 'gracie_baby.jpg'}
received status 200 value Message Sent


Sending notification 1 for susan
{'user_id': 'susan', 'player_id': '55a70f11-f96f-48d9-9c80-ec5570338748', 'heading': 'Stress Dog here', 'body': 'You can TAIL me about all your problems', 'db_update': 'y', 'image': 'gracie_smile.jpg'}
received status 200 value Message Sent


Sending notification 1 for sarah
{'user_id': 'sarah', 'player_id': 'dc4d06b2-8990-4a0a-958c-487f109f6163', 'heading': 'Stress Dog here', 'body': 'You can TAIL me about all your problems', 'db_update': 'y', 'image': 'gracie_wild.jpg'}
received status 200 value Message Sent





create a list of active users and oneSignalID
Executing logic 0
eurashin: > 2 --- 4 RES True
finale: > 2 --- 2 RES False
nathan: > 2 --- 2 RES False
mash: > 2 --- 2 RES False
susan: > 2 --- 0 RES False
sarah: > 2 --- 3 RES True
['eurashin', 'sarah']
Sending notification 0 for eurashin
{'user_id': 'eurashin', 'player_id': '34b8d11d-ff86-4feb-bbe7-ff5fe11c964f', 'heading': 'Stress Cat here', 'body': 'Tell MEOW about your problems', 'db_update': 'y ', 'image': 'cat_stretch.png'}
received status 200 value Message Sent


Sending notification 0 for sarah
{'user_id': 'sarah', 'player_id': 'dc4d06b2-8990-4a0a-958c-487f109f6163', 'heading': 'Stress Cat here', 'body': 'Tell MEOW about your problems', 'db_update': 'y ', 'image': 'cat_cuddle.png'}
received status 200 value Message Sent





Executing logic 1
eurashin: <= 2 --- 4 RES False
finale: <= 2 --- 2 RES True
nathan: <= 2 --- 2 RES True
mash: <= 2 --- 2 RES True
susan: <= 2 --- 0 RES True
sarah: <= 2 --- 3 RES False
['finale', 'nathan', 'mash', 'susan']
Sending notification 1 for finale
{'user_id': 'finale', 'player_id': '5fb79d47-59c7-4ab2-90e7-17a8aacb20a2', 'heading': 'Stress Dog here', 'body': 'You can TAIL me about all your problems', 'db_update': 'y', 'image': 'gracie_piggy.jpg'}
received status 200 value Message Sent


Sending notification 1 for nathan
{'user_id': 'nathan', 'player_id': '0848817e-a7fd-48cf-bc5d-e864772b6d94', 'heading': 'Stress Dog here', 'body': 'You can TAIL me about all your problems', 'db_update': 'y', 'image': 'gracie_strawberry.jpg'}
received status 200 value Message Sent


Sending notification 1 for mash
{'user_id': 'mash', 'player_id': '8513e444-93fd-4d7b-8d84-772d644e11b1', 'heading': 'Stress Dog here', 'body': 'You can TAIL me about all your problems', 'db_update': 'y', 'image': 'gracie_baby.jpg'}
received status 200 value Message Sent


Sending notification 1 for susan
{'user_id': 'susan', 'player_id': '55a70f11-f96f-48d9-9c80-ec5570338748', 'heading': 'Stress Dog here', 'body': 'You can TAIL me about all your problems', 'db_update': 'y', 'image': 'gracie_piggy.jpg'}
received status 200 value Message Sent





create a list of active users and oneSignalID
Executing logic 0
eurashin: > 2 --- 4 RES True
finale: > 2 --- 2 RES False
nathan: > 2 --- 2 RES False
mash: > 2 --- 2 RES False
susan: > 2 --- 0 RES False
sarah: > 2 --- 0 RES False
['eurashin']
Sending notification 0 for eurashin
{'user_id': 'eurashin', 'player_id': '34b8d11d-ff86-4feb-bbe7-ff5fe11c964f', 'heading': 'Stress Cat here', 'body': 'Tell MEOW about your problems', 'db_update': 'y ', 'image': 'cat_cuddle.png'}
received status 200 value Message Sent





Executing logic 1
eurashin: <= 2 --- 4 RES False
finale: <= 2 --- 2 RES True
nathan: <= 2 --- 2 RES True
mash: <= 2 --- 2 RES True
susan: <= 2 --- 0 RES True
sarah: <= 2 --- 0 RES True
['finale', 'nathan', 'mash', 'susan', 'sarah']
Sending notification 1 for finale
{'user_id': 'finale', 'player_id': '5fb79d47-59c7-4ab2-90e7-17a8aacb20a2', 'heading': 'Stress Dog here', 'body': 'You can TAIL me about all your problems', 'db_update': 'y', 'image': 'gracie_strawberry.jpg'}
received status 200 value Message Sent


Sending notification 1 for nathan
{'user_id': 'nathan', 'player_id': '0848817e-a7fd-48cf-bc5d-e864772b6d94', 'heading': 'Stress Dog here', 'body': 'You can TAIL me about all your problems', 'db_update': 'y', 'image': 'gracie_smile.jpg'}
received status 200 value Message Sent


Sending notification 1 for mash
{'user_id': 'mash', 'player_id': '8513e444-93fd-4d7b-8d84-772d644e11b1', 'heading': 'Stress Dog here', 'body': 'You can TAIL me about all your problems', 'db_update': 'y', 'image': 'gracie_smile.jpg'}
received status 200 value Message Sent


Sending notification 1 for susan
{'user_id': 'susan', 'player_id': '55a70f11-f96f-48d9-9c80-ec5570338748', 'heading': 'Stress Dog here', 'body': 'You can TAIL me about all your problems', 'db_update': 'y', 'image': 'gracie_strawberry.jpg'}
received status 200 value Message Sent


Sending notification 1 for sarah
{'user_id': 'sarah', 'player_id': 'dc4d06b2-8990-4a0a-958c-487f109f6163', 'heading': 'Stress Dog here', 'body': 'You can TAIL me about all your problems', 'db_update': 'y', 'image': 'gracie_smile.jpg'}
received status 200 value Message Sent





create a list of active users and oneSignalID
Executing logic 0
eurashin: > 2 --- 4 RES True
finale: > 2 --- 2 RES False
nathan: > 2 --- 2 RES False
mash: > 2 --- 2 RES False
susan: > 2 --- 0 RES False
sarah: > 2 --- 0 RES False
['eurashin']
Sending notification 0 for eurashin
{'user_id': 'eurashin', 'player_id': '34b8d11d-ff86-4feb-bbe7-ff5fe11c964f', 'heading': 'Stress Cat here', 'body': 'Tell MEOW about your problems', 'db_update': 'y ', 'image': 'cat_portrait.png'}
received status 200 value Message Sent





Executing logic 1
eurashin: <= 2 --- 4 RES False
finale: <= 2 --- 2 RES True
nathan: <= 2 --- 2 RES True
mash: <= 2 --- 2 RES True
susan: <= 2 --- 0 RES True
sarah: <= 2 --- 0 RES True
['finale', 'nathan', 'mash', 'susan', 'sarah']
Sending notification 1 for finale
{'user_id': 'finale', 'player_id': '5fb79d47-59c7-4ab2-90e7-17a8aacb20a2', 'heading': 'Stress Dog here', 'body': 'You can TAIL me about all your problems', 'db_update': 'y', 'image': 'gracie_boots.jpg'}
received status 200 value Message Sent


Sending notification 1 for nathan
{'user_id': 'nathan', 'player_id': '0848817e-a7fd-48cf-bc5d-e864772b6d94', 'heading': 'Stress Dog here', 'body': 'You can TAIL me about all your problems', 'db_update': 'y', 'image': 'gracie_baby.jpg'}
received status 200 value Message Sent


Sending notification 1 for mash
{'user_id': 'mash', 'player_id': '8513e444-93fd-4d7b-8d84-772d644e11b1', 'heading': 'Stress Dog here', 'body': 'You can TAIL me about all your problems', 'db_update': 'y', 'image': 'gracie_baby.jpg'}
received status 200 value Message Sent


Sending notification 1 for susan
{'user_id': 'susan', 'player_id': '55a70f11-f96f-48d9-9c80-ec5570338748', 'heading': 'Stress Dog here', 'body': 'You can TAIL me about all your problems', 'db_update': 'y', 'image': 'gracie_boots.jpg'}
received status 200 value Message Sent


Sending notification 1 for sarah
{'user_id': 'sarah', 'player_id': 'dc4d06b2-8990-4a0a-958c-487f109f6163', 'heading': 'Stress Dog here', 'body': 'You can TAIL me about all your problems', 'db_update': 'y', 'image': 'gracie_strawberry.jpg'}
received status 200 value Message Sent





create a list of active users and oneSignalID
Executing logic 0
eurashin: > 2 --- 4 RES True
finale: > 2 --- 2 RES False
susan: > 2 --- 0 RES False
mash: > 2 --- 2 RES False
nathan: > 2 --- 2 RES False
sarah: > 2 --- 4 RES True
['eurashin', 'sarah']
Sending notification 0 for eurashin
{'user_id': 'eurashin', 'player_id': '34b8d11d-ff86-4feb-bbe7-ff5fe11c964f', 'heading': 'Stress Cat here', 'body': 'Tell MEOW about your problems', 'db_update': 'y ', 'image': 'cat_bags.png'}
received status 200 value Message Sent


Sending notification 0 for sarah
{'user_id': 'sarah', 'player_id': 'dc4d06b2-8990-4a0a-958c-487f109f6163', 'heading': 'Stress Cat here', 'body': 'Tell MEOW about your problems', 'db_update': 'y ', 'image': 'cat_outside.png'}
received status 200 value Message Sent





Executing logic 1
eurashin: <= 2 --- 4 RES False
finale: <= 2 --- 2 RES True
susan: <= 2 --- 0 RES True
mash: <= 2 --- 2 RES True
nathan: <= 2 --- 2 RES True
sarah: <= 2 --- 4 RES False
['finale', 'susan', 'mash', 'nathan']
Sending notification 1 for finale
{'user_id': 'finale', 'player_id': '5fb79d47-59c7-4ab2-90e7-17a8aacb20a2', 'heading': 'Stress Dog here', 'body': 'You can TAIL me about all your problems', 'db_update': 'y', 'image': 'gracie_boots.jpg'}
received status 200 value Message Sent


Sending notification 1 for susan
{'user_id': 'susan', 'player_id': '55a70f11-f96f-48d9-9c80-ec5570338748', 'heading': 'Stress Dog here', 'body': 'You can TAIL me about all your problems', 'db_update': 'y', 'image': 'gracie_smile.jpg'}
received status 200 value Message Sent


Sending notification 1 for mash
{'user_id': 'mash', 'player_id': '8513e444-93fd-4d7b-8d84-772d644e11b1', 'heading': 'Stress Dog here', 'body': 'You can TAIL me about all your problems', 'db_update': 'y', 'image': 'gracie_baby.jpg'}
received status 200 value Message Sent


Sending notification 1 for nathan
{'user_id': 'nathan', 'player_id': '0848817e-a7fd-48cf-bc5d-e864772b6d94', 'heading': 'Stress Dog here', 'body': 'You can TAIL me about all your problems', 'db_update': 'y', 'image': 'gracie_sweater.jpg'}
received status 200 value Message Sent





create a list of active users and oneSignalID
Executing logic 0
eurashin: > 2 --- 4 RES True
finale: > 2 --- 2 RES False
susan: > 2 --- 0 RES False
nathan: > 2 --- 2 RES False
mash: > 2 --- 2 RES False
sarah: > 2 --- 4 RES True
['eurashin', 'sarah']
Sending notification 0 for eurashin
{'user_id': 'eurashin', 'player_id': '34b8d11d-ff86-4feb-bbe7-ff5fe11c964f', 'heading': 'Stress Cat here', 'body': 'Tell MEOW about your problems', 'db_update': 'y ', 'image': 'cat_portrait.png'}
received status 200 value Message Sent


Sending notification 0 for sarah
{'user_id': 'sarah', 'player_id': 'dc4d06b2-8990-4a0a-958c-487f109f6163', 'heading': 'Stress Cat here', 'body': 'Tell MEOW about your problems', 'db_update': 'y ', 'image': 'cat_bags.png'}
received status 200 value Message Sent





Executing logic 1
eurashin: <= 2 --- 4 RES False
finale: <= 2 --- 2 RES True
susan: <= 2 --- 0 RES True
nathan: <= 2 --- 2 RES True
mash: <= 2 --- 2 RES True
sarah: <= 2 --- 4 RES False
['finale', 'susan', 'nathan', 'mash']
Sending notification 1 for finale
{'user_id': 'finale', 'player_id': '5fb79d47-59c7-4ab2-90e7-17a8aacb20a2', 'heading': 'Stress Dog here', 'body': 'You can TAIL me about all your problems', 'db_update': 'y', 'image': 'gracie_smile.jpg'}
received status 200 value Message Sent


Sending notification 1 for susan
{'user_id': 'susan', 'player_id': '55a70f11-f96f-48d9-9c80-ec5570338748', 'heading': 'Stress Dog here', 'body': 'You can TAIL me about all your problems', 'db_update': 'y', 'image': 'gracie_strawberry.jpg'}
received status 200 value Message Sent


Sending notification 1 for nathan
{'user_id': 'nathan', 'player_id': '0848817e-a7fd-48cf-bc5d-e864772b6d94', 'heading': 'Stress Dog here', 'body': 'You can TAIL me about all your problems', 'db_update': 'y', 'image': 'gracie_sweater.jpg'}
received status 200 value Message Sent


Sending notification 1 for mash
{'user_id': 'mash', 'player_id': '8513e444-93fd-4d7b-8d84-772d644e11b1', 'heading': 'Stress Dog here', 'body': 'You can TAIL me about all your problems', 'db_update': 'y', 'image': 'gracie_piggy.jpg'}
received status 200 value Message Sent





create a list of active users and oneSignalID
Executing logic 0
eurashin: > 2 --- 4 RES True
finale: > 2 --- 2 RES False
mash: > 2 --- 2 RES False
nathan: > 2 --- 0 RES False
susan: > 2 --- 0 RES False
sarah: > 2 --- 3 RES True
['eurashin', 'sarah']
Sending notification 0 for eurashin
{'user_id': 'eurashin', 'player_id': '34b8d11d-ff86-4feb-bbe7-ff5fe11c964f', 'heading': 'Stress Cat here', 'body': 'Tell MEOW about your problems', 'db_update': 'y ', 'image': 'cat_donut.png'}
received status 200 value Message Sent


Sending notification 0 for sarah
{'user_id': 'sarah', 'player_id': 'dc4d06b2-8990-4a0a-958c-487f109f6163', 'heading': 'Stress Cat here', 'body': 'Tell MEOW about your problems', 'db_update': 'y ', 'image': 'cat_portrait.png'}
received status 200 value Message Sent





Executing logic 1
eurashin: <= 2 --- 4 RES False
finale: <= 2 --- 2 RES True
mash: <= 2 --- 2 RES True
nathan: <= 2 --- 0 RES True
susan: <= 2 --- 0 RES True
sarah: <= 2 --- 3 RES False
['finale', 'mash', 'nathan', 'susan']
Sending notification 1 for finale
{'user_id': 'finale', 'player_id': '5fb79d47-59c7-4ab2-90e7-17a8aacb20a2', 'heading': 'Stress Dog here', 'body': 'You can TAIL me about all your problems', 'db_update': 'y', 'image': 'gracie_smile.jpg'}
received status 200 value Message Sent


Sending notification 1 for mash
{'user_id': 'mash', 'player_id': '8513e444-93fd-4d7b-8d84-772d644e11b1', 'heading': 'Stress Dog here', 'body': 'You can TAIL me about all your problems', 'db_update': 'y', 'image': 'gracie_wild.jpg'}
received status 200 value Message Sent


Sending notification 1 for nathan
{'user_id': 'nathan', 'player_id': '0848817e-a7fd-48cf-bc5d-e864772b6d94', 'heading': 'Stress Dog here', 'body': 'You can TAIL me about all your problems', 'db_update': 'y', 'image': 'gracie_guilty.jpg'}
received status 200 value Message Sent


Sending notification 1 for susan
{'user_id': 'susan', 'player_id': '55a70f11-f96f-48d9-9c80-ec5570338748', 'heading': 'Stress Dog here', 'body': 'You can TAIL me about all your problems', 'db_update': 'y', 'image': 'gracie_piggy.jpg'}
received status 200 value Message Sent





24/07/2021 16:00:05
create a list of active users and oneSignalID
Executing logic 0
eurashin: > 2 --- 4 RES True
finale: > 2 --- 2 RES False
mash: > 2 --- 2 RES False
susan: > 2 --- 1 RES False
sarah: > 2 --- 0 RES False
nathan: > 2 --- 0 RES False
['eurashin']
Sending notification 0 for eurashin
{'user_id': 'eurashin', 'player_id': '34b8d11d-ff86-4feb-bbe7-ff5fe11c964f', 'heading': 'Stress Cat here', 'body': 'Tell MEOW about your problems', 'db_update': 'y ', 'image': 'cat_cuddle.png'}
received status 200 value Message Sent





Executing logic 1
eurashin: <= 2 --- 4 RES False
finale: <= 2 --- 2 RES True
mash: <= 2 --- 2 RES True
susan: <= 2 --- 1 RES True
sarah: <= 2 --- 0 RES True
nathan: <= 2 --- 0 RES True
['finale', 'mash', 'susan', 'sarah', 'nathan']
Sending notification 1 for finale
{'user_id': 'finale', 'player_id': '5fb79d47-59c7-4ab2-90e7-17a8aacb20a2', 'heading': 'Stress Dog here', 'body': 'You can TAIL me about all your problems', 'db_update': 'y', 'image': 'gracie_sweater.jpg'}
received status 200 value Message Sent


Sending notification 1 for mash
{'user_id': 'mash', 'player_id': '8513e444-93fd-4d7b-8d84-772d644e11b1', 'heading': 'Stress Dog here', 'body': 'You can TAIL me about all your problems', 'db_update': 'y', 'image': 'gracie_smile.jpg'}
received status 200 value Message Sent


Sending notification 1 for susan
{'user_id': 'susan', 'player_id': '55a70f11-f96f-48d9-9c80-ec5570338748', 'heading': 'Stress Dog here', 'body': 'You can TAIL me about all your problems', 'db_update': 'y', 'image': 'gracie_boots.jpg'}
received status 200 value Message Sent


Sending notification 1 for sarah
{'user_id': 'sarah', 'player_id': 'dc4d06b2-8990-4a0a-958c-487f109f6163', 'heading': 'Stress Dog here', 'body': 'You can TAIL me about all your problems', 'db_update': 'y', 'image': 'gracie_strawberry.jpg'}
received status 200 value Message Sent


Sending notification 1 for nathan
{'user_id': 'nathan', 'player_id': '0848817e-a7fd-48cf-bc5d-e864772b6d94', 'heading': 'Stress Dog here', 'body': 'You can TAIL me about all your problems', 'db_update': 'y', 'image': 'gracie_guilty.jpg'}
received status 200 value Message Sent





25/07/2021 16:00:05
create a list of active users and oneSignalID
Executing logic 0
eurashin: > 2 --- 4 RES True
mash: > 2 --- 2 RES False
susan: > 2 --- 0 RES False
nathan: > 2 --- 0 RES False
finale: > 2 --- 2 RES False
sarah: > 2 --- 2 RES False
['eurashin']
Sending notification 0 for eurashin
{'user_id': 'eurashin', 'player_id': '34b8d11d-ff86-4feb-bbe7-ff5fe11c964f', 'heading': 'Stress Cat here', 'body': 'Tell MEOW about your problems', 'db_update': 'y ', 'image': 'cat_portrait.png'}
received status 200 value Message Sent





Executing logic 1
eurashin: <= 2 --- 4 RES False
mash: <= 2 --- 2 RES True
susan: <= 2 --- 0 RES True
nathan: <= 2 --- 0 RES True
finale: <= 2 --- 2 RES True
sarah: <= 2 --- 2 RES True
['mash', 'susan', 'nathan', 'finale', 'sarah']
Sending notification 1 for mash
{'user_id': 'mash', 'player_id': '8513e444-93fd-4d7b-8d84-772d644e11b1', 'heading': 'Stress Dog here', 'body': 'You can TAIL me about all your problems', 'db_update': 'y', 'image': 'gracie_sweater.jpg'}
received status 200 value Message Sent


Sending notification 1 for susan
{'user_id': 'susan', 'player_id': '55a70f11-f96f-48d9-9c80-ec5570338748', 'heading': 'Stress Dog here', 'body': 'You can TAIL me about all your problems', 'db_update': 'y', 'image': 'gracie_baby.jpg'}
received status 200 value Message Sent


Sending notification 1 for nathan
{'user_id': 'nathan', 'player_id': '0848817e-a7fd-48cf-bc5d-e864772b6d94', 'heading': 'Stress Dog here', 'body': 'You can TAIL me about all your problems', 'db_update': 'y', 'image': 'gracie_smile.jpg'}
received status 200 value Message Sent


Sending notification 1 for finale
{'user_id': 'finale', 'player_id': '5fb79d47-59c7-4ab2-90e7-17a8aacb20a2', 'heading': 'Stress Dog here', 'body': 'You can TAIL me about all your problems', 'db_update': 'y', 'image': 'gracie_guilty.jpg'}
received status 200 value Message Sent


Sending notification 1 for sarah
{'user_id': 'sarah', 'player_id': 'dc4d06b2-8990-4a0a-958c-487f109f6163', 'heading': 'Stress Dog here', 'body': 'You can TAIL me about all your problems', 'db_update': 'y', 'image': 'gracie_guilty.jpg'}
received status 200 value Message Sent





26/07/2021 16:00:04
create a list of active users and oneSignalID
Executing logic 0
eurashin: > 2 --- 4 RES True
mash: > 2 --- 2 RES False
finale: > 2 --- 2 RES False
nathan: > 2 --- 4 RES True
susan: > 2 --- 2 RES False
sarah: > 2 --- 2 RES False
['eurashin', 'nathan']
Sending notification 0 for eurashin
{'user_id': 'eurashin', 'player_id': '34b8d11d-ff86-4feb-bbe7-ff5fe11c964f', 'heading': 'Stress Cat here', 'body': 'Tell MEOW about your problems', 'db_update': 'y ', 'image': 'cat_stretch.png'}
received status 200 value Message Sent


Sending notification 0 for nathan
{'user_id': 'nathan', 'player_id': '0848817e-a7fd-48cf-bc5d-e864772b6d94', 'heading': 'Stress Cat here', 'body': 'Tell MEOW about your problems', 'db_update': 'y ', 'image': 'cat_shirt.png'}
received status 200 value Message Sent





Executing logic 1
eurashin: <= 2 --- 4 RES False
mash: <= 2 --- 2 RES True
finale: <= 2 --- 2 RES True
nathan: <= 2 --- 4 RES False
susan: <= 2 --- 2 RES True
sarah: <= 2 --- 2 RES True
['mash', 'finale', 'susan', 'sarah']
Sending notification 1 for mash
{'user_id': 'mash', 'player_id': '8513e444-93fd-4d7b-8d84-772d644e11b1', 'heading': 'Stress Dog here', 'body': 'You can TAIL me about all your problems', 'db_update': 'y', 'image': 'gracie_baby.jpg'}
received status 200 value Message Sent


Sending notification 1 for finale
{'user_id': 'finale', 'player_id': '5fb79d47-59c7-4ab2-90e7-17a8aacb20a2', 'heading': 'Stress Dog here', 'body': 'You can TAIL me about all your problems', 'db_update': 'y', 'image': 'gracie_wild.jpg'}
received status 200 value Message Sent


Sending notification 1 for susan
{'user_id': 'susan', 'player_id': '55a70f11-f96f-48d9-9c80-ec5570338748', 'heading': 'Stress Dog here', 'body': 'You can TAIL me about all your problems', 'db_update': 'y', 'image': 'gracie_guilty.jpg'}
received status 200 value Message Sent


Sending notification 1 for sarah
{'user_id': 'sarah', 'player_id': 'dc4d06b2-8990-4a0a-958c-487f109f6163', 'heading': 'Stress Dog here', 'body': 'You can TAIL me about all your problems', 'db_update': 'y', 'image': 'gracie_baby.jpg'}
received status 200 value Message Sent





27/07/2021 16:00:05
create a list of active users and oneSignalID
Executing logic 0
eurashin: > 2 --- 4 RES True
mash: > 2 --- 2 RES False
finale: > 2 --- 2 RES False
nathan: > 2 --- 4 RES True
sarah: > 2 --- 2 RES False
susan: > 2 --- 0 RES False
['eurashin', 'nathan']
Sending notification 0 for eurashin
{'user_id': 'eurashin', 'player_id': '34b8d11d-ff86-4feb-bbe7-ff5fe11c964f', 'heading': 'Stress Cat here', 'body': 'Tell MEOW about your problems', 'db_update': 'y ', 'image': 'cat_portrait.png'}
received status 200 value Message Sent


Sending notification 0 for nathan
{'user_id': 'nathan', 'player_id': '0848817e-a7fd-48cf-bc5d-e864772b6d94', 'heading': 'Stress Cat here', 'body': 'Tell MEOW about your problems', 'db_update': 'y ', 'image': 'cat_donut.png'}
received status 200 value Message Sent





Executing logic 1
eurashin: <= 2 --- 4 RES False
mash: <= 2 --- 2 RES True
finale: <= 2 --- 2 RES True
nathan: <= 2 --- 4 RES False
sarah: <= 2 --- 2 RES True
susan: <= 2 --- 0 RES True
['mash', 'finale', 'sarah', 'susan']
Sending notification 1 for mash
{'user_id': 'mash', 'player_id': '8513e444-93fd-4d7b-8d84-772d644e11b1', 'heading': 'Stress Dog here', 'body': 'You can TAIL me about all your problems', 'db_update': 'y', 'image': 'gracie_sweater.jpg'}
received status 200 value Message Sent


Sending notification 1 for finale
{'user_id': 'finale', 'player_id': '5fb79d47-59c7-4ab2-90e7-17a8aacb20a2', 'heading': 'Stress Dog here', 'body': 'You can TAIL me about all your problems', 'db_update': 'y', 'image': 'gracie_strawberry.jpg'}
received status 200 value Message Sent


Sending notification 1 for sarah
{'user_id': 'sarah', 'player_id': 'dc4d06b2-8990-4a0a-958c-487f109f6163', 'heading': 'Stress Dog here', 'body': 'You can TAIL me about all your problems', 'db_update': 'y', 'image': 'gracie_piggy.jpg'}
received status 200 value Message Sent


Sending notification 1 for susan
{'user_id': 'susan', 'player_id': '55a70f11-f96f-48d9-9c80-ec5570338748', 'heading': 'Stress Dog here', 'body': 'You can TAIL me about all your problems', 'db_update': 'y', 'image': 'gracie_boots.jpg'}
received status 200 value Message Sent





28/07/2021 16:00:05
create a list of active users and oneSignalID
Executing logic 0
eurashin: > 2 --- 4 RES True
mash: > 2 --- 2 RES False
finale: > 2 --- 2 RES False
susan: > 2 --- 0 RES False
sarah: > 2 --- 2 RES False
nathan: > 2 --- 4 RES True
['eurashin', 'nathan']
Sending notification 0 for eurashin
{'user_id': 'eurashin', 'player_id': '34b8d11d-ff86-4feb-bbe7-ff5fe11c964f', 'heading': 'Stress Cat here', 'body': 'Tell MEOW about your problems', 'db_update': 'y ', 'image': 'cat_cuddle.png'}
received status 200 value Message Sent


Sending notification 0 for nathan
{'user_id': 'nathan', 'player_id': '0848817e-a7fd-48cf-bc5d-e864772b6d94', 'heading': 'Stress Cat here', 'body': 'Tell MEOW about your problems', 'db_update': 'y ', 'image': 'cat_cuddle.png'}
received status 200 value Message Sent





Executing logic 1
eurashin: <= 2 --- 4 RES False
mash: <= 2 --- 2 RES True
finale: <= 2 --- 2 RES True
susan: <= 2 --- 0 RES True
sarah: <= 2 --- 2 RES True
nathan: <= 2 --- 4 RES False
['mash', 'finale', 'susan', 'sarah']
Sending notification 1 for mash
{'user_id': 'mash', 'player_id': '8513e444-93fd-4d7b-8d84-772d644e11b1', 'heading': 'Stress Dog here', 'body': 'You can TAIL me about all your problems', 'db_update': 'y', 'image': 'gracie_sweater.jpg'}
received status 200 value Message Sent


Sending notification 1 for finale
{'user_id': 'finale', 'player_id': '5fb79d47-59c7-4ab2-90e7-17a8aacb20a2', 'heading': 'Stress Dog here', 'body': 'You can TAIL me about all your problems', 'db_update': 'y', 'image': 'gracie_smile.jpg'}
received status 200 value Message Sent


Sending notification 1 for susan
{'user_id': 'susan', 'player_id': '55a70f11-f96f-48d9-9c80-ec5570338748', 'heading': 'Stress Dog here', 'body': 'You can TAIL me about all your problems', 'db_update': 'y', 'image': 'gracie_strawberry.jpg'}
received status 200 value Message Sent


Sending notification 1 for sarah
{'user_id': 'sarah', 'player_id': 'dc4d06b2-8990-4a0a-958c-487f109f6163', 'heading': 'Stress Dog here', 'body': 'You can TAIL me about all your problems', 'db_update': 'y', 'image': 'gracie_guilty.jpg'}
received status 200 value Message Sent





29/07/2021 16:00:04
create a list of active users and oneSignalID
Executing logic 0
eurashin: > 2 --- 4 RES True
mash: > 2 --- 2 RES False
finale: > 2 --- 2 RES False
susan: > 2 --- 4 RES True
nathan: > 2 --- 4 RES True
sarah: > 2 --- 3 RES True
['eurashin', 'susan', 'nathan', 'sarah']
Sending notification 0 for eurashin
{'user_id': 'eurashin', 'player_id': '34b8d11d-ff86-4feb-bbe7-ff5fe11c964f', 'heading': 'Stress Cat here', 'body': 'Tell MEOW about your problems', 'db_update': 'y ', 'image': 'cat_cuddle.png'}
received status 200 value Message Sent


Sending notification 0 for susan
{'user_id': 'susan', 'player_id': '55a70f11-f96f-48d9-9c80-ec5570338748', 'heading': 'Stress Cat here', 'body': 'Tell MEOW about your problems', 'db_update': 'y ', 'image': 'cat_outside.png'}
received status 200 value Message Sent


Sending notification 0 for nathan
{'user_id': 'nathan', 'player_id': '0848817e-a7fd-48cf-bc5d-e864772b6d94', 'heading': 'Stress Cat here', 'body': 'Tell MEOW about your problems', 'db_update': 'y ', 'image': 'cat_outside.png'}
received status 200 value Message Sent


Sending notification 0 for sarah
{'user_id': 'sarah', 'player_id': 'dc4d06b2-8990-4a0a-958c-487f109f6163', 'heading': 'Stress Cat here', 'body': 'Tell MEOW about your problems', 'db_update': 'y ', 'image': 'cat_donut.png'}
received status 200 value Message Sent





Executing logic 1
eurashin: <= 2 --- 4 RES False
mash: <= 2 --- 2 RES True
finale: <= 2 --- 2 RES True
susan: <= 2 --- 4 RES False
nathan: <= 2 --- 4 RES False
sarah: <= 2 --- 3 RES False
['mash', 'finale']
Sending notification 1 for mash
{'user_id': 'mash', 'player_id': '8513e444-93fd-4d7b-8d84-772d644e11b1', 'heading': 'Stress Dog here', 'body': 'You can TAIL me about all your problems', 'db_update': 'y', 'image': 'gracie_boots.jpg'}
received status 200 value Message Sent


Sending notification 1 for finale
{'user_id': 'finale', 'player_id': '5fb79d47-59c7-4ab2-90e7-17a8aacb20a2', 'heading': 'Stress Dog here', 'body': 'You can TAIL me about all your problems', 'db_update': 'y', 'image': 'gracie_boots.jpg'}
received status 200 value Message Sent





30/07/2021 16:00:04
create a list of active users and oneSignalID
Executing logic 0
eurashin: > 2 --- 4 RES True
mash: > 2 --- 2 RES False
finale: > 2 --- 2 RES False
nathan: > 2 --- 4 RES True
susan: > 2 --- 4 RES True
sarah: > 2 --- 3 RES True
['eurashin', 'nathan', 'susan', 'sarah']
Sending notification 0 for eurashin
{'user_id': 'eurashin', 'player_id': '34b8d11d-ff86-4feb-bbe7-ff5fe11c964f', 'heading': 'Stress Cat here', 'body': 'Tell MEOW about your problems', 'db_update': 'y ', 'image': 'cat_cuddle.png'}
received status 200 value Message Sent


Sending notification 0 for nathan
{'user_id': 'nathan', 'player_id': '0848817e-a7fd-48cf-bc5d-e864772b6d94', 'heading': 'Stress Cat here', 'body': 'Tell MEOW about your problems', 'db_update': 'y ', 'image': 'cat_portrait.png'}
received status 200 value Message Sent


Sending notification 0 for susan
{'user_id': 'susan', 'player_id': '55a70f11-f96f-48d9-9c80-ec5570338748', 'heading': 'Stress Cat here', 'body': 'Tell MEOW about your problems', 'db_update': 'y ', 'image': 'cat_shirt.png'}
received status 200 value Message Sent


Sending notification 0 for sarah
{'user_id': 'sarah', 'player_id': 'dc4d06b2-8990-4a0a-958c-487f109f6163', 'heading': 'Stress Cat here', 'body': 'Tell MEOW about your problems', 'db_update': 'y ', 'image': 'cat_bags.png'}
received status 200 value Message Sent





Executing logic 1
eurashin: <= 2 --- 4 RES False
mash: <= 2 --- 2 RES True
finale: <= 2 --- 2 RES True
nathan: <= 2 --- 4 RES False
susan: <= 2 --- 4 RES False
sarah: <= 2 --- 3 RES False
['mash', 'finale']
Sending notification 1 for mash
{'user_id': 'mash', 'player_id': '8513e444-93fd-4d7b-8d84-772d644e11b1', 'heading': 'Stress Dog here', 'body': 'You can TAIL me about all your problems', 'db_update': 'y', 'image': 'gracie_baby.jpg'}
received status 200 value Message Sent


Sending notification 1 for finale
{'user_id': 'finale', 'player_id': '5fb79d47-59c7-4ab2-90e7-17a8aacb20a2', 'heading': 'Stress Dog here', 'body': 'You can TAIL me about all your problems', 'db_update': 'y', 'image': 'gracie_guilty.jpg'}
received status 200 value Message Sent





31/07/2021 16:00:05
create a list of active users and oneSignalID
Executing logic 0
eurashin: > 2 --- 4 RES True
mash: > 2 --- 2 RES False
finale: > 2 --- 2 RES False
nathan: > 2 --- 4 RES True
susan: > 2 --- 2 RES False
sarah: > 2 --- 1 RES False
['eurashin', 'nathan']
Sending notification 0 for eurashin
{'user_id': 'eurashin', 'player_id': '34b8d11d-ff86-4feb-bbe7-ff5fe11c964f', 'heading': 'Stress Cat here', 'body': 'Tell MEOW about your problems', 'db_update': 'y ', 'image': 'cat_donut.png'}
received status 200 value Message Sent


Sending notification 0 for nathan
{'user_id': 'nathan', 'player_id': '0848817e-a7fd-48cf-bc5d-e864772b6d94', 'heading': 'Stress Cat here', 'body': 'Tell MEOW about your problems', 'db_update': 'y ', 'image': 'cat_shirt.png'}
received status 200 value Message Sent





Executing logic 1
eurashin: <= 2 --- 4 RES False
mash: <= 2 --- 2 RES True
finale: <= 2 --- 2 RES True
nathan: <= 2 --- 4 RES False
susan: <= 2 --- 2 RES True
sarah: <= 2 --- 1 RES True
['mash', 'finale', 'susan', 'sarah']
Sending notification 1 for mash
{'user_id': 'mash', 'player_id': '8513e444-93fd-4d7b-8d84-772d644e11b1', 'heading': 'Stress Dog here', 'body': 'You can TAIL me about all your problems', 'db_update': 'y', 'image': 'gracie_sweater.jpg'}
received status 200 value Message Sent


Sending notification 1 for finale
{'user_id': 'finale', 'player_id': '5fb79d47-59c7-4ab2-90e7-17a8aacb20a2', 'heading': 'Stress Dog here', 'body': 'You can TAIL me about all your problems', 'db_update': 'y', 'image': 'gracie_boots.jpg'}
received status 200 value Message Sent


Sending notification 1 for susan
{'user_id': 'susan', 'player_id': '55a70f11-f96f-48d9-9c80-ec5570338748', 'heading': 'Stress Dog here', 'body': 'You can TAIL me about all your problems', 'db_update': 'y', 'image': 'gracie_wild.jpg'}
received status 200 value Message Sent


Sending notification 1 for sarah
{'user_id': 'sarah', 'player_id': 'dc4d06b2-8990-4a0a-958c-487f109f6163', 'heading': 'Stress Dog here', 'body': 'You can TAIL me about all your problems', 'db_update': 'y', 'image': 'gracie_baby.jpg'}
received status 200 value Message Sent





01/08/2021 16:00:05
create a list of active users and oneSignalID
Executing logic 0
eurashin: > 2 --- 4 RES True
mash: > 2 --- 2 RES False
finale: > 2 --- 2 RES False
nathan: > 2 --- 4 RES True
sarah: > 2 --- 1 RES False
susan: > 2 --- 0 RES False
['eurashin', 'nathan']
Sending notification 0 for eurashin
{'user_id': 'eurashin', 'player_id': '34b8d11d-ff86-4feb-bbe7-ff5fe11c964f', 'heading': 'Stress Cat here', 'body': 'Tell MEOW about your problems', 'db_update': 'y ', 'image': 'cat_outside.png'}
received status 200 value Message Sent


Sending notification 0 for nathan
{'user_id': 'nathan', 'player_id': '0848817e-a7fd-48cf-bc5d-e864772b6d94', 'heading': 'Stress Cat here', 'body': 'Tell MEOW about your problems', 'db_update': 'y ', 'image': 'cat_stretch.png'}
received status 200 value Message Sent





Executing logic 1
eurashin: <= 2 --- 4 RES False
mash: <= 2 --- 2 RES True
finale: <= 2 --- 2 RES True
nathan: <= 2 --- 4 RES False
sarah: <= 2 --- 1 RES True
susan: <= 2 --- 0 RES True
['mash', 'finale', 'sarah', 'susan']
Sending notification 1 for mash
{'user_id': 'mash', 'player_id': '8513e444-93fd-4d7b-8d84-772d644e11b1', 'heading': 'Stress Dog here', 'body': 'You can TAIL me about all your problems', 'db_update': 'y', 'image': 'gracie_guilty.jpg'}
received status 200 value Message Sent


Sending notification 1 for finale
{'user_id': 'finale', 'player_id': '5fb79d47-59c7-4ab2-90e7-17a8aacb20a2', 'heading': 'Stress Dog here', 'body': 'You can TAIL me about all your problems', 'db_update': 'y', 'image': 'gracie_guilty.jpg'}
received status 200 value Message Sent


Sending notification 1 for sarah
{'user_id': 'sarah', 'player_id': 'dc4d06b2-8990-4a0a-958c-487f109f6163', 'heading': 'Stress Dog here', 'body': 'You can TAIL me about all your problems', 'db_update': 'y', 'image': 'gracie_sweater.jpg'}
received status 200 value Message Sent


Sending notification 1 for susan
{'user_id': 'susan', 'player_id': '55a70f11-f96f-48d9-9c80-ec5570338748', 'heading': 'Stress Dog here', 'body': 'You can TAIL me about all your problems', 'db_update': 'y', 'image': 'gracie_guilty.jpg'}
received status 200 value Message Sent





02/08/2021 16:00:05
create a list of active users and oneSignalID
Executing logic 0
eurashin: > 2 --- 4 RES True
mash: > 2 --- 2 RES False
finale: > 2 --- 2 RES False
nathan: > 2 --- 4 RES True
susan: > 2 --- 4 RES True
sarah: > 2 --- 1 RES False
['eurashin', 'nathan', 'susan']
Sending notification 0 for eurashin
{'user_id': 'eurashin', 'player_id': '34b8d11d-ff86-4feb-bbe7-ff5fe11c964f', 'heading': 'Stress Cat here', 'body': 'Tell MEOW about your problems', 'db_update': 'y ', 'image': 'cat_stretch.png'}
received status 200 value Message Sent


Sending notification 0 for nathan
{'user_id': 'nathan', 'player_id': '0848817e-a7fd-48cf-bc5d-e864772b6d94', 'heading': 'Stress Cat here', 'body': 'Tell MEOW about your problems', 'db_update': 'y ', 'image': 'cat_bags.png'}
received status 200 value Message Sent


Sending notification 0 for susan
{'user_id': 'susan', 'player_id': '55a70f11-f96f-48d9-9c80-ec5570338748', 'heading': 'Stress Cat here', 'body': 'Tell MEOW about your problems', 'db_update': 'y ', 'image': 'cat_stretch.png'}
received status 200 value Message Sent





Executing logic 1
eurashin: <= 2 --- 4 RES False
mash: <= 2 --- 2 RES True
finale: <= 2 --- 2 RES True
nathan: <= 2 --- 4 RES False
susan: <= 2 --- 4 RES False
sarah: <= 2 --- 1 RES True
['mash', 'finale', 'sarah']
Sending notification 1 for mash
{'user_id': 'mash', 'player_id': '8513e444-93fd-4d7b-8d84-772d644e11b1', 'heading': 'Stress Dog here', 'body': 'You can TAIL me about all your problems', 'db_update': 'y', 'image': 'gracie_sweater.jpg'}
received status 200 value Message Sent


Sending notification 1 for finale
{'user_id': 'finale', 'player_id': '5fb79d47-59c7-4ab2-90e7-17a8aacb20a2', 'heading': 'Stress Dog here', 'body': 'You can TAIL me about all your problems', 'db_update': 'y', 'image': 'gracie_smile.jpg'}
received status 200 value Message Sent


Sending notification 1 for sarah
{'user_id': 'sarah', 'player_id': 'dc4d06b2-8990-4a0a-958c-487f109f6163', 'heading': 'Stress Dog here', 'body': 'You can TAIL me about all your problems', 'db_update': 'y', 'image': 'gracie_sweater.jpg'}
received status 200 value Message Sent





04/08/2021 16:00:05
create a list of active users and oneSignalID
Executing logic 0
eurashin: > 2 --- 4 RES True
mash: > 2 --- 2 RES False
finale: > 2 --- 2 RES False
nathan: > 2 --- 4 RES True
susan: > 2 --- 4 RES True
sarah: > 2 --- 1 RES False
['eurashin', 'nathan', 'susan']
Sending notification 0 for eurashin
{'user_id': 'eurashin', 'player_id': '34b8d11d-ff86-4feb-bbe7-ff5fe11c964f', 'heading': 'Stress Cat here', 'body': 'Tell MEOW about your problems', 'db_update': 'y ', 'image': 'cat_shirt.png'}
received status 200 value Message Sent


Sending notification 0 for nathan
{'user_id': 'nathan', 'player_id': '0848817e-a7fd-48cf-bc5d-e864772b6d94', 'heading': 'Stress Cat here', 'body': 'Tell MEOW about your problems', 'db_update': 'y ', 'image': 'cat_cuddle.png'}
received status 200 value Message Sent


S03/08/2021 16:00:06
create a list of active users and oneSignalID
Executing logic 0
eurashin: > 2 --- 4 RES True
mash: > 2 --- 2 RES False
finale: > 2 --- 2 RES False
nathan: > 2 --- 4 RES True
susan: > 2 --- 4 RES True
sarah: > 2 --- 1 RES False
['eurashin', 'nathan', 'susan']
Sending notification 0 for eurashin
{'user_id': 'eurashin', 'player_id': '34b8d11d-ff86-4feb-bbe7-ff5fe11c964f', 'heading': 'Stress Cat here', 'body': 'Tell MEOW about your problems', 'db_update': 'y ', 'image': 'cat_cuddle.png'}
received status 200 value Message Sent


Sending notification 0 for nathan
{'user_id': 'nathan', 'player_id': '0848817e-a7fd-48cf-bc5d-e864772b6d94', 'heading': 'Stress Cat here', 'body': 'Tell MEOW about your problems', 'db_update': 'y ', 'image': 'cat_portrait.png'}
received status 200 value Message Sent


Sending notification 0 for susan
{'user_id': 'susan', 'player_id': '55a70f11-f96f-48d9-9c80-ec5570338748', 'heading': 'Stress Cat here', 'body': 'Tell MEOW about your problems', 'db_update': 'y ', 'image': 'cat_stretch.png'}
received status 200 value Message Sent





Executing logic 1
eurashin: <= 2 --- 4 RES False
mash: <= 2 --- 2 RES True
finale: <= 2 --- 2 RES True
nathan: <= 2 --- 4 RES False
susan: <= 2 --- 4 RES False
sarah: <= 2 --- 1 RES True
['mash', 'finale', 'sarah']
Sending notification 1 for mash
{'user_id': 'mash', 'player_id': '8513e444-93fd-4d7b-8d84-772d644e11b1', 'heading': 'Stress Dog here', 'body': 'You can TAIL me about all your problems', 'db_update': 'y', 'image': 'gracie_boots.jpg'}
received status 200 value Message Sent


Sending notification 1 for finale
{'user_id': 'finale', 'player_id': '5fb79d47-59c7-4ab2-90e7-17a8aacb20a2', 'heading': 'Stress Dog here', 'body': 'You can TAIL me about all your problems', 'db_update': 'y', 'image': 'gracie_piggy.jpg'}
received status 200 value Message Sent


Sending notification 1 for sarah
{'user_id': 'sarah', 'player_id': 'dc4d06b2-8990-4a0a-958c-487f109f6163', 'heading': 'Stress Dog here', 'body': 'You can TAIL me about all your problems', 'db_update': 'y', 'image': 'gracie_boots.jpg'}
received status 200 value Message Sent





06/08/2021 16:00:07
create a list of active users and oneSignalID
Executing logic 0
mash: > 2 --- 2 RES False
finale: > 2 --- 2 RES False
susan: > 2 --- 4 RES True
eurashin: > 2 --- 4 RES True
nathan: > 2 --- 4 RES True
sarah: > 2 --- 1 RES False
['susan', 'eurashin', 'nathan']
Sending notification 0 for susan
{'user_id': 'susan', 'player_id': '55a70f11-f96f-48d9-9c80-ec5570338748', 'heading': 'Stress Cat here', 'body': 'Tell MEOW about your problems', 'db_update': 'y ', 'image': 'cat_portrait.png'}
received status 200 value Message Sent


Sending notification 0 for eurashin
{'user_id': 'eurashin', 'player_id': '34b8d11d-ff86-4feb-bbe7-ff5fe11c964f', 'heading': 'Stress Cat here', 'body': 'Tell MEOW about your problems', 'db_update': 'y ', 'image': 'cat_donut.png'}
received status 200 value Message Sent


Sending notification 0 for nathan
{'user_id': 'nathan', 'player_id': '0848817e-a7fd-48cf-bc5d-e864772b6d94', 'heading': 'Stress Cat here', 'body': 'Tell MEOW about your problems', 'db_update': 'y ', 'image': 'cat_portrait.png'}
received status 200 value Message Sent





Executing logic 1
mash: <= 2 --- 2 RES True
finale: <= 2 --- 2 RES True
susan: <= 2 --- 4 RES False
eurashin: <= 2 --- 4 RES False
nathan: <= 2 --- 4 RES False
sarah: <= 2 --- 1 RES True
['mash', 'finale', 'sarah']
Sending notification 1 for mash
{'user_id': 'mash', 'player_id': '8513e444-93fd-4d7b-8d84-772d644e11b1', 'heading': 'Stress Dog here', 'body': 'You can TAIL me about all your problems', 'db_update': 'y', 'image': 'gracie_smile.jpg'}
received status 200 value Message Sent


Sending notification 1 for finale
{'user_id': 'finale', 'player_id': '5fb79d47-59c7-4ab2-90e7-17a8aacb20a2', 'heading': 'Stress Dog here', 'body': 'You can TAIL me about all your problems', 'db_update': 'y', 'image': 'gracie_strawberry.jpg'}
received status 200 value Message Sent


Sending notification 1 for sarah
{'user_id': 'sarah', 'player_id': 'dc4d06b2-8990-4a0a-958c-487f109f6163', 'heading': 'Stress Dog here', 'body': 'You can TAIL me about all your problems', 'db_update': 'y', 'image': 'gracie_baby.jpg'}
received status 200 value Message Sent





07/08/2021 16:00:05
create a list of active users and oneSignalID
Executing logic 0
mash: > 2 --- 2 RES False
finale: > 2 --- 2 RES False
susan: > 2 --- 4 RES True
eurashin: > 2 --- 4 RES True
nathan: > 2 --- 4 RES True
sarah: > 2 --- 1 RES False
['susan', 'eurashin', 'nathan']
Sending notification 0 for susan
{'user_id': 'susan', 'player_id': '55a70f11-f96f-48d9-9c80-ec5570338748', 'heading': 'Stress Cat here', 'body': 'Tell MEOW about your problems', 'db_update': 'y ', 'image': 'cat_outside.png'}
received status 200 value Message Sent


Sending notification 0 for eurashin
{'user_id': 'eurashin', 'player_id': '34b8d11d-ff86-4feb-bbe7-ff5fe11c964f', 'heading': 'Stress Cat here', 'body': 'Tell MEOW about your problems', 'db_update': 'y ', 'image': 'cat_donut.png'}
received status 200 value Message Sent


Sending notification 0 for nathan
{'user_id': 'nathan', 'player_id': '0848817e-a7fd-48cf-bc5d-e864772b6d94', 'heading': 'Stress Cat here', 'body': 'Tell MEOW about your problems', 'db_update': 'y ', 'image': 'cat_bags.png'}
received status 200 value Message Sent





Executing logic 1
mash: <= 2 --- 2 RES True
finale: <= 2 --- 2 RES True
susan: <= 2 --- 4 RES False
eurashin: <= 2 --- 4 RES False
nathan: <= 2 --- 4 RES False
sarah: <= 2 --- 1 RES True
['mash', 'finale', 'sarah']
Sending notification 1 for mash
{'user_id': 'mash', 'player_id': '8513e444-93fd-4d7b-8d84-772d644e11b1', 'heading': 'Stress Dog here', 'body': 'You can TAIL me about all your problems', 'db_update': 'y', 'image': 'gracie_baby.jpg'}
received status 200 value Message Sent


Sending notification 1 for finale
{'user_id': 'finale', 'player_id': '5fb79d47-59c7-4ab2-90e7-17a8aacb20a2', 'heading': 'Stress Dog here', 'body': 'You can TAIL me about all your problems', 'db_update': 'y', 'image': 'gracie_baby.jpg'}
received status 200 value Message Sent


Sending notification 1 for sarah
{'user_id': 'sarah', 'player_id': 'dc4d06b2-8990-4a0a-958c-487f109f6163', 'heading': 'Stress Dog here', 'body': 'You can TAIL me about all your problems', 'db_update': 'y', 'image': 'gracie_boots.jpg'}
received status 200 value Message Sent





08/08/2021 16:00:04
create a list of active users and oneSignalID
Executing logic 0
mash: > 2 --- 2 RES False
finale: > 2 --- 2 RES False
susan: > 2 --- 4 RES True
eurashin: > 2 --- 4 RES True
nathan: > 2 --- 4 RES True
sarah: > 2 --- 1 RES False
['susan', 'eurashin', 'nathan']
Sending notification 0 for susan
{'user_id': 'susan', 'player_id': '55a70f11-f96f-48d9-9c80-ec5570338748', 'heading': 'Stress Cat here', 'body': 'Tell MEOW about your problems', 'db_update': 'y ', 'image': 'cat_stretch.png'}
received status 200 value Message Sent


Sending notification 0 for eurashin
{'user_id': 'eurashin', 'player_id': '34b8d11d-ff86-4feb-bbe7-ff5fe11c964f', 'heading': 'Stress Cat here', 'body': 'Tell MEOW about your problems', 'db_update': 'y ', 'image': 'cat_bags.png'}
received status 200 value Message Sent


Sending notification 0 for nathan
{'user_id': 'nathan', 'player_id': '0848817e-a7fd-48cf-bc5d-e864772b6d94', 'heading': 'Stress Cat here', 'body': 'Tell MEOW about your problems', 'db_update': 'y ', 'image': 'cat_shirt.png'}
received status 200 value Message Sent





Executing logic 1
mash: <= 2 --- 2 RES True
finale: <= 2 --- 2 RES True
susan: <= 2 --- 4 RES False
eurashin: <= 2 --- 4 RES False
nathan: <= 2 --- 4 RES False
sarah: <= 2 --- 1 RES True
['mash', 'finale', 'sarah']
Sending notification 1 for mash
{'user_id': 'mash', 'player_id': '8513e444-93fd-4d7b-8d84-772d644e11b1', 'heading': 'Stress Dog here', 'body': 'You can TAIL me about all your problems', 'db_update': 'y', 'image': 'gracie_baby.jpg'}
received status 200 value Message Sent


Sending notification 1 for finale
{'user_id': 'finale', 'player_id': '5fb79d47-59c7-4ab2-90e7-17a8aacb20a2', 'heading': 'Stress Dog here', 'body': 'You can TAIL me about all your problems', 'db_update': 'y', 'image': 'gracie_smile.jpg'}
received status 200 value Message Sent


Sending notification 1 for sarah
{'user_id': 'sarah', 'player_id': 'dc4d06b2-8990-4a0a-958c-487f109f6163', 'heading': 'Stress Dog here', 'body': 'You can TAIL me about all your problems', 'db_update': 'y', 'image': 'gracie_strawberry.jpg'}
received status 200 value Message Sent





09/08/2021 16:00:06
create a list of active users and oneSignalID
Executing logic 0
mash: > 2 --- 2 RES False
finale: > 2 --- 2 RES False
eurashin: > 2 --- 4 RES True
nathan: > 2 --- 4 RES True
susan: > 2 --- 2 RES False
sarah: > 2 --- 2 RES False
['eurashin', 'nathan']
Sending notification 0 for eurashin
{'user_id': 'eurashin', 'player_id': '34b8d11d-ff86-4feb-bbe7-ff5fe11c964f', 'heading': 'Stress Cat here', 'body': 'Tell MEOW about your problems', 'db_update': 'y ', 'image': 'cat_donut.png'}
received status 200 value Message Sent


Sending notification 0 for nathan
{'user_id': 'nathan', 'player_id': '0848817e-a7fd-48cf-bc5d-e864772b6d94', 'heading': 'Stress Cat here', 'body': 'Tell MEOW about your problems', 'db_update': 'y ', 'image': 'cat_donut.png'}
received status 200 value Message Sent





Executing logic 1
mash: <= 2 --- 2 RES True
finale: <= 2 --- 2 RES True
eurashin: <= 2 --- 4 RES False
nathan: <= 2 --- 4 RES False
susan: <= 2 --- 2 RES True
sarah: <= 2 --- 2 RES True
['mash', 'finale', 'susan', 'sarah']
Sending notification 1 for mash
{'user_id': 'mash', 'player_id': '8513e444-93fd-4d7b-8d84-772d644e11b1', 'heading': 'Stress Dog here', 'body': 'You can TAIL me about all your problems', 'db_update': 'y', 'image': 'gracie_sweater.jpg'}
received status 200 value Message Sent


Sending notification 1 for finale
{'user_id': 'finale', 'player_id': '5fb79d47-59c7-4ab2-90e7-17a8aacb20a2', 'heading': 'Stress Dog here', 'body': 'You can TAIL me about all your problems', 'db_update': 'y', 'image': 'gracie_baby.jpg'}
received status 200 value Message Sent


Sending notification 1 for susan
{'user_id': 'susan', 'player_id': '6c4608ce-41d6-4788-a31a-a216858d8cd6', 'heading': 'Stress Dog here', 'body': 'You can TAIL me about all your problems', 'db_update': 'y', 'image': 'gracie_piggy.jpg'}
received status 200 value Message Sent


Sending notification 1 for sarah
{'user_id': 'sarah', 'player_id': 'dc4d06b2-8990-4a0a-958c-487f109f6163', 'heading': 'Stress Dog here', 'body': 'You can TAIL me about all your problems', 'db_update': 'y', 'image': 'gracie_boots.jpg'}
received status 200 value Message Sent





10/08/2021 16:00:06
create a list of active users and oneSignalID
Executing logic 0
mash: > 2 --- 2 RES False
finale: > 2 --- 2 RES False
nathan: > 2 --- 4 RES True
susan: > 2 --- 0 RES False
eurashin: > 2 --- 4 RES True
sarah: > 2 --- 0 RES False
['nathan', 'eurashin']
Sending notification 0 for nathan
{'user_id': 'nathan', 'player_id': '0848817e-a7fd-48cf-bc5d-e864772b6d94', 'heading': 'Stress Cat here', 'body': 'Tell MEOW about your problems', 'db_update': 'y ', 'image': 'cat_cuddle.png'}
received status 200 value Message Sent


Sending notification 0 for eurashin
{'user_id': 'eurashin', 'player_id': '34b8d11d-ff86-4feb-bbe7-ff5fe11c964f', 'heading': 'Stress Cat here', 'body': 'Tell MEOW about your problems', 'db_update': 'y ', 'image': 'cat_donut.png'}
received status 200 value Message Sent





Executing logic 1
mash: <= 2 --- 2 RES True
finale: <= 2 --- 2 RES True
nathan: <= 2 --- 4 RES False
susan: <= 2 --- 0 RES True
eurashin: <= 2 --- 4 RES False
sarah: <= 2 --- 0 RES True
['mash', 'finale', 'susan', 'sarah']
Sending notification 1 for mash
{'user_id': 'mash', 'player_id': '8513e444-93fd-4d7b-8d84-772d644e11b1', 'heading': 'Stress Dog here', 'body': 'You can TAIL me about all your problems', 'db_update': 'y', 'image': 'gracie_baby.jpg'}
received status 200 value Message Sent


Sending notification 1 for finale
{'user_id': 'finale', 'player_id': '5fb79d47-59c7-4ab2-90e7-17a8aacb20a2', 'heading': 'Stress Dog here', 'body': 'You can TAIL me about all your problems', 'db_update': 'y', 'image': 'gracie_smile.jpg'}
received status 200 value Message Sent


Sending notification 1 for susan
{'user_id': 'susan', 'player_id': '6c4608ce-41d6-4788-a31a-a216858d8cd6', 'heading': 'Stress Dog here', 'body': 'You can TAIL me about all your problems', 'db_update': 'y', 'image': 'gracie_wild.jpg'}
received status 200 value Message Sent


Sending notification 1 for sarah
{'user_id': 'sarah', 'player_id': 'dc4d06b2-8990-4a0a-958c-487f109f6163', 'heading': 'Stress Dog here', 'body': 'You can TAIL me about all your problems', 'db_update': 'y', 'image': 'gracie_sweater.jpg'}
received status 200 value Message Sent





11/08/2021 16:00:03
create a list of active users and oneSignalID
Executing logic 0
mash: > 2 --- 2 RES False
finale: > 2 --- 2 RES False
nathan: > 2 --- 4 RES True
eurashin: > 2 --- 4 RES True
sarah: > 2 --- 0 RES False
susan: > 2 --- 0 RES False
['nathan', 'eurashin']
Sending notification 0 for nathan
{'user_id': 'nathan', 'player_id': '0848817e-a7fd-48cf-bc5d-e864772b6d94', 'heading': 'Stress Cat here', 'body': 'Tell MEOW about your problems', 'db_update': 'y ', 'image': 'cat_cuddle.png'}
received status 200 value Message Sent


Sending notification 0 for eurashin
{'user_id': 'eurashin', 'player_id': '34b8d11d-ff86-4feb-bbe7-ff5fe11c964f', 'heading': 'Stress Cat here', 'body': 'Tell MEOW about your problems', 'db_update': 'y ', 'image': 'cat_portrait.png'}
received status 200 value Message Sent





Executing logic 1
mash: <= 2 --- 2 RES True
finale: <= 2 --- 2 RES True
nathan: <= 2 --- 4 RES False
eurashin: <= 2 --- 4 RES False
sarah: <= 2 --- 0 RES True
susan: <= 2 --- 0 RES True
['mash', 'finale', 'sarah', 'susan']
Sending notification 1 for mash
{'user_id': 'mash', 'player_id': '8513e444-93fd-4d7b-8d84-772d644e11b1', 'heading': 'Stress Dog here', 'body': 'You can TAIL me about all your problems', 'db_update': 'y', 'image': 'gracie_strawberry.jpg'}
received status 200 value Message Sent


Sending notification 1 for finale
{'user_id': 'finale', 'player_id': '5fb79d47-59c7-4ab2-90e7-17a8aacb20a2', 'heading': 'Stress Dog here', 'body': 'You can TAIL me about all your problems', 'db_update': 'y', 'image': 'gracie_guilty.jpg'}
received status 200 value Message Sent


Sending notification 1 for sarah
{'user_id': 'sarah', 'player_id': 'dc4d06b2-8990-4a0a-958c-487f109f6163', 'heading': 'Stress Dog here', 'body': 'You can TAIL me about all your problems', 'db_update': 'y', 'image': 'gracie_sweater.jpg'}
received status 200 value Message Sent


Sending notification 1 for susan
{'user_id': 'susan', 'player_id': '6c4608ce-41d6-4788-a31a-a216858d8cd6', 'heading': 'Stress Dog here', 'body': 'You can TAIL me about all your problems', 'db_update': 'y', 'image': 'gracie_piggy.jpg'}
received status 200 value Message Sent





12/08/2021 16:00:04
create a list of active users and oneSignalID
Executing logic 0
mash: > 2 --- 2 RES False
finale: > 2 --- 2 RES False
nathan: > 2 --- 4 RES True
eurashin: > 2 --- 4 RES True
susan: > 2 --- 0 RES False
sarah: > 2 --- 0 RES False
['nathan', 'eurashin']
Sending notification 0 for nathan
{'user_id': 'nathan', 'player_id': '0848817e-a7fd-48cf-bc5d-e864772b6d94', 'heading': 'Stress Cat here', 'body': 'Tell MEOW about your problems', 'db_update': 'y ', 'image': 'cat_cuddle.png'}
received status 200 value Message Sent


Sending notification 0 for eurashin
{'user_id': 'eurashin', 'player_id': '34b8d11d-ff86-4feb-bbe7-ff5fe11c964f', 'heading': 'Stress Cat here', 'body': 'Tell MEOW about your problems', 'db_update': 'y ', 'image': 'cat_donut.png'}
received status 200 value Message Sent





Executing logic 1
mash: <= 2 --- 2 RES True
finale: <= 2 --- 2 RES True
nathan: <= 2 --- 4 RES False
eurashin: <= 2 --- 4 RES False
susan: <= 2 --- 0 RES True
sarah: <= 2 --- 0 RES True
['mash', 'finale', 'susan', 'sarah']
Sending notification 1 for mash
{'user_id': 'mash', 'player_id': '8513e444-93fd-4d7b-8d84-772d644e11b1', 'heading': 'Stress Dog here', 'body': 'You can TAIL me about all your problems', 'db_update': 'y', 'image': 'gracie_sweater.jpg'}
received status 200 value Message Sent


Sending notification 1 for finale
{'user_id': 'finale', 'player_id': '5fb79d47-59c7-4ab2-90e7-17a8aacb20a2', 'heading': 'Stress Dog here', 'body': 'You can TAIL me about all your problems', 'db_update': 'y', 'image': 'gracie_guilty.jpg'}
received status 200 value Message Sent


Sending notification 1 for susan
{'user_id': 'susan', 'player_id': '6c4608ce-41d6-4788-a31a-a216858d8cd6', 'heading': 'Stress Dog here', 'body': 'You can TAIL me about all your problems', 'db_update': 'y', 'image': 'gracie_wild.jpg'}
received status 200 value Message Sent


Sending notification 1 for sarah
{'user_id': 'sarah', 'player_id': 'dc4d06b2-8990-4a0a-958c-487f109f6163', 'heading': 'Stress Dog here', 'body': 'You can TAIL me about all your problems', 'db_update': 'y', 'image': 'gracie_strawberry.jpg'}
received status 200 value Message Sent





13/08/2021 16:00:09
create a list of active users and oneSignalID
Executing logic 0
mash: > 2 --- 2 RES False
finale: > 2 --- 2 RES False
nathan: > 2 --- 4 RES True
eurashin: > 2 --- 4 RES True
sarah: > 2 --- 4 RES True
susan: > 2 --- 1 RES False
['nathan', 'eurashin', 'sarah']
Sending notification 0 for nathan
{'user_id': 'nathan', 'player_id': '0848817e-a7fd-48cf-bc5d-e864772b6d94', 'heading': 'Stress Cat here', 'body': 'Tell MEOW about your problems', 'db_update': 'y ', 'image': 'cat_stretch.png'}
received status 200 value Message Sent


Sending notification 0 for eurashin
{'user_id': 'eurashin', 'player_id': '34b8d11d-ff86-4feb-bbe7-ff5fe11c964f', 'heading': 'Stress Cat here', 'body': 'Tell MEOW about your problems', 'db_update': 'y ', 'image': 'cat_donut.png'}
received status 200 value Message Sent


Sending notification 0 for sarah
{'user_id': 'sarah', 'player_id': 'dc4d06b2-8990-4a0a-958c-487f109f6163', 'heading': 'Stress Cat here', 'body': 'Tell MEOW about your problems', 'db_update': 'y ', 'image': 'cat_shirt.png'}
received status 200 value Message Sent





Executing logic 1
mash: <= 2 --- 2 RES True
finale: <= 2 --- 2 RES True
nathan: <= 2 --- 4 RES False
eurashin: <= 2 --- 4 RES False
sarah: <= 2 --- 4 RES False
susan: <= 2 --- 1 RES True
['mash', 'finale', 'susan']
Sending notification 1 for mash
{'user_id': 'mash', 'player_id': '8513e444-93fd-4d7b-8d84-772d644e11b1', 'heading': 'Stress Dog here', 'body': 'You can TAIL me about all your problems', 'db_update': 'y', 'image': 'gracie_smile.jpg'}
received status 200 value Message Sent


Sending notification 1 for finale
{'user_id': 'finale', 'player_id': '5fb79d47-59c7-4ab2-90e7-17a8aacb20a2', 'heading': 'Stress Dog here', 'body': 'You can TAIL me about all your problems', 'db_update': 'y', 'image': 'gracie_smile.jpg'}
received status 200 value Message Sent


Sending notification 1 for susan
{'user_id': 'susan', 'player_id': '6c4608ce-41d6-4788-a31a-a216858d8cd6', 'heading': 'Stress Dog here', 'body': 'You can TAIL me about all your problems', 'db_update': 'y', 'image': 'gracie_guilty.jpg'}
received status 200 value Message Sent





14/08/2021 16:00:08
create a list of active users and oneSignalID
Executing logic 0
mash: > 2 --- 2 RES False
finale: > 2 --- 2 RES False
nathan: > 2 --- 4 RES True
eurashin: > 2 --- 4 RES True
sarah: > 2 --- 4 RES True
susan: > 2 --- 0 RES False
['nathan', 'eurashin', 'sarah']
Sending notification 0 for nathan
{'user_id': 'nathan', 'player_id': '0848817e-a7fd-48cf-bc5d-e864772b6d94', 'heading': 'Stress Cat here', 'body': 'Tell MEOW about your problems', 'db_update': 'y ', 'image': 'cat_stretch.png'}
received status 200 value Message Sent


Sending notification 0 for eurashin
{'user_id': 'eurashin', 'player_id': '34b8d11d-ff86-4feb-bbe7-ff5fe11c964f', 'heading': 'Stress Cat here', 'body': 'Tell MEOW about your problems', 'db_update': 'y ', 'image': 'cat_portrait.png'}
received status 200 value Message Sent


Sending notification 0 for sarah
{'user_id': 'sarah', 'player_id': 'dc4d06b2-8990-4a0a-958c-487f109f6163', 'heading': 'Stress Cat here', 'body': 'Tell MEOW about your problems', 'db_update': 'y ', 'image': 'cat_shirt.png'}
received status 200 value Message Sent





Executing logic 1
mash: <= 2 --- 2 RES True
finale: <= 2 --- 2 RES True
nathan: <= 2 --- 4 RES False
eurashin: <= 2 --- 4 RES False
sarah: <= 2 --- 4 RES False
susan: <= 2 --- 0 RES True
['mash', 'finale', 'susan']
Sending notification 1 for mash
{'user_id': 'mash', 'player_id': '8513e444-93fd-4d7b-8d84-772d644e11b1', 'heading': 'Stress Dog here', 'body': 'You can TAIL me about all your problems', 'db_update': 'y', 'image': 'gracie_smile.jpg'}
received status 200 value Message Sent


Sending notification 1 for finale
{'user_id': 'finale', 'player_id': '5fb79d47-59c7-4ab2-90e7-17a8aacb20a2', 'heading': 'Stress Dog here', 'body': 'You can TAIL me about all your problems', 'db_update': 'y', 'image': 'gracie_piggy.jpg'}
received status 200 value Message Sent


Sending notification 1 for susan
{'user_id': 'susan', 'player_id': '6c4608ce-41d6-4788-a31a-a216858d8cd6', 'heading': 'Stress Dog here', 'body': 'You can TAIL me about all your problems', 'db_update': 'y', 'image': 'gracie_guilty.jpg'}
received status 200 value Message Sent





15/08/2021 16:00:04
create a list of active users and oneSignalID
Executing logic 0
mash: > 2 --- 2 RES False
finale: > 2 --- 2 RES False
nathan: > 2 --- 4 RES True
eurashin: > 2 --- 4 RES True
sarah: > 2 --- 4 RES True
susan: > 2 --- 1 RES False
['nathan', 'eurashin', 'sarah']
Sending notification 0 for nathan
{'user_id': 'nathan', 'player_id': '0848817e-a7fd-48cf-bc5d-e864772b6d94', 'heading': 'Stress Cat here', 'body': 'Tell MEOW about your problems', 'db_update': 'y ', 'image': 'cat_bags.png'}
received status 200 value Message Sent


Sending notification 0 for eurashin
{'user_id': 'eurashin', 'player_id': '34b8d11d-ff86-4feb-bbe7-ff5fe11c964f', 'heading': 'Stress Cat here', 'body': 'Tell MEOW about your problems', 'db_update': 'y ', 'image': 'cat_cuddle.png'}
received status 200 value Message Sent


Sending notification 0 for sarah
{'user_id': 'sarah', 'player_id': 'dc4d06b2-8990-4a0a-958c-487f109f6163', 'heading': 'Stress Cat here', 'body': 'Tell MEOW about your problems', 'db_update': 'y ', 'image': 'cat_bags.png'}
received status 200 value Message Sent





Executing logic 1
mash: <= 2 --- 2 RES True
finale: <= 2 --- 2 RES True
nathan: <= 2 --- 4 RES False
eurashin: <= 2 --- 4 RES False
sarah: <= 2 --- 4 RES False
susan: <= 2 --- 1 RES True
['mash', 'finale', 'susan']
Sending notification 1 for mash
{'user_id': 'mash', 'player_id': '8513e444-93fd-4d7b-8d84-772d644e11b1', 'heading': 'Stress Dog here', 'body': 'You can TAIL me about all your problems', 'db_update': 'y', 'image': 'gracie_sweater.jpg'}
received status 200 value Message Sent


Sending notification 1 for finale
{'user_id': 'finale', 'player_id': '5fb79d47-59c7-4ab2-90e7-17a8aacb20a2', 'heading': 'Stress Dog here', 'body': 'You can TAIL me about all your problems', 'db_update': 'y', 'image': 'gracie_guilty.jpg'}
received status 200 value Message Sent


Sending notification 1 for susan
{'user_id': 'susan', 'player_id': '6c4608ce-41d6-4788-a31a-a216858d8cd6', 'heading': 'Stress Dog here', 'body': 'You can TAIL me about all your problems', 'db_update': 'y', 'image': 'gracie_boots.jpg'}
received status 200 value Message Sent





16/08/2021 16:00:04
create a list of active users and oneSignalID
Traceback (most recent call last):
  File "/home/ec2-user/.local/lib/python3.7/site-packages/mysql/connector/connection_cext.py", line 232, in _open_connection
    self._cmysql.connect(**cnx_kwargs)
_mysql_connector.MySQLInterfaceError: Can't connect to MySQL server on 'ec2-18-205-212-4.compute-1.amazonaws.com:3308' (111)

During handling of the above exception, another exception occurred:

Traceback (most recent call last):
  File "/home/ec2-user/SARATemplate/apis/learning/randomized_notifications/DemoLogicFromSurveys.py", line 151, in <module>
    onesignal_ids = getListOfUsersAndOnesignalID()
  File "/home/ec2-user/SARATemplate/apis/learning/randomized_notifications/DemoLogicFromSurveys.py", line 70, in getListOfUsersAndOnesignalID
    activeUsersAndLatestDailySurvey = getActiveUsers()
  File "/home/ec2-user/SARATemplate/apis/learning/randomized_notifications/DemoLogicFromSurveys.py", line 52, in getActiveUsers
    db = load_database_config("study")
  File "/home/ec2-user/SARATemplate/apis/learning/randomized_notifications/DemoLogicFromSurveys.py", line 33, in load_database_config
    database = dbname
  File "/home/ec2-user/.local/lib/python3.7/site-packages/mysql/connector/__init__.py", line 272, in connect
    return CMySQLConnection(*args, **kwargs)
  File "/home/ec2-user/.local/lib/python3.7/site-packages/mysql/connector/connection_cext.py", line 85, in __init__
    self.connect(**kwargs)
  File "/home/ec2-user/.local/lib/python3.7/site-packages/mysql/connector/abstracts.py", line 1003, in connect
    self._open_connection()
  File "/home/ec2-user/.local/lib/python3.7/site-packages/mysql/connector/connection_cext.py", line 235, in _open_connection
    sqlstate=exc.sqlstate)
mysql.connector.errors.DatabaseError: 2003 (HY000): Can't connect to MySQL server on 'ec2-18-205-212-4.compute-1.amazonaws.com:3308' (111)
17/08/2021 16:00:07
create a list of active users and oneSignalID
Executing logic 0
mash: > 2 --- 2 RES False
finale: > 2 --- 2 RES False
eurashin: > 2 --- 4 RES True
nathan: > 2 --- 4 RES True
susan: > 2 --- 0 RES False
sarah: > 2 --- 0 RES False
['eurashin', 'nathan']
Sending notification 0 for eurashin
{'user_id': 'eurashin', 'player_id': '34b8d11d-ff86-4feb-bbe7-ff5fe11c964f', 'heading': 'Stress Cat here', 'body': 'Tell MEOW about your problems', 'db_update': 'y ', 'image': 'cat_stretch.png'}
received status 200 value Message Sent


Sending notification 0 for nathan
{'user_id': 'nathan', 'player_id': '0848817e-a7fd-48cf-bc5d-e864772b6d94', 'heading': 'Stress Cat here', 'body': 'Tell MEOW about your problems', 'db_update': 'y ', 'image': 'cat_bags.png'}
received status 200 value Message Sent





Executing logic 1
mash: <= 2 --- 2 RES True
finale: <= 2 --- 2 RES True
eurashin: <= 2 --- 4 RES False
nathan: <= 2 --- 4 RES False
susan: <= 2 --- 0 RES True
sarah: <= 2 --- 0 RES True
['mash', 'finale', 'susan', 'sarah']
Sending notification 1 for mash
{'user_id': 'mash', 'player_id': '8513e444-93fd-4d7b-8d84-772d644e11b1', 'heading': 'Stress Dog here', 'body': 'You can TAIL me about all your problems', 'db_update': 'y', 'image': 'gracie_piggy.jpg'}
received status 200 value Message Sent


Sending notification 1 for finale
{'user_id': 'finale', 'player_id': '5fb79d47-59c7-4ab2-90e7-17a8aacb20a2', 'heading': 'Stress Dog here', 'body': 'You can TAIL me about all your problems', 'db_update': 'y', 'image': 'gracie_piggy.jpg'}
received status 200 value Message Sent


Sending notification 1 for susan
{'user_id': 'susan', 'player_id': '6c4608ce-41d6-4788-a31a-a216858d8cd6', 'heading': 'Stress Dog here', 'body': 'You can TAIL me about all your problems', 'db_update': 'y', 'image': 'gracie_piggy.jpg'}
received status 200 value Message Sent


Sending notification 1 for sarah
{'user_id': 'sarah', 'player_id': '10d555e0-8820-4e99-82c3-c61cf4d7375e', 'heading': 'Stress Dog here', 'body': 'You can TAIL me about all your problems', 'db_update': 'y', 'image': 'gracie_boots.jpg'}
received status 200 value Message Sent





18/08/2021 16:00:07
create a list of active users and oneSignalID
Executing logic 0
mash: > 2 --- 2 RES False
finale: > 2 --- 2 RES False
eurashin: > 2 --- 4 RES True
nathan: > 2 --- 4 RES True
susan: > 2 --- 0 RES False
sarah: > 2 --- 0 RES False
['eurashin', 'nathan']
Sending notification 0 for eurashin
{'user_id': 'eurashin', 'player_id': '34b8d11d-ff86-4feb-bbe7-ff5fe11c964f', 'heading': 'Stress Cat here', 'body': 'Tell MEOW about your problems', 'db_update': 'y ', 'image': 'cat_donut.png'}
received status 200 value Message Sent


Sending notification 0 for nathan
{'user_id': 'nathan', 'player_id': '0848817e-a7fd-48cf-bc5d-e864772b6d94', 'heading': 'Stress Cat here', 'body': 'Tell MEOW about your problems', 'db_update': 'y ', 'image': 'cat_cuddle.png'}
received status 200 value Message Sent





Executing logic 1
mash: <= 2 --- 2 RES True
finale: <= 2 --- 2 RES True
eurashin: <= 2 --- 4 RES False
nathan: <= 2 --- 4 RES False
susan: <= 2 --- 0 RES True
sarah: <= 2 --- 0 RES True
['mash', 'finale', 'susan', 'sarah']
Sending notification 1 for mash
{'user_id': 'mash', 'player_id': '8513e444-93fd-4d7b-8d84-772d644e11b1', 'heading': 'Stress Dog here', 'body': 'You can TAIL me about all your problems', 'db_update': 'y', 'image': 'gracie_piggy.jpg'}
received status 200 value Message Sent


Sending notification 1 for finale
{'user_id': 'finale', 'player_id': '5fb79d47-59c7-4ab2-90e7-17a8aacb20a2', 'heading': 'Stress Dog here', 'body': 'You can TAIL me about all your problems', 'db_update': 'y', 'image': 'gracie_piggy.jpg'}
received status 200 value Message Sent


Sending notification 1 for susan
{'user_id': 'susan', 'player_id': '6c4608ce-41d6-4788-a31a-a216858d8cd6', 'heading': 'Stress Dog here', 'body': 'You can TAIL me about all your problems', 'db_update': 'y', 'image': 'gracie_baby.jpg'}
received status 200 value Message Sent


Sending notification 1 for sarah
{'user_id': 'sarah', 'player_id': 'dc4d06b2-8990-4a0a-958c-487f109f6163', 'heading': 'Stress Dog here', 'body': 'You can TAIL me about all your problems', 'db_update': 'y', 'image': 'gracie_strawberry.jpg'}
received status 200 value Message Sent





19/08/2021 16:00:07
create a list of active users and oneSignalID
Executing logic 0
mash: > 2 --- 2 RES False
finale: > 2 --- 2 RES False
eurashin: > 2 --- 4 RES True
nathan: > 2 --- 4 RES True
susan: > 2 --- 1 RES False
sarah: > 2 --- 0 RES False
['eurashin', 'nathan']
Sending notification 0 for eurashin
{'user_id': 'eurashin', 'player_id': '34b8d11d-ff86-4feb-bbe7-ff5fe11c964f', 'heading': 'Stress Cat here', 'body': 'Tell MEOW about your problems', 'db_update': 'y ', 'image': 'cat_donut.png'}
received status 200 value Message Sent


Sending notification 0 for nathan
{'user_id': 'nathan', 'player_id': '0848817e-a7fd-48cf-bc5d-e864772b6d94', 'heading': 'Stress Cat here', 'body': 'Tell MEOW about your problems', 'db_update': 'y ', 'image': 'cat_outside.png'}
received status 200 value Message Sent





Executing logic 1
mash: <= 2 --- 2 RES True
finale: <= 2 --- 2 RES True
eurashin: <= 2 --- 4 RES False
nathan: <= 2 --- 4 RES False
susan: <= 2 --- 1 RES True
sarah: <= 2 --- 0 RES True
['mash', 'finale', 'susan', 'sarah']
Sending notification 1 for mash
{'user_id': 'mash', 'player_id': '8513e444-93fd-4d7b-8d84-772d644e11b1', 'heading': 'Stress Dog here', 'body': 'You can TAIL me about all your problems', 'db_update': 'y', 'image': 'gracie_wild.jpg'}
received status 200 value Message Sent


Sending notification 1 for finale
{'user_id': 'finale', 'player_id': '5fb79d47-59c7-4ab2-90e7-17a8aacb20a2', 'heading': 'Stress Dog here', 'body': 'You can TAIL me about all your problems', 'db_update': 'y', 'image': 'gracie_wild.jpg'}
received status 200 value Message Sent


Sending notification 1 for susan
{'user_id': 'susan', 'player_id': '6c4608ce-41d6-4788-a31a-a216858d8cd6', 'heading': 'Stress Dog here', 'body': 'You can TAIL me about all your problems', 'db_update': 'y', 'image': 'gracie_strawberry.jpg'}
received status 200 value Message Sent


Sending notification 1 for sarah
{'user_id': 'sarah', 'player_id': 'dc4d06b2-8990-4a0a-958c-487f109f6163', 'heading': 'Stress Dog here', 'body': 'You can TAIL me about all your problems', 'db_update': 'y', 'image': 'gracie_guilty.jpg'}
received status 200 value Message Sent





20/08/2021 16:00:04
create a list of active users and oneSignalID
Executing logic 0
mash: > 2 --- 2 RES False
finale: > 2 --- 2 RES False
eurashin: > 2 --- 4 RES True
nathan: > 2 --- 4 RES True
susan: > 2 --- 0 RES False
sarah: > 2 --- 0 RES False
['eurashin', 'nathan']
Sending notification 0 for eurashin
{'user_id': 'eurashin', 'player_id': '34b8d11d-ff86-4feb-bbe7-ff5fe11c964f', 'heading': 'Stress Cat here', 'body': 'Tell MEOW about your problems', 'db_update': 'y ', 'image': 'cat_donut.png'}
received status 200 value Message Sent


Sending notification 0 for nathan
{'user_id': 'nathan', 'player_id': '0848817e-a7fd-48cf-bc5d-e864772b6d94', 'heading': 'Stress Cat here', 'body': 'Tell MEOW about your problems', 'db_update': 'y ', 'image': 'cat_portrait.png'}
received status 200 value Message Sent





Executing logic 1
mash: <= 2 --- 2 RES True
finale: <= 2 --- 2 RES True
eurashin: <= 2 --- 4 RES False
nathan: <= 2 --- 4 RES False
susan: <= 2 --- 0 RES True
sarah: <= 2 --- 0 RES True
['mash', 'finale', 'susan', 'sarah']
Sending notification 1 for mash
{'user_id': 'mash', 'player_id': '8513e444-93fd-4d7b-8d84-772d644e11b1', 'heading': 'Stress Dog here', 'body': 'You can TAIL me about all your problems', 'db_update': 'y', 'image': 'gracie_baby.jpg'}
received status 200 value Message Sent


Sending notification 1 for finale
{'user_id': 'finale', 'player_id': '5fb79d47-59c7-4ab2-90e7-17a8aacb20a2', 'heading': 'Stress Dog here', 'body': 'You can TAIL me about all your problems', 'db_update': 'y', 'image': 'gracie_sweater.jpg'}
received status 200 value Message Sent


Sending notification 1 for susan
{'user_id': 'susan', 'player_id': '6c4608ce-41d6-4788-a31a-a216858d8cd6', 'heading': 'Stress Dog here', 'body': 'You can TAIL me about all your problems', 'db_update': 'y', 'image': 'gracie_smile.jpg'}
received status 200 value Message Sent


Sending notification 1 for sarah
{'user_id': 'sarah', 'player_id': 'dc4d06b2-8990-4a0a-958c-487f109f6163', 'heading': 'Stress Dog here', 'body': 'You can TAIL me about all your problems', 'db_update': 'y', 'image': 'gracie_baby.jpg'}
received status 200 value Message Sent





21/08/2021 16:00:10
create a list of active users and oneSignalID
Executing logic 0
mash: > 2 --- 2 RES False
finale: > 2 --- 2 RES False
eurashin: > 2 --- 4 RES True
nathan: > 2 --- 4 RES True
susan: > 2 --- 2 RES False
sarah: > 2 --- 0 RES False
['eurashin', 'nathan']
Sending notification 0 for eurashin
{'user_id': 'eurashin', 'player_id': '34b8d11d-ff86-4feb-bbe7-ff5fe11c964f', 'heading': 'Stress Cat here', 'body': 'Tell MEOW about your problems', 'db_update': 'y ', 'image': 'cat_outside.png'}
received status 200 value Message Sent


Sending notification 0 for nathan
{'user_id': 'nathan', 'player_id': '0848817e-a7fd-48cf-bc5d-e864772b6d94', 'heading': 'Stress Cat here', 'body': 'Tell MEOW about your problems', 'db_update': 'y ', 'image': 'cat_stretch.png'}
received status 200 value Message Sent





Executing logic 1
mash: <= 2 --- 2 RES True
finale: <= 2 --- 2 RES True
eurashin: <= 2 --- 4 RES False
nathan: <= 2 --- 4 RES False
susan: <= 2 --- 2 RES True
sarah: <= 2 --- 0 RES True
['mash', 'finale', 'susan', 'sarah']
Sending notification 1 for mash
{'user_id': 'mash', 'player_id': '8513e444-93fd-4d7b-8d84-772d644e11b1', 'heading': 'Stress Dog here', 'body': 'You can TAIL me about all your problems', 'db_update': 'y', 'image': 'gracie_strawberry.jpg'}
received status 200 value Message Sent


Sending notification 1 for finale
{'user_id': 'finale', 'player_id': '5fb79d47-59c7-4ab2-90e7-17a8aacb20a2', 'heading': 'Stress Dog here', 'body': 'You can TAIL me about all your problems', 'db_update': 'y', 'image': 'gracie_guilty.jpg'}
received status 200 value Message Sent


Sending notification 1 for susan
{'user_id': 'susan', 'player_id': '6c4608ce-41d6-4788-a31a-a216858d8cd6', 'heading': 'Stress Dog here', 'body': 'You can TAIL me about all your problems', 'db_update': 'y', 'image': 'gracie_strawberry.jpg'}
received status 200 value Message Sent


Sending notification 1 for sarah
{'user_id': 'sarah', 'player_id': '10d555e0-8820-4e99-82c3-c61cf4d7375e', 'heading': 'Stress Dog here', 'body': 'You can TAIL me about all your problems', 'db_update': 'y', 'image': 'gracie_wild.jpg'}
received status 200 value Message Sent





22/08/2021 16:00:07
create a list of active users and oneSignalID
Executing logic 0
mash: > 2 --- 2 RES False
finale: > 2 --- 2 RES False
eurashin: > 2 --- 4 RES True
nathan: > 2 --- 4 RES True
sarah: > 2 --- 0 RES False
susan: > 2 --- 4 RES True
['eurashin', 'nathan', 'susan']
Sending notification 0 for eurashin
{'user_id': 'eurashin', 'player_id': '34b8d11d-ff86-4feb-bbe7-ff5fe11c964f', 'heading': 'Stress Cat here', 'body': 'Tell MEOW about your problems', 'db_update': 'y ', 'image': 'cat_cuddle.png'}
received status 200 value Message Sent


Sending notification 0 for nathan
{'user_id': 'nathan', 'player_id': '0848817e-a7fd-48cf-bc5d-e864772b6d94', 'heading': 'Stress Cat here', 'body': 'Tell MEOW about your problems', 'db_update': 'y ', 'image': 'cat_cuddle.png'}
received status 200 value Message Sent


Sending notification 0 for susan
{'user_id': 'susan', 'player_id': '6c4608ce-41d6-4788-a31a-a216858d8cd6', 'heading': 'Stress Cat here', 'body': 'Tell MEOW about your problems', 'db_update': 'y ', 'image': 'cat_cuddle.png'}
received status 200 value Message Sent





Executing logic 1
mash: <= 2 --- 2 RES True
finale: <= 2 --- 2 RES True
eurashin: <= 2 --- 4 RES False
nathan: <= 2 --- 4 RES False
sarah: <= 2 --- 0 RES True
susan: <= 2 --- 4 RES False
['mash', 'finale', 'sarah']
Sending notification 1 for mash
{'user_id': 'mash', 'player_id': '8513e444-93fd-4d7b-8d84-772d644e11b1', 'heading': 'Stress Dog here', 'body': 'You can TAIL me about all your problems', 'db_update': 'y', 'image': 'gracie_piggy.jpg'}
received status 200 value Message Sent


Sending notification 1 for finale
{'user_id': 'finale', 'player_id': '5fb79d47-59c7-4ab2-90e7-17a8aacb20a2', 'heading': 'Stress Dog here', 'body': 'You can TAIL me about all your problems', 'db_update': 'y', 'image': 'gracie_baby.jpg'}
received status 200 value Message Sent


Sending notification 1 for sarah
{'user_id': 'sarah', 'player_id': '10d555e0-8820-4e99-82c3-c61cf4d7375e', 'heading': 'Stress Dog here', 'body': 'You can TAIL me about all your problems', 'db_update': 'y', 'image': 'gracie_piggy.jpg'}
received status 200 value Message Sent





23/08/2021 16:00:11
create a list of active users and oneSignalID
Executing logic 0
mash: > 2 --- 2 RES False
finale: > 2 --- 2 RES False
eurashin: > 2 --- 4 RES True
nathan: > 2 --- 4 RES True
susan: > 2 --- 1 RES False
sarah: > 2 --- 0 RES False
['eurashin', 'nathan']
Sending notification 0 for eurashin
{'user_id': 'eurashin', 'player_id': '34b8d11d-ff86-4feb-bbe7-ff5fe11c964f', 'heading': 'Stress Cat here', 'body': 'Tell MEOW about your problems', 'db_update': 'y ', 'image': 'cat_stretch.png'}
received status 200 value Message Sent


Sending notification 0 for nathan
{'user_id': 'nathan', 'player_id': '0848817e-a7fd-48cf-bc5d-e864772b6d94', 'heading': 'Stress Cat here', 'body': 'Tell MEOW about your problems', 'db_update': 'y ', 'image': 'cat_shirt.png'}
received status 200 value Message Sent





Executing logic 1
mash: <= 2 --- 2 RES True
finale: <= 2 --- 2 RES True
eurashin: <= 2 --- 4 RES False
nathan: <= 2 --- 4 RES False
susan: <= 2 --- 1 RES True
sarah: <= 2 --- 0 RES True
['mash', 'finale', 'susan', 'sarah']
Sending notification 1 for mash
{'user_id': 'mash', 'player_id': '8513e444-93fd-4d7b-8d84-772d644e11b1', 'heading': 'Stress Dog here', 'body': 'You can TAIL me about all your problems', 'db_update': 'y', 'image': 'gracie_strawberry.jpg'}
received status 200 value Message Sent


Sending notification 1 for finale
{'user_id': 'finale', 'player_id': '5fb79d47-59c7-4ab2-90e7-17a8aacb20a2', 'heading': 'Stress Dog here', 'body': 'You can TAIL me about all your problems', 'db_update': 'y', 'image': 'gracie_boots.jpg'}
received status 200 value Message Sent


Sending notification 1 for susan
{'user_id': 'susan', 'player_id': '6c4608ce-41d6-4788-a31a-a216858d8cd6', 'heading': 'Stress Dog here', 'body': 'You can TAIL me about all your problems', 'db_update': 'y', 'image': 'gracie_wild.jpg'}
received status 200 value Message Sent


Sending notification 1 for sarah
{'user_id': 'sarah', 'player_id': 'dc4d06b2-8990-4a0a-958c-487f109f6163', 'heading': 'Stress Dog here', 'body': 'You can TAIL me about all your problems', 'db_update': 'y', 'image': 'gracie_smile.jpg'}
received status 200 value Message Sent





24/08/2021 16:00:08
create a list of active users and oneSignalID
Executing logic 0
mash: > 2 --- 2 RES False
finale: > 2 --- 2 RES False
nathan: > 2 --- 4 RES True
susan: > 2 --- 0 RES False
sarah: > 2 --- 0 RES False
eurashin: > 2 --- 4 RES True
['nathan', 'eurashin']
Sending notification 0 for nathan
{'user_id': 'nathan', 'player_id': '0848817e-a7fd-48cf-bc5d-e864772b6d94', 'heading': 'Stress Cat here', 'body': 'Tell MEOW about your problems', 'db_update': 'y ', 'image': 'cat_portrait.png'}
received status 200 value Message Sent


Sending notification 0 for eurashin
{'user_id': 'eurashin', 'player_id': '34b8d11d-ff86-4feb-bbe7-ff5fe11c964f', 'heading': 'Stress Cat here', 'body': 'Tell MEOW about your problems', 'db_update': 'y ', 'image': 'cat_bags.png'}
received status 200 value Message Sent





Executing logic 1
mash: <= 2 --- 2 RES True
finale: <= 2 --- 2 RES True
nathan: <= 2 --- 4 RES False
susan: <= 2 --- 0 RES True
sarah: <= 2 --- 0 RES True
eurashin: <= 2 --- 4 RES False
['mash', 'finale', 'susan', 'sarah']
Sending notification 1 for mash
{'user_id': 'mash', 'player_id': '8513e444-93fd-4d7b-8d84-772d644e11b1', 'heading': 'Stress Dog here', 'body': 'You can TAIL me about all your problems', 'db_update': 'y', 'image': 'gracie_smile.jpg'}
received status 200 value Message Sent


Sending notification 1 for finale
{'user_id': 'finale', 'player_id': '5fb79d47-59c7-4ab2-90e7-17a8aacb20a2', 'heading': 'Stress Dog here', 'body': 'You can TAIL me about all your problems', 'db_update': 'y', 'image': 'gracie_wild.jpg'}
received status 200 value Message Sent


Sending notification 1 for susan
{'user_id': 'susan', 'player_id': '6c4608ce-41d6-4788-a31a-a216858d8cd6', 'heading': 'Stress Dog here', 'body': 'You can TAIL me about all your problems', 'db_update': 'y', 'image': 'gracie_strawberry.jpg'}
received status 200 value Message Sent


Sending notification 1 for sarah
{'user_id': 'sarah', 'player_id': 'dc4d06b2-8990-4a0a-958c-487f109f6163', 'heading': 'Stress Dog here', 'body': 'You can TAIL me about all your problems', 'db_update': 'y', 'image': 'gracie_baby.jpg'}
received status 200 value Message Sent





25/08/2021 16:00:07
create a list of active users and oneSignalID
Executing logic 0
mash: > 2 --- 2 RES False
finale: > 2 --- 2 RES False
eurashin: > 2 --- 4 RES True
susan: > 2 --- 1 RES False
sarah: > 2 --- 0 RES False
nathan: > 2 --- 4 RES True
['eurashin', 'nathan']
Sending notification 0 for eurashin
{'user_id': 'eurashin', 'player_id': '34b8d11d-ff86-4feb-bbe7-ff5fe11c964f', 'heading': 'Stress Cat here', 'body': 'Tell MEOW about your problems', 'db_update': 'y ', 'image': 'cat_cuddle.png'}
received status 200 value Message Sent


Sending notification 0 for nathan
{'user_id': 'nathan', 'player_id': '10d555e0-8820-4e99-82c3-c61cf4d7375e', 'heading': 'Stress Cat here', 'body': 'Tell MEOW about your problems', 'db_update': 'y ', 'image': 'cat_portrait.png'}
received status 200 value Message Sent





Executing logic 1
mash: <= 2 --- 2 RES True
finale: <= 2 --- 2 RES True
eurashin: <= 2 --- 4 RES False
susan: <= 2 --- 1 RES True
sarah: <= 2 --- 0 RES True
nathan: <= 2 --- 4 RES False
['mash', 'finale', 'susan', 'sarah']
Sending notification 1 for mash
{'user_id': 'mash', 'player_id': '8513e444-93fd-4d7b-8d84-772d644e11b1', 'heading': 'Stress Dog here', 'body': 'You can TAIL me about all your problems', 'db_update': 'y', 'image': 'gracie_strawberry.jpg'}
received status 200 value Message Sent


Sending notification 1 for finale
{'user_id': 'finale', 'player_id': '5fb79d47-59c7-4ab2-90e7-17a8aacb20a2', 'heading': 'Stress Dog here', 'body': 'You can TAIL me about all your problems', 'db_update': 'y', 'image': 'gracie_guilty.jpg'}
received status 200 value Message Sent


Sending notification 1 for susan
{'user_id': 'susan', 'player_id': '6c4608ce-41d6-4788-a31a-a216858d8cd6', 'heading': 'Stress Dog here', 'body': 'You can TAIL me about all your problems', 'db_update': 'y', 'image': 'gracie_sweater.jpg'}
received status 200 value Message Sent


Sending notification 1 for sarah
{'user_id': 'sarah', 'player_id': '10d555e0-8820-4e99-82c3-c61cf4d7375e', 'heading': 'Stress Dog here', 'body': 'You can TAIL me about all your problems', 'db_update': 'y', 'image': 'gracie_piggy.jpg'}
received status 200 value Message Sent





26/08/2021 16:00:09
create a list of active users and oneSignalID
Executing logic 0
mash: > 2 --- 2 RES False
finale: > 2 --- 2 RES False
eurashin: > 2 --- 4 RES True
nathan: > 2 --- 4 RES True
susan: > 2 --- 0 RES False
['eurashin', 'nathan']
Sending notification 0 for eurashin
{'user_id': 'eurashin', 'player_id': '34b8d11d-ff86-4feb-bbe7-ff5fe11c964f', 'heading': 'Stress Cat here', 'body': 'Tell MEOW about your problems', 'db_update': 'y ', 'image': 'cat_portrait.png'}
received status 200 value Message Sent


Sending notification 0 for nathan
{'user_id': 'nathan', 'player_id': '10d555e0-8820-4e99-82c3-c61cf4d7375e', 'heading': 'Stress Cat here', 'body': 'Tell MEOW about your problems', 'db_update': 'y ', 'image': 'cat_donut.png'}
received status 200 value Message Sent





Executing logic 1
mash: <= 2 --- 2 RES True
finale: <= 2 --- 2 RES True
eurashin: <= 2 --- 4 RES False
nathan: <= 2 --- 4 RES False
susan: <= 2 --- 0 RES True
['mash', 'finale', 'susan']
Sending notification 1 for mash
{'user_id': 'mash', 'player_id': '8513e444-93fd-4d7b-8d84-772d644e11b1', 'heading': 'Stress Dog here', 'body': 'You can TAIL me about all your problems', 'db_update': 'y', 'image': 'gracie_smile.jpg'}
received status 200 value Message Sent


Sending notification 1 for finale
{'user_id': 'finale', 'player_id': '5fb79d47-59c7-4ab2-90e7-17a8aacb20a2', 'heading': 'Stress Dog here', 'body': 'You can TAIL me about all your problems', 'db_update': 'y', 'image': 'gracie_guilty.jpg'}
received status 200 value Message Sent


Sending notification 1 for susan
{'user_id': 'susan', 'player_id': '6c4608ce-41d6-4788-a31a-a216858d8cd6', 'heading': 'Stress Dog here', 'body': 'You can TAIL me about all your problems', 'db_update': 'y', 'image': 'gracie_boots.jpg'}
received status 200 value Message Sent





27/08/2021 16:00:10
create a list of active users and oneSignalID
Executing logic 0
mash: > 2 --- 2 RES False
finale: > 2 --- 2 RES False
eurashin: > 2 --- 4 RES True
nathan: > 2 --- 4 RES True
susan: > 2 --- 1 RES False
['eurashin', 'nathan']
Sending notification 0 for eurashin
{'user_id': 'eurashin', 'player_id': '34b8d11d-ff86-4feb-bbe7-ff5fe11c964f', 'heading': 'Stress Cat here', 'body': 'Tell MEOW about your problems', 'db_update': 'y ', 'image': 'cat_portrait.png'}
received status 200 value Message Sent


Sending notification 0 for nathan
{'user_id': 'nathan', 'player_id': '10d555e0-8820-4e99-82c3-c61cf4d7375e', 'heading': 'Stress Cat here', 'body': 'Tell MEOW about your problems', 'db_update': 'y ', 'image': 'cat_shirt.png'}
received status 200 value Message Sent





Executing logic 1
mash: <= 2 --- 2 RES True
finale: <= 2 --- 2 RES True
eurashin: <= 2 --- 4 RES False
nathan: <= 2 --- 4 RES False
susan: <= 2 --- 1 RES True
['mash', 'finale', 'susan']
Sending notification 1 for mash
{'user_id': 'mash', 'player_id': '8513e444-93fd-4d7b-8d84-772d644e11b1', 'heading': 'Stress Dog here', 'body': 'You can TAIL me about all your problems', 'db_update': 'y', 'image': 'gracie_strawberry.jpg'}
received status 200 value Message Sent


Sending notification 1 for finale
{'user_id': 'finale', 'player_id': '5fb79d47-59c7-4ab2-90e7-17a8aacb20a2', 'heading': 'Stress Dog here', 'body': 'You can TAIL me about all your problems', 'db_update': 'y', 'image': 'gracie_smile.jpg'}
received status 200 value Message Sent


Sending notification 1 for susan
{'user_id': 'susan', 'player_id': '6c4608ce-41d6-4788-a31a-a216858d8cd6', 'heading': 'Stress Dog here', 'body': 'You can TAIL me about all your problems', 'db_update': 'y', 'image': 'gracie_smile.jpg'}
received status 200 value Message Sent





28/08/2021 16:00:09
create a list of active users and oneSignalID
Executing logic 0
mash: > 2 --- 2 RES False
finale: > 2 --- 2 RES False
eurashin: > 2 --- 4 RES True
nathan: > 2 --- 4 RES True
susan: > 2 --- 0 RES False
['eurashin', 'nathan']
Sending notification 0 for eurashin
{'user_id': 'eurashin', 'player_id': '34b8d11d-ff86-4feb-bbe7-ff5fe11c964f', 'heading': 'Stress Cat here', 'body': 'Tell MEOW about your problems', 'db_update': 'y ', 'image': 'cat_bags.png'}
received status 200 value Message Sent


Sending notification 0 for nathan
{'user_id': 'nathan', 'player_id': '10d555e0-8820-4e99-82c3-c61cf4d7375e', 'heading': 'Stress Cat here', 'body': 'Tell MEOW about your problems', 'db_update': 'y ', 'image': 'cat_shirt.png'}
received status 200 value Message Sent





Executing logic 1
mash: <= 2 --- 2 RES True
finale: <= 2 --- 2 RES True
eurashin: <= 2 --- 4 RES False
nathan: <= 2 --- 4 RES False
susan: <= 2 --- 0 RES True
['mash', 'finale', 'susan']
Sending notification 1 for mash
{'user_id': 'mash', 'player_id': '8513e444-93fd-4d7b-8d84-772d644e11b1', 'heading': 'Stress Dog here', 'body': 'You can TAIL me about all your problems', 'db_update': 'y', 'image': 'gracie_guilty.jpg'}
received status 200 value Message Sent


Sending notification 1 for finale
{'user_id': 'finale', 'player_id': '5fb79d47-59c7-4ab2-90e7-17a8aacb20a2', 'heading': 'Stress Dog here', 'body': 'You can TAIL me about all your problems', 'db_update': 'y', 'image': 'gracie_boots.jpg'}
received status 200 value Message Sent


Sending notification 1 for susan
{'user_id': 'susan', 'player_id': '6c4608ce-41d6-4788-a31a-a216858d8cd6', 'heading': 'Stress Dog here', 'body': 'You can TAIL me about all your problems', 'db_update': 'y', 'image': 'gracie_smile.jpg'}
received status 200 value Message Sent





29/08/2021 16:00:09
create a list of active users and oneSignalID
Executing logic 0
finale: > 2 --- 2 RES False
eurashin: > 2 --- 4 RES True
nathan: > 2 --- 4 RES True
susan: > 2 --- 4 RES True
mash: > 2 --- 2 RES False
['eurashin', 'nathan', 'susan']
Sending notification 0 for eurashin
{'user_id': 'eurashin', 'player_id': '34b8d11d-ff86-4feb-bbe7-ff5fe11c964f', 'heading': 'Stress Cat here', 'body': 'Tell MEOW about your problems', 'db_update': 'y ', 'image': 'cat_stretch.png'}
received status 200 value Message Sent


Sending notification 0 for nathan
{'user_id': 'nathan', 'player_id': '10d555e0-8820-4e99-82c3-c61cf4d7375e', 'heading': 'Stress Cat here', 'body': 'Tell MEOW about your problems', 'db_update': 'y ', 'image': 'cat_cuddle.png'}
received status 200 value Message Sent


Sending notification 0 for susan
{'user_id': 'susan', 'player_id': '6c4608ce-41d6-4788-a31a-a216858d8cd6', 'heading': 'Stress Cat here', 'body': 'Tell MEOW about your problems', 'db_update': 'y ', 'image': 'cat_portrait.png'}
received status 200 value Message Sent





Executing logic 1
finale: <= 2 --- 2 RES True
eurashin: <= 2 --- 4 RES False
nathan: <= 2 --- 4 RES False
susan: <= 2 --- 4 RES False
mash: <= 2 --- 2 RES True
['finale', 'mash']
Sending notification 1 for finale
{'user_id': 'finale', 'player_id': '5fb79d47-59c7-4ab2-90e7-17a8aacb20a2', 'heading': 'Stress Dog here', 'body': 'You can TAIL me about all your problems', 'db_update': 'y', 'image': 'gracie_baby.jpg'}
received status 200 value Message Sent


Sending notification 1 for mash
{'user_id': 'mash', 'player_id': '8513e444-93fd-4d7b-8d84-772d644e11b1', 'heading': 'Stress Dog here', 'body': 'You can TAIL me about all your problems', 'db_update': 'y', 'image': 'gracie_wild.jpg'}
received status 200 value Message Sent





30/08/2021 16:00:08
create a list of active users and oneSignalID
Executing logic 0
finale: > 2 --- 2 RES False
eurashin: > 2 --- 4 RES True
nathan: > 2 --- 4 RES True
mash: > 2 --- 2 RES False
susan: > 2 --- 0 RES False
['eurashin', 'nathan']
Sending notification 0 for eurashin
{'user_id': 'eurashin', 'player_id': '34b8d11d-ff86-4feb-bbe7-ff5fe11c964f', 'heading': 'Stress Cat here', 'body': 'Tell MEOW about your problems', 'db_update': 'y ', 'image': 'cat_stretch.png'}
received status 200 value Message Sent


Sending notification 0 for nathan
{'user_id': 'nathan', 'player_id': '10d555e0-8820-4e99-82c3-c61cf4d7375e', 'heading': 'Stress Cat here', 'body': 'Tell MEOW about your problems', 'db_update': 'y ', 'image': 'cat_outside.png'}
received status 200 value Message Sent





Executing logic 1
finale: <= 2 --- 2 RES True
eurashin: <= 2 --- 4 RES False
nathan: <= 2 --- 4 RES False
mash: <= 2 --- 2 RES True
susan: <= 2 --- 0 RES True
['finale', 'mash', 'susan']
Sending notification 1 for finale
{'user_id': 'finale', 'player_id': '5fb79d47-59c7-4ab2-90e7-17a8aacb20a2', 'heading': 'Stress Dog here', 'body': 'You can TAIL me about all your problems', 'db_update': 'y', 'image': 'gracie_baby.jpg'}
received status 200 value Message Sent


Sending notification 1 for mash
{'user_id': 'mash', 'player_id': '8513e444-93fd-4d7b-8d84-772d644e11b1', 'heading': 'Stress Dog here', 'body': 'You can TAIL me about all your problems', 'db_update': 'y', 'image': 'gracie_boots.jpg'}
received status 200 value Message Sent


Sending notification 1 for susan
{'user_id': 'susan', 'player_id': '6c4608ce-41d6-4788-a31a-a216858d8cd6', 'heading': 'Stress Dog here', 'body': 'You can TAIL me about all your problems', 'db_update': 'y', 'image': 'gracie_strawberry.jpg'}
received status 200 value Message Sent





31/08/2021 16:00:09
create a list of active users and oneSignalID
Executing logic 0
finale: > 2 --- 2 RES False
eurashin: > 2 --- 4 RES True
nathan: > 2 --- 4 RES True
mash: > 2 --- 2 RES False
susan: > 2 --- 0 RES False
['eurashin', 'nathan']
Sending notification 0 for eurashin
{'user_id': 'eurashin', 'player_id': '34b8d11d-ff86-4feb-bbe7-ff5fe11c964f', 'heading': 'Stress Cat here', 'body': 'Tell MEOW about your problems', 'db_update': 'y ', 'image': 'cat_portrait.png'}
received status 200 value Message Sent


Sending notification 0 for nathan
{'user_id': 'nathan', 'player_id': '10d555e0-8820-4e99-82c3-c61cf4d7375e', 'heading': 'Stress Cat here', 'body': 'Tell MEOW about your problems', 'db_update': 'y ', 'image': 'cat_bags.png'}
received status 200 value Message Sent





Executing logic 1
finale: <= 2 --- 2 RES True
eurashin: <= 2 --- 4 RES False
nathan: <= 2 --- 4 RES False
mash: <= 2 --- 2 RES True
susan: <= 2 --- 0 RES True
['finale', 'mash', 'susan']
Sending notification 1 for finale
{'user_id': 'finale', 'player_id': '5fb79d47-59c7-4ab2-90e7-17a8aacb20a2', 'heading': 'Stress Dog here', 'body': 'You can TAIL me about all your problems', 'db_update': 'y', 'image': 'gracie_baby.jpg'}
received status 200 value Message Sent


Sending notification 1 for mash
{'user_id': 'mash', 'player_id': '8513e444-93fd-4d7b-8d84-772d644e11b1', 'heading': 'Stress Dog here', 'body': 'You can TAIL me about all your problems', 'db_update': 'y', 'image': 'gracie_guilty.jpg'}
received status 200 value Message Sent


Sending notification 1 for susan
{'user_id': 'susan', 'player_id': '6c4608ce-41d6-4788-a31a-a216858d8cd6', 'heading': 'Stress Dog here', 'body': 'You can TAIL me about all your problems', 'db_update': 'y', 'image': 'gracie_boots.jpg'}
received status 200 value Message Sent





01/09/2021 16:00:08
create a list of active users and oneSignalID
Executing logic 0
finale: > 2 --- 2 RES False
eurashin: > 2 --- 4 RES True
nathan: > 2 --- 4 RES True
susan: > 2 --- 0 RES False
['eurashin', 'nathan']
Sending notification 0 for eurashin
{'user_id': 'eurashin', 'player_id': '34b8d11d-ff86-4feb-bbe7-ff5fe11c964f', 'heading': 'Stress Cat here', 'body': 'Tell MEOW about your problems', 'db_update': 'y ', 'image': 'cat_donut.png'}
received status 200 value Message Sent


Sending notification 0 for nathan
{'user_id': 'nathan', 'player_id': '10d555e0-8820-4e99-82c3-c61cf4d7375e', 'heading': 'Stress Cat here', 'body': 'Tell MEOW about your problems', 'db_update': 'y ', 'image': 'cat_portrait.png'}
received status 200 value Message Sent





Executing logic 1
finale: <= 2 --- 2 RES True
eurashin: <= 2 --- 4 RES False
nathan: <= 2 --- 4 RES False
susan: <= 2 --- 0 RES True
['finale', 'susan']
Sending notification 1 for finale
{'user_id': 'finale', 'player_id': '5fb79d47-59c7-4ab2-90e7-17a8aacb20a2', 'heading': 'Stress Dog here', 'body': 'You can TAIL me about all your problems', 'db_update': 'y', 'image': 'gracie_strawberry.jpg'}
received status 200 value Message Sent


Sending notification 1 for susan
{'user_id': 'susan', 'player_id': '6c4608ce-41d6-4788-a31a-a216858d8cd6', 'heading': 'Stress Dog here', 'body': 'You can TAIL me about all your problems', 'db_update': 'y', 'image': 'gracie_strawberry.jpg'}
received status 200 value Message Sent





02/09/2021 16:00:11
create a list of active users and oneSignalID
Executing logic 0
finale: > 2 --- 2 RES False
eurashin: > 2 --- 4 RES True
nathan: > 2 --- 4 RES True
susan: > 2 --- 0 RES False
['eurashin', 'nathan']
Sending notification 0 for eurashin
{'user_id': 'eurashin', 'player_id': '34b8d11d-ff86-4feb-bbe7-ff5fe11c964f', 'heading': 'Stress Cat here', 'body': 'Tell MEOW about your problems', 'db_update': 'y ', 'image': 'cat_stretch.png'}
received status 200 value Message Sent


Sending notification 0 for nathan
{'user_id': 'nathan', 'player_id': '10d555e0-8820-4e99-82c3-c61cf4d7375e', 'heading': 'Stress Cat here', 'body': 'Tell MEOW about your problems', 'db_update': 'y ', 'image': 'cat_stretch.png'}
received status 200 value Message Sent





Executing logic 1
finale: <= 2 --- 2 RES True
eurashin: <= 2 --- 4 RES False
nathan: <= 2 --- 4 RES False
susan: <= 2 --- 0 RES True
['finale', 'susan']
Sending notification 1 for finale
{'user_id': 'finale', 'player_id': '5fb79d47-59c7-4ab2-90e7-17a8aacb20a2', 'heading': 'Stress Dog here', 'body': 'You can TAIL me about all your problems', 'db_update': 'y', 'image': 'gracie_smile.jpg'}
received status 200 value Message Sent


Sending notification 1 for susan
{'user_id': 'susan', 'player_id': '6c4608ce-41d6-4788-a31a-a216858d8cd6', 'heading': 'Stress Dog here', 'body': 'You can TAIL me about all your problems', 'db_update': 'y', 'image': 'gracie_boots.jpg'}
received status 200 value Message Sent





03/09/2021 16:00:11
create a list of active users and oneSignalID
Executing logic 0
finale: > 2 --- 2 RES False
eurashin: > 2 --- 4 RES True
nathan: > 2 --- 4 RES True
susan: > 2 --- 0 RES False
['eurashin', 'nathan']
Sending notification 0 for eurashin
{'user_id': 'eurashin', 'player_id': '34b8d11d-ff86-4feb-bbe7-ff5fe11c964f', 'heading': 'Stress Cat here', 'body': 'Tell MEOW about your problems', 'db_update': 'y ', 'image': 'cat_bags.png'}
received status 200 value Message Sent


Sending notification 0 for nathan
{'user_id': 'nathan', 'player_id': '10d555e0-8820-4e99-82c3-c61cf4d7375e', 'heading': 'Stress Cat here', 'body': 'Tell MEOW about your problems', 'db_update': 'y ', 'image': 'cat_bags.png'}
received status 200 value Message Sent





Executing logic 1
finale: <= 2 --- 2 RES True
eurashin: <= 2 --- 4 RES False
nathan: <= 2 --- 4 RES False
susan: <= 2 --- 0 RES True
['finale', 'susan']
Sending notification 1 for finale
{'user_id': 'finale', 'player_id': '5fb79d47-59c7-4ab2-90e7-17a8aacb20a2', 'heading': 'Stress Dog here', 'body': 'You can TAIL me about all your problems', 'db_update': 'y', 'image': 'gracie_smile.jpg'}
received status 200 value Message Sent


Sending notification 1 for susan
{'user_id': 'susan', 'player_id': '6c4608ce-41d6-4788-a31a-a216858d8cd6', 'heading': 'Stress Dog here', 'body': 'You can TAIL me about all your problems', 'db_update': 'y', 'image': 'gracie_piggy.jpg'}
received status 200 value Message Sent





04/09/2021 16:00:10
create a list of active users and oneSignalID
Executing logic 0
finale: > 2 --- 2 RES False
eurashin: > 2 --- 4 RES True
nathan: > 2 --- 4 RES True
susan: > 2 --- 0 RES False
['eurashin', 'nathan']
Sending notification 0 for eurashin
{'user_id': 'eurashin', 'player_id': '34b8d11d-ff86-4feb-bbe7-ff5fe11c964f', 'heading': 'Stress Cat here', 'body': 'Tell MEOW about your problems', 'db_update': 'y ', 'image': 'cat_outside.png'}
received status 200 value Message Sent


Sending notification 0 for nathan
{'user_id': 'nathan', 'player_id': '10d555e0-8820-4e99-82c3-c61cf4d7375e', 'heading': 'Stress Cat here', 'body': 'Tell MEOW about your problems', 'db_update': 'y ', 'image': 'cat_cuddle.png'}
received status 200 value Message Sent





Executing logic 1
finale: <= 2 --- 2 RES True
eurashin: <= 2 --- 4 RES False
nathan: <= 2 --- 4 RES False
susan: <= 2 --- 0 RES True
['finale', 'susan']
Sending notification 1 for finale
{'user_id': 'finale', 'player_id': '5fb79d47-59c7-4ab2-90e7-17a8aacb20a2', 'heading': 'Stress Dog here', 'body': 'You can TAIL me about all your problems', 'db_update': 'y', 'image': 'gracie_piggy.jpg'}
received status 200 value Message Sent


Sending notification 1 for susan
{'user_id': 'susan', 'player_id': '6c4608ce-41d6-4788-a31a-a216858d8cd6', 'heading': 'Stress Dog here', 'body': 'You can TAIL me about all your problems', 'db_update': 'y', 'image': 'gracie_sweater.jpg'}
received status 200 value Message Sent





05/09/2021 16:00:10
create a list of active users and oneSignalID
Executing logic 0
finale: > 2 --- 2 RES False
eurashin: > 2 --- 4 RES True
nathan: > 2 --- 4 RES True
susan: > 2 --- 0 RES False
['eurashin', 'nathan']
Sending notification 0 for eurashin
{'user_id': 'eurashin', 'player_id': '34b8d11d-ff86-4feb-bbe7-ff5fe11c964f', 'heading': 'Stress Cat here', 'body': 'Tell MEOW about your problems', 'db_update': 'y ', 'image': 'cat_bags.png'}
received status 200 value Message Sent


Sending notification 0 for nathan
{'user_id': 'nathan', 'player_id': '10d555e0-8820-4e99-82c3-c61cf4d7375e', 'heading': 'Stress Cat here', 'body': 'Tell MEOW about your problems', 'db_update': 'y ', 'image': 'cat_portrait.png'}
received status 200 value Message Sent





Executing logic 1
finale: <= 2 --- 2 RES True
eurashin: <= 2 --- 4 RES False
nathan: <= 2 --- 4 RES False
susan: <= 2 --- 0 RES True
['finale', 'susan']
Sending notification 1 for finale
{'user_id': 'finale', 'player_id': '5fb79d47-59c7-4ab2-90e7-17a8aacb20a2', 'heading': 'Stress Dog here', 'body': 'You can TAIL me about all your problems', 'db_update': 'y', 'image': 'gracie_baby.jpg'}
received status 200 value Message Sent


Sending notification 1 for susan
{'user_id': 'susan', 'player_id': '6c4608ce-41d6-4788-a31a-a216858d8cd6', 'heading': 'Stress Dog here', 'body': 'You can TAIL me about all your problems', 'db_update': 'y', 'image': 'gracie_baby.jpg'}
received status 200 value Message Sent





06/09/2021 16:00:10
create a list of active users and oneSignalID
Executing logic 0
finale: > 2 --- 2 RES False
eurashin: > 2 --- 4 RES True
susan: > 2 --- 0 RES False
nathan: > 2 --- 4 RES True
['eurashin', 'nathan']
Sending notification 0 for eurashin
{'user_id': 'eurashin', 'player_id': '34b8d11d-ff86-4feb-bbe7-ff5fe11c964f', 'heading': 'Stress Cat here', 'body': 'Tell MEOW about your problems', 'db_update': 'y ', 'image': 'cat_donut.png'}
received status 200 value Message Sent


Sending notification 0 for nathan
{'user_id': 'nathan', 'player_id': '0848817e-a7fd-48cf-bc5d-e864772b6d94', 'heading': 'Stress Cat here', 'body': 'Tell MEOW about your problems', 'db_update': 'y ', 'image': 'cat_outside.png'}
received status 200 value Message Sent





Executing logic 1
finale: <= 2 --- 2 RES True
eurashin: <= 2 --- 4 RES False
susan: <= 2 --- 0 RES True
nathan: <= 2 --- 4 RES False
['finale', 'susan']
Sending notification 1 for finale
{'user_id': 'finale', 'player_id': '5fb79d47-59c7-4ab2-90e7-17a8aacb20a2', 'heading': 'Stress Dog here', 'body': 'You can TAIL me about all your problems', 'db_update': 'y', 'image': 'gracie_baby.jpg'}
received status 200 value Message Sent


Sending notification 1 for susan
{'user_id': 'susan', 'player_id': '6c4608ce-41d6-4788-a31a-a216858d8cd6', 'heading': 'Stress Dog here', 'body': 'You can TAIL me about all your problems', 'db_update': 'y', 'image': 'gracie_strawberry.jpg'}
received status 200 value Message Sent





07/09/2021 16:00:05
create a list of active users and oneSignalID
Executing logic 0
finale: > 2 --- 2 RES False
eurashin: > 2 --- 4 RES True
nathan: > 2 --- 4 RES True
susan: > 2 --- 4 RES True
['eurashin', 'nathan', 'susan']
Sending notification 0 for eurashin
{'user_id': 'eurashin', 'player_id': '34b8d11d-ff86-4feb-bbe7-ff5fe11c964f', 'heading': 'Stress Cat here', 'body': 'Tell MEOW about your problems', 'db_update': 'y ', 'image': 'cat_outside.png'}
received status 200 value Message Sent


Sending notification 0 for nathan
{'user_id': 'nathan', 'player_id': '0848817e-a7fd-48cf-bc5d-e864772b6d94', 'heading': 'Stress Cat here', 'body': 'Tell MEOW about your problems', 'db_update': 'y ', 'image': 'cat_bags.png'}
received status 200 value Message Sent


Sending notification 0 for susan
{'user_id': 'susan', 'player_id': '6c4608ce-41d6-4788-a31a-a216858d8cd6', 'heading': 'Stress Cat here', 'body': 'Tell MEOW about your problems', 'db_update': 'y ', 'image': 'cat_cuddle.png'}
received status 200 value Message Sent





Executing logic 1
finale: <= 2 --- 2 RES True
eurashin: <= 2 --- 4 RES False
nathan: <= 2 --- 4 RES False
susan: <= 2 --- 4 RES False
['finale']
Sending notification 1 for finale
{'user_id': 'finale', 'player_id': '5fb79d47-59c7-4ab2-90e7-17a8aacb20a2', 'heading': 'Stress Dog here', 'body': 'You can TAIL me about all your problems', 'db_update': 'y', 'image': 'gracie_wild.jpg'}
received status 200 value Message Sent





08/09/2021 16:00:13
create a list of active users and oneSignalID
Executing logic 0
finale: > 2 --- 2 RES False
eurashin: > 2 --- 4 RES True
nathan: > 2 --- 4 RES True
susan: > 2 --- 0 RES False
['eurashin', 'nathan']
Sending notification 0 for eurashin
{'user_id': 'eurashin', 'player_id': '34b8d11d-ff86-4feb-bbe7-ff5fe11c964f', 'heading': 'Stress Cat here', 'body': 'Tell MEOW about your problems', 'db_update': 'y ', 'image': 'cat_cuddle.png'}
received status 200 value Message Sent


Sending notification 0 for nathan
{'user_id': 'nathan', 'player_id': '0848817e-a7fd-48cf-bc5d-e864772b6d94', 'heading': 'Stress Cat here', 'body': 'Tell MEOW about your problems', 'db_update': 'y ', 'image': 'cat_cuddle.png'}
received status 200 value Message Sent





Executing logic 1
finale: <= 2 --- 2 RES True
eurashin: <= 2 --- 4 RES False
nathan: <= 2 --- 4 RES False
susan: <= 2 --- 0 RES True
['finale', 'susan']
Sending notification 1 for finale
{'user_id': 'finale', 'player_id': '5fb79d47-59c7-4ab2-90e7-17a8aacb20a2', 'heading': 'Stress Dog here', 'body': 'You can TAIL me about all your problems', 'db_update': 'y', 'image': 'gracie_strawberry.jpg'}
received status 200 value Message Sent


Sending notification 1 for susan
{'user_id': 'susan', 'player_id': '6c4608ce-41d6-4788-a31a-a216858d8cd6', 'heading': 'Stress Dog here', 'body': 'You can TAIL me about all your problems', 'db_update': 'y', 'image': 'gracie_piggy.jpg'}
received status 200 value Message Sent





09/09/2021 16:00:06
create a list of active users and oneSignalID
Executing logic 0
finale: > 2 --- 2 RES False
eurashin: > 2 --- 4 RES True
nathan: > 2 --- 4 RES True
susan: > 2 --- 0 RES False
['eurashin', 'nathan']
Sending notification 0 for eurashin
{'user_id': 'eurashin', 'player_id': '34b8d11d-ff86-4feb-bbe7-ff5fe11c964f', 'heading': 'Stress Cat here', 'body': 'Tell MEOW about your problems', 'db_update': 'y ', 'image': 'cat_cuddle.png'}
received status 200 value Message Sent


Sending notification 0 for nathan
{'user_id': 'nathan', 'player_id': '0848817e-a7fd-48cf-bc5d-e864772b6d94', 'heading': 'Stress Cat here', 'body': 'Tell MEOW about your problems', 'db_update': 'y ', 'image': 'cat_portrait.png'}
received status 200 value Message Sent





Executing logic 1
finale: <= 2 --- 2 RES True
eurashin: <= 2 --- 4 RES False
nathan: <= 2 --- 4 RES False
susan: <= 2 --- 0 RES True
['finale', 'susan']
Sending notification 1 for finale
{'user_id': 'finale', 'player_id': '5fb79d47-59c7-4ab2-90e7-17a8aacb20a2', 'heading': 'Stress Dog here', 'body': 'You can TAIL me about all your problems', 'db_update': 'y', 'image': 'gracie_wild.jpg'}
received status 200 value Message Sent


Sending notification 1 for susan
{'user_id': 'susan', 'player_id': '6c4608ce-41d6-4788-a31a-a216858d8cd6', 'heading': 'Stress Dog here', 'body': 'You can TAIL me about all your problems', 'db_update': 'y', 'image': 'gracie_wild.jpg'}
received status 200 value Message Sent





10/09/2021 16:00:13
create a list of active users and oneSignalID
Executing logic 0
finale: > 2 --- 2 RES False
eurashin: > 2 --- 4 RES True
nathan: > 2 --- 4 RES True
susan: > 2 --- 0 RES False
['eurashin', 'nathan']
Sending notification 0 for eurashin
{'user_id': 'eurashin', 'player_id': '34b8d11d-ff86-4feb-bbe7-ff5fe11c964f', 'heading': 'Stress Cat here', 'body': 'Tell MEOW about your problems', 'db_update': 'y ', 'image': 'cat_donut.png'}
received status 200 value Message Sent


Sending notification 0 for nathan
{'user_id': 'nathan', 'player_id': '0848817e-a7fd-48cf-bc5d-e864772b6d94', 'heading': 'Stress Cat here', 'body': 'Tell MEOW about your problems', 'db_update': 'y ', 'image': 'cat_portrait.png'}
received status 200 value Message Sent





Executing logic 1
finale: <= 2 --- 2 RES True
eurashin: <= 2 --- 4 RES False
nathan: <= 2 --- 4 RES False
susan: <= 2 --- 0 RES True
['finale', 'susan']
Sending notification 1 for finale
{'user_id': 'finale', 'player_id': '5fb79d47-59c7-4ab2-90e7-17a8aacb20a2', 'heading': 'Stress Dog here', 'body': 'You can TAIL me about all your problems', 'db_update': 'y', 'image': 'gracie_strawberry.jpg'}
received status 200 value Message Sent


Sending notification 1 for susan
{'user_id': 'susan', 'player_id': '6c4608ce-41d6-4788-a31a-a216858d8cd6', 'heading': 'Stress Dog here', 'body': 'You can TAIL me about all your problems', 'db_update': 'y', 'image': 'gracie_boots.jpg'}
received status 200 value Message Sent





11/09/2021 16:00:11
create a list of active users and oneSignalID
Executing logic 0
finale: > 2 --- 2 RES False
eurashin: > 2 --- 4 RES True
nathan: > 2 --- 4 RES True
susan: > 2 --- 0 RES False
['eurashin', 'nathan']
Sending notification 0 for eurashin
{'user_id': 'eurashin', 'player_id': '34b8d11d-ff86-4feb-bbe7-ff5fe11c964f', 'heading': 'Stress Cat here', 'body': 'Tell MEOW about your problems', 'db_update': 'y ', 'image': 'cat_bags.png'}
received status 200 value Message Sent


Sending notification 0 for nathan
{'user_id': 'nathan', 'player_id': '0848817e-a7fd-48cf-bc5d-e864772b6d94', 'heading': 'Stress Cat here', 'body': 'Tell MEOW about your problems', 'db_update': 'y ', 'image': 'cat_bags.png'}
received status 200 value Message Sent





Executing logic 1
finale: <= 2 --- 2 RES True
eurashin: <= 2 --- 4 RES False
nathan: <= 2 --- 4 RES False
susan: <= 2 --- 0 RES True
['finale', 'susan']
Sending notification 1 for finale
{'user_id': 'finale', 'player_id': '5fb79d47-59c7-4ab2-90e7-17a8aacb20a2', 'heading': 'Stress Dog here', 'body': 'You can TAIL me about all your problems', 'db_update': 'y', 'image': 'gracie_boots.jpg'}
received status 200 value Message Sent


Sending notification 1 for susan
{'user_id': 'susan', 'player_id': '6c4608ce-41d6-4788-a31a-a216858d8cd6', 'heading': 'Stress Dog here', 'body': 'You can TAIL me about all your problems', 'db_update': 'y', 'image': 'gracie_baby.jpg'}
received status 200 value Message Sent





12/09/2021 16:00:04
create a list of active users and oneSignalID
Executing logic 0
finale: > 2 --- 2 RES False
eurashin: > 2 --- 4 RES True
nathan: > 2 --- 4 RES True
susan: > 2 --- 4 RES True
['eurashin', 'nathan', 'susan']
Sending notification 0 for eurashin
{'user_id': 'eurashin', 'player_id': '34b8d11d-ff86-4feb-bbe7-ff5fe11c964f', 'heading': 'Stress Cat here', 'body': 'Tell MEOW about your problems', 'db_update': 'y ', 'image': 'cat_bags.png'}
received status 200 value Message Sent


Sending notification 0 for nathan
{'user_id': 'nathan', 'player_id': '0848817e-a7fd-48cf-bc5d-e864772b6d94', 'heading': 'Stress Cat here', 'body': 'Tell MEOW about your problems', 'db_update': 'y ', 'image': 'cat_cuddle.png'}
received status 200 value Message Sent


Sending notification 0 for susan
{'user_id': 'susan', 'player_id': '6c4608ce-41d6-4788-a31a-a216858d8cd6', 'heading': 'Stress Cat here', 'body': 'Tell MEOW about your problems', 'db_update': 'y ', 'image': 'cat_stretch.png'}
received status 200 value Message Sent





Executing logic 1
finale: <= 2 --- 2 RES True
eurashin: <= 2 --- 4 RES False
nathan: <= 2 --- 4 RES False
susan: <= 2 --- 4 RES False
['finale']
Sending notification 1 for finale
{'user_id': 'finale', 'player_id': '5fb79d47-59c7-4ab2-90e7-17a8aacb20a2', 'heading': 'Stress Dog here', 'body': 'You can TAIL me about all your problems', 'db_update': 'y', 'image': 'gracie_smile.jpg'}
received status 200 value Message Sent





13/09/2021 16:00:12
create a list of active users and oneSignalID
Executing logic 0
finale: > 2 --- 2 RES False
eurashin: > 2 --- 4 RES True
nathan: > 2 --- 4 RES True
susan: > 2 --- 0 RES False
['eurashin', 'nathan']
Sending notification 0 for eurashin
{'user_id': 'eurashin', 'player_id': '34b8d11d-ff86-4feb-bbe7-ff5fe11c964f', 'heading': 'Stress Cat here', 'body': 'Tell MEOW about your problems', 'db_update': 'y ', 'image': 'cat_shirt.png'}
received status 200 value Message Sent


Sending notification 0 for nathan
{'user_id': 'nathan', 'player_id': '0848817e-a7fd-48cf-bc5d-e864772b6d94', 'heading': 'Stress Cat here', 'body': 'Tell MEOW about your problems', 'db_update': 'y ', 'image': 'cat_cuddle.png'}
received status 200 value Message Sent





Executing logic 1
finale: <= 2 --- 2 RES True
eurashin: <= 2 --- 4 RES False
nathan: <= 2 --- 4 RES False
susan: <= 2 --- 0 RES True
['finale', 'susan']
Sending notification 1 for finale
{'user_id': 'finale', 'player_id': '5fb79d47-59c7-4ab2-90e7-17a8aacb20a2', 'heading': 'Stress Dog here', 'body': 'You can TAIL me about all your problems', 'db_update': 'y', 'image': 'gracie_piggy.jpg'}
received status 200 value Message Sent


Sending notification 1 for susan
{'user_id': 'susan', 'player_id': '6c4608ce-41d6-4788-a31a-a216858d8cd6', 'heading': 'Stress Dog here', 'body': 'You can TAIL me about all your problems', 'db_update': 'y', 'image': 'gracie_boots.jpg'}
received status 200 value Message Sent





14/09/2021 16:00:11
create a list of active users and oneSignalID
Executing logic 0
finale: > 2 --- 2 RES False
eurashin: > 2 --- 4 RES True
susan: > 2 --- 0 RES False
nathan: > 2 --- 4 RES True
['eurashin', 'nathan']
Sending notification 0 for eurashin
{'user_id': 'eurashin', 'player_id': '34b8d11d-ff86-4feb-bbe7-ff5fe11c964f', 'heading': 'Stress Cat here', 'body': 'Tell MEOW about your problems', 'db_update': 'y ', 'image': 'cat_cuddle.png'}
received status 200 value Message Sent


Sending notification 0 for nathan
{'user_id': 'nathan', 'player_id': '10d555e0-8820-4e99-82c3-c61cf4d7375e', 'heading': 'Stress Cat here', 'body': 'Tell MEOW about your problems', 'db_update': 'y ', 'image': 'cat_bags.png'}
received status 200 value Message Sent





Executing logic 1
finale: <= 2 --- 2 RES True
eurashin: <= 2 --- 4 RES False
susan: <= 2 --- 0 RES True
nathan: <= 2 --- 4 RES False
['finale', 'susan']
Sending notification 1 for finale
{'user_id': 'finale', 'player_id': '5fb79d47-59c7-4ab2-90e7-17a8aacb20a2', 'heading': 'Stress Dog here', 'body': 'You can TAIL me about all your problems', 'db_update': 'y', 'image': 'gracie_smile.jpg'}
received status 200 value Message Sent


Sending notification 1 for susan
{'user_id': 'susan', 'player_id': '6c4608ce-41d6-4788-a31a-a216858d8cd6', 'heading': 'Stress Dog here', 'body': 'You can TAIL me about all your problems', 'db_update': 'y', 'image': 'gracie_smile.jpg'}
received status 200 value Message Sent





15/09/2021 16:00:13
create a list of active users and oneSignalID
Executing logic 0
finale: > 2 --- 2 RES False
eurashin: > 2 --- 4 RES True
nathan: > 2 --- 4 RES True
susan: > 2 --- 4 RES True
['eurashin', 'nathan', 'susan']
Sending notification 0 for eurashin
{'user_id': 'eurashin', 'player_id': '34b8d11d-ff86-4feb-bbe7-ff5fe11c964f', 'heading': 'Stress Cat here', 'body': 'Tell MEOW about your problems', 'db_update': 'y ', 'image': 'cat_cuddle.png'}
received status 200 value Message Sent


Sending notification 0 for nathan
{'user_id': 'nathan', 'player_id': '10d555e0-8820-4e99-82c3-c61cf4d7375e', 'heading': 'Stress Cat here', 'body': 'Tell MEOW about your problems', 'db_update': 'y ', 'image': 'cat_cuddle.png'}
received status 200 value Message Sent


Sending notification 0 for susan
{'user_id': 'susan', 'player_id': '6c4608ce-41d6-4788-a31a-a216858d8cd6', 'heading': 'Stress Cat here', 'body': 'Tell MEOW about your problems', 'db_update': 'y ', 'image': 'cat_stretch.png'}
received status 200 value Message Sent





Executing logic 1
finale: <= 2 --- 2 RES True
eurashin: <= 2 --- 4 RES False
nathan: <= 2 --- 4 RES False
susan: <= 2 --- 4 RES False
['finale']
Sending notification 1 for finale
{'user_id': 'finale', 'player_id': '5fb79d47-59c7-4ab2-90e7-17a8aacb20a2', 'heading': 'Stress Dog here', 'body': 'You can TAIL me about all your problems', 'db_update': 'y', 'image': 'gracie_boots.jpg'}
received status 200 value Message Sent





16/09/2021 16:00:12
create a list of active users and oneSignalID
Executing logic 0
finale: > 2 --- 2 RES False
eurashin: > 2 --- 4 RES True
nathan: > 2 --- 4 RES True
susan: > 2 --- 0 RES False
['eurashin', 'nathan']
Sending notification 0 for eurashin
{'user_id': 'eurashin', 'player_id': '34b8d11d-ff86-4feb-bbe7-ff5fe11c964f', 'heading': 'Stress Cat here', 'body': 'Tell MEOW about your problems', 'db_update': 'y ', 'image': 'cat_outside.png'}
received status 200 value Message Sent


Sending notification 0 for nathan
{'user_id': 'nathan', 'player_id': '10d555e0-8820-4e99-82c3-c61cf4d7375e', 'heading': 'Stress Cat here', 'body': 'Tell MEOW about your problems', 'db_update': 'y ', 'image': 'cat_shirt.png'}
received status 200 value Message Sent





Executing logic 1
finale: <= 2 --- 2 RES True
eurashin: <= 2 --- 4 RES False
nathan: <= 2 --- 4 RES False
susan: <= 2 --- 0 RES True
['finale', 'susan']
Sending notification 1 for finale
{'user_id': 'finale', 'player_id': '5fb79d47-59c7-4ab2-90e7-17a8aacb20a2', 'heading': 'Stress Dog here', 'body': 'You can TAIL me about all your problems', 'db_update': 'y', 'image': 'gracie_boots.jpg'}
received status 200 value Message Sent


Sending notification 1 for susan
{'user_id': 'susan', 'player_id': '6c4608ce-41d6-4788-a31a-a216858d8cd6', 'heading': 'Stress Dog here', 'body': 'You can TAIL me about all your problems', 'db_update': 'y', 'image': 'gracie_boots.jpg'}
received status 200 value Message Sent





17/09/2021 16:00:06
create a list of active users and oneSignalID
Executing logic 0
finale: > 2 --- 2 RES False
eurashin: > 2 --- 4 RES True
nathan: > 2 --- 4 RES True
susan: > 2 --- 0 RES False
['eurashin', 'nathan']
Sending notification 0 for eurashin
{'user_id': 'eurashin', 'player_id': '34b8d11d-ff86-4feb-bbe7-ff5fe11c964f', 'heading': 'Stress Cat here', 'body': 'Tell MEOW about your problems', 'db_update': 'y ', 'image': 'cat_bags.png'}
received status 200 value Message Sent


Sending notification 0 for nathan
{'user_id': 'nathan', 'player_id': '10d555e0-8820-4e99-82c3-c61cf4d7375e', 'heading': 'Stress Cat here', 'body': 'Tell MEOW about your problems', 'db_update': 'y ', 'image': 'cat_shirt.png'}
received status 200 value Message Sent





Executing logic 1
finale: <= 2 --- 2 RES True
eurashin: <= 2 --- 4 RES False
nathan: <= 2 --- 4 RES False
susan: <= 2 --- 0 RES True
['finale', 'susan']
Sending notification 1 for finale
{'user_id': 'finale', 'player_id': '5fb79d47-59c7-4ab2-90e7-17a8aacb20a2', 'heading': 'Stress Dog here', 'body': 'You can TAIL me about all your problems', 'db_update': 'y', 'image': 'gracie_strawberry.jpg'}
received status 200 value Message Sent


Sending notification 1 for susan
{'user_id': 'susan', 'player_id': '6c4608ce-41d6-4788-a31a-a216858d8cd6', 'heading': 'Stress Dog here', 'body': 'You can TAIL me about all your problems', 'db_update': 'y', 'image': 'gracie_baby.jpg'}
received status 200 value Message Sent





18/09/2021 16:00:04
create a list of active users and oneSignalID
Executing logic 0
finale: > 2 --- 2 RES False
eurashin: > 2 --- 4 RES True
nathan: > 2 --- 4 RES True
susan: > 2 --- 4 RES True
['eurashin', 'nathan', 'susan']
Sending notification 0 for eurashin
{'user_id': 'eurashin', 'player_id': '34b8d11d-ff86-4feb-bbe7-ff5fe11c964f', 'heading': 'Stress Cat here', 'body': 'Tell MEOW about your problems', 'db_update': 'y ', 'image': 'cat_stretch.png'}
received status 200 value Message Sent


Sending notification 0 for nathan
{'user_id': 'nathan', 'player_id': '10d555e0-8820-4e99-82c3-c61cf4d7375e', 'heading': 'Stress Cat here', 'body': 'Tell MEOW about your problems', 'db_update': 'y ', 'image': 'cat_stretch.png'}
received status 200 value Message Sent


Sending notification 0 for susan
{'user_id': 'susan', 'player_id': '6c4608ce-41d6-4788-a31a-a216858d8cd6', 'heading': 'Stress Cat here', 'body': 'Tell MEOW about your problems', 'db_update': 'y ', 'image': 'cat_outside.png'}
received status 200 value Message Sent





Executing logic 1
finale: <= 2 --- 2 RES True
eurashin: <= 2 --- 4 RES False
nathan: <= 2 --- 4 RES False
susan: <= 2 --- 4 RES False
['finale']
Sending notification 1 for finale
{'user_id': 'finale', 'player_id': '5fb79d47-59c7-4ab2-90e7-17a8aacb20a2', 'heading': 'Stress Dog here', 'body': 'You can TAIL me about all your problems', 'db_update': 'y', 'image': 'gracie_baby.jpg'}
received status 200 value Message Sent





19/09/2021 16:00:08
create a list of active users and oneSignalID
Executing logic 0
finale: > 2 --- 2 RES False
eurashin: > 2 --- 4 RES True
nathan: > 2 --- 4 RES True
susan: > 2 --- 0 RES False
['eurashin', 'nathan']
Sending notification 0 for eurashin
{'user_id': 'eurashin', 'player_id': '34b8d11d-ff86-4feb-bbe7-ff5fe11c964f', 'heading': 'Stress Cat here', 'body': 'Tell MEOW about your problems', 'db_update': 'y ', 'image': 'cat_shirt.png'}
received status 200 value Message Sent


Sending notification 0 for nathan
{'user_id': 'nathan', 'player_id': '10d555e0-8820-4e99-82c3-c61cf4d7375e', 'heading': 'Stress Cat here', 'body': 'Tell MEOW about your problems', 'db_update': 'y ', 'image': 'cat_cuddle.png'}
received status 200 value Message Sent





Executing logic 1
finale: <= 2 --- 2 RES True
eurashin: <= 2 --- 4 RES False
nathan: <= 2 --- 4 RES False
susan: <= 2 --- 0 RES True
['finale', 'susan']
Sending notification 1 for finale
{'user_id': 'finale', 'player_id': '5fb79d47-59c7-4ab2-90e7-17a8aacb20a2', 'heading': 'Stress Dog here', 'body': 'You can TAIL me about all your problems', 'db_update': 'y', 'image': 'gracie_smile.jpg'}
received status 200 value Message Sent


Sending notification 1 for susan
{'user_id': 'susan', 'player_id': '6c4608ce-41d6-4788-a31a-a216858d8cd6', 'heading': 'Stress Dog here', 'body': 'You can TAIL me about all your problems', 'db_update': 'y', 'image': 'gracie_strawberry.jpg'}
received status 200 value Message Sent





20/09/2021 16:00:07
create a list of active users and oneSignalID
Traceback (most recent call last):
  File "/home/ec2-user/.local/lib/python3.7/site-packages/mysql/connector/connection_cext.py", line 232, in _open_connection
    self._cmysql.connect(**cnx_kwargs)
_mysql_connector.MySQLInterfaceError: Can't connect to MySQL server on 'ec2-18-205-212-4.compute-1.amazonaws.com:3308' (111)

During handling of the above exception, another exception occurred:

Traceback (most recent call last):
  File "/home/ec2-user/SARATemplate/apis/learning/randomized_notifications/DemoLogicFromSurveys.py", line 151, in <module>
    onesignal_ids = getListOfUsersAndOnesignalID()
  File "/home/ec2-user/SARATemplate/apis/learning/randomized_notifications/DemoLogicFromSurveys.py", line 70, in getListOfUsersAndOnesignalID
    activeUsersAndLatestDailySurvey = getActiveUsers()
  File "/home/ec2-user/SARATemplate/apis/learning/randomized_notifications/DemoLogicFromSurveys.py", line 52, in getActiveUsers
    db = load_database_config("study")
  File "/home/ec2-user/SARATemplate/apis/learning/randomized_notifications/DemoLogicFromSurveys.py", line 33, in load_database_config
    database = dbname
  File "/home/ec2-user/.local/lib/python3.7/site-packages/mysql/connector/__init__.py", line 272, in connect
    return CMySQLConnection(*args, **kwargs)
  File "/home/ec2-user/.local/lib/python3.7/site-packages/mysql/connector/connection_cext.py", line 85, in __init__
    self.connect(**kwargs)
  File "/home/ec2-user/.local/lib/python3.7/site-packages/mysql/connector/abstracts.py", line 1003, in connect
    self._open_connection()
  File "/home/ec2-user/.local/lib/python3.7/site-packages/mysql/connector/connection_cext.py", line 235, in _open_connection
    sqlstate=exc.sqlstate)
mysql.connector.errors.DatabaseError: 2003 (HY000): Can't connect to MySQL server on 'ec2-18-205-212-4.compute-1.amazonaws.com:3308' (111)
21/09/2021 16:00:06
create a list of active users and oneSignalID
Traceback (most recent call last):
  File "/home/ec2-user/.local/lib/python3.7/site-packages/mysql/connector/connection_cext.py", line 232, in _open_connection
    self._cmysql.connect(**cnx_kwargs)
_mysql_connector.MySQLInterfaceError: Can't connect to MySQL server on 'ec2-18-205-212-4.compute-1.amazonaws.com:3308' (111)

During handling of the above exception, another exception occurred:

Traceback (most recent call last):
  File "/home/ec2-user/SARATemplate/apis/learning/randomized_notifications/DemoLogicFromSurveys.py", line 151, in <module>
    onesignal_ids = getListOfUsersAndOnesignalID()
  File "/home/ec2-user/SARATemplate/apis/learning/randomized_notifications/DemoLogicFromSurveys.py", line 70, in getListOfUsersAndOnesignalID
    activeUsersAndLatestDailySurvey = getActiveUsers()
  File "/home/ec2-user/SARATemplate/apis/learning/randomized_notifications/DemoLogicFromSurveys.py", line 52, in getActiveUsers
    db = load_database_config("study")
  File "/home/ec2-user/SARATemplate/apis/learning/randomized_notifications/DemoLogicFromSurveys.py", line 33, in load_database_config
    database = dbname
  File "/home/ec2-user/.local/lib/python3.7/site-packages/mysql/connector/__init__.py", line 272, in connect
    return CMySQLConnection(*args, **kwargs)
  File "/home/ec2-user/.local/lib/python3.7/site-packages/mysql/connector/connection_cext.py", line 85, in __init__
    self.connect(**kwargs)
  File "/home/ec2-user/.local/lib/python3.7/site-packages/mysql/connector/abstracts.py", line 1003, in connect
    self._open_connection()
  File "/home/ec2-user/.local/lib/python3.7/site-packages/mysql/connector/connection_cext.py", line 235, in _open_connection
    sqlstate=exc.sqlstate)
mysql.connector.errors.DatabaseError: 2003 (HY000): Can't connect to MySQL server on 'ec2-18-205-212-4.compute-1.amazonaws.com:3308' (111)
22/09/2021 16:00:08
create a list of active users and oneSignalID
Traceback (most recent call last):
  File "/home/ec2-user/.local/lib/python3.7/site-packages/mysql/connector/connection_cext.py", line 232, in _open_connection
    self._cmysql.connect(**cnx_kwargs)
_mysql_connector.MySQLInterfaceError: Can't connect to MySQL server on 'ec2-54-91-251-128.compute-1.amazonaws.com:3308' (110)

During handling of the above exception, another exception occurred:

Traceback (most recent call last):
  File "/home/ec2-user/SARATemplate/apis/learning/randomized_notifications/DemoLogicFromSurveys.py", line 151, in <module>
    onesignal_ids = getListOfUsersAndOnesignalID()
  File "/home/ec2-user/SARATemplate/apis/learning/randomized_notifications/DemoLogicFromSurveys.py", line 70, in getListOfUsersAndOnesignalID
    activeUsersAndLatestDailySurvey = getActiveUsers()
  File "/home/ec2-user/SARATemplate/apis/learning/randomized_notifications/DemoLogicFromSurveys.py", line 52, in getActiveUsers
    db = load_database_config("study")
  File "/home/ec2-user/SARATemplate/apis/learning/randomized_notifications/DemoLogicFromSurveys.py", line 33, in load_database_config
    database = dbname
  File "/home/ec2-user/.local/lib/python3.7/site-packages/mysql/connector/__init__.py", line 272, in connect
    return CMySQLConnection(*args, **kwargs)
  File "/home/ec2-user/.local/lib/python3.7/site-packages/mysql/connector/connection_cext.py", line 85, in __init__
    self.connect(**kwargs)
  File "/home/ec2-user/.local/lib/python3.7/site-packages/mysql/connector/abstracts.py", line 1003, in connect
    self._open_connection()
  File "/home/ec2-user/.local/lib/python3.7/site-packages/mysql/connector/connection_cext.py", line 235, in _open_connection
    sqlstate=exc.sqlstate)
mysql.connector.errors.DatabaseError: 2003 (HY000): Can't connect to MySQL server on 'ec2-54-91-251-128.compute-1.amazonaws.com:3308' (110)
23/09/2021 16:00:07
create a list of active users and oneSignalID
Traceback (most recent call last):
  File "/home/ec2-user/.local/lib/python3.7/site-packages/mysql/connector/connection_cext.py", line 232, in _open_connection
    self._cmysql.connect(**cnx_kwargs)
_mysql_connector.MySQLInterfaceError: Can't connect to MySQL server on 'ec2-54-91-251-128.compute-1.amazonaws.com:3308' (110)

During handling of the above exception, another exception occurred:

Traceback (most recent call last):
  File "/home/ec2-user/SARATemplate/apis/learning/randomized_notifications/DemoLogicFromSurveys.py", line 151, in <module>
    onesignal_ids = getListOfUsersAndOnesignalID()
  File "/home/ec2-user/SARATemplate/apis/learning/randomized_notifications/DemoLogicFromSurveys.py", line 70, in getListOfUsersAndOnesignalID
    activeUsersAndLatestDailySurvey = getActiveUsers()
  File "/home/ec2-user/SARATemplate/apis/learning/randomized_notifications/DemoLogicFromSurveys.py", line 52, in getActiveUsers
    db = load_database_config("study")
  File "/home/ec2-user/SARATemplate/apis/learning/randomized_notifications/DemoLogicFromSurveys.py", line 33, in load_database_config
    database = dbname
  File "/home/ec2-user/.local/lib/python3.7/site-packages/mysql/connector/__init__.py", line 272, in connect
    return CMySQLConnection(*args, **kwargs)
  File "/home/ec2-user/.local/lib/python3.7/site-packages/mysql/connector/connection_cext.py", line 85, in __init__
    self.connect(**kwargs)
  File "/home/ec2-user/.local/lib/python3.7/site-packages/mysql/connector/abstracts.py", line 1003, in connect
    self._open_connection()
  File "/home/ec2-user/.local/lib/python3.7/site-packages/mysql/connector/connection_cext.py", line 235, in _open_connection
    sqlstate=exc.sqlstate)
mysql.connector.errors.DatabaseError: 2003 (HY000): Can't connect to MySQL server on 'ec2-54-91-251-128.compute-1.amazonaws.com:3308' (110)
24/09/2021 16:00:06
create a list of active users and oneSignalID
Traceback (most recent call last):
  File "/home/ec2-user/.local/lib/python3.7/site-packages/mysql/connector/connection_cext.py", line 232, in _open_connection
    self._cmysql.connect(**cnx_kwargs)
_mysql_connector.MySQLInterfaceError: Can't connect to MySQL server on 'ec2-54-91-251-128.compute-1.amazonaws.com:3308' (110)

During handling of the above exception, another exception occurred:

Traceback (most recent call last):
  File "/home/ec2-user/SARATemplate/apis/learning/randomized_notifications/DemoLogicFromSurveys.py", line 151, in <module>
    onesignal_ids = getListOfUsersAndOnesignalID()
  File "/home/ec2-user/SARATemplate/apis/learning/randomized_notifications/DemoLogicFromSurveys.py", line 70, in getListOfUsersAndOnesignalID
    activeUsersAndLatestDailySurvey = getActiveUsers()
  File "/home/ec2-user/SARATemplate/apis/learning/randomized_notifications/DemoLogicFromSurveys.py", line 52, in getActiveUsers
    db = load_database_config("study")
  File "/home/ec2-user/SARATemplate/apis/learning/randomized_notifications/DemoLogicFromSurveys.py", line 33, in load_database_config
    database = dbname
  File "/home/ec2-user/.local/lib/python3.7/site-packages/mysql/connector/__init__.py", line 272, in connect
    return CMySQLConnection(*args, **kwargs)
  File "/home/ec2-user/.local/lib/python3.7/site-packages/mysql/connector/connection_cext.py", line 85, in __init__
    self.connect(**kwargs)
  File "/home/ec2-user/.local/lib/python3.7/site-packages/mysql/connector/abstracts.py", line 1003, in connect
    self._open_connection()
  File "/home/ec2-user/.local/lib/python3.7/site-packages/mysql/connector/connection_cext.py", line 235, in _open_connection
    sqlstate=exc.sqlstate)
mysql.connector.errors.DatabaseError: 2003 (HY000): Can't connect to MySQL server on 'ec2-54-91-251-128.compute-1.amazonaws.com:3308' (110)
25/09/2021 16:00:04
create a list of active users and oneSignalID
Traceback (most recent call last):
  File "/home/ec2-user/.local/lib/python3.7/site-packages/mysql/connector/connection_cext.py", line 232, in _open_connection
    self._cmysql.connect(**cnx_kwargs)
_mysql_connector.MySQLInterfaceError: Can't connect to MySQL server on 'ec2-54-91-251-128.compute-1.amazonaws.com:3308' (110)

During handling of the above exception, another exception occurred:

Traceback (most recent call last):
  File "/home/ec2-user/SARATemplate/apis/learning/randomized_notifications/DemoLogicFromSurveys.py", line 151, in <module>
    onesignal_ids = getListOfUsersAndOnesignalID()
  File "/home/ec2-user/SARATemplate/apis/learning/randomized_notifications/DemoLogicFromSurveys.py", line 70, in getListOfUsersAndOnesignalID
    activeUsersAndLatestDailySurvey = getActiveUsers()
  File "/home/ec2-user/SARATemplate/apis/learning/randomized_notifications/DemoLogicFromSurveys.py", line 52, in getActiveUsers
    db = load_database_config("study")
  File "/home/ec2-user/SARATemplate/apis/learning/randomized_notifications/DemoLogicFromSurveys.py", line 33, in load_database_config
    database = dbname
  File "/home/ec2-user/.local/lib/python3.7/site-packages/mysql/connector/__init__.py", line 272, in connect
    return CMySQLConnection(*args, **kwargs)
  File "/home/ec2-user/.local/lib/python3.7/site-packages/mysql/connector/connection_cext.py", line 85, in __init__
    self.connect(**kwargs)
  File "/home/ec2-user/.local/lib/python3.7/site-packages/mysql/connector/abstracts.py", line 1003, in connect
    self._open_connection()
  File "/home/ec2-user/.local/lib/python3.7/site-packages/mysql/connector/connection_cext.py", line 235, in _open_connection
    sqlstate=exc.sqlstate)
mysql.connector.errors.DatabaseError: 2003 (HY000): Can't connect to MySQL server on 'ec2-54-91-251-128.compute-1.amazonaws.com:3308' (110)
26/09/2021 16:00:04
create a list of active users and oneSignalID
Traceback (most recent call last):
  File "/home/ec2-user/.local/lib/python3.7/site-packages/mysql/connector/connection_cext.py", line 232, in _open_connection
    self._cmysql.connect(**cnx_kwargs)
_mysql_connector.MySQLInterfaceError: Can't connect to MySQL server on 'ec2-54-91-251-128.compute-1.amazonaws.com:3308' (110)

During handling of the above exception, another exception occurred:

Traceback (most recent call last):
  File "/home/ec2-user/SARATemplate/apis/learning/randomized_notifications/DemoLogicFromSurveys.py", line 151, in <module>
    onesignal_ids = getListOfUsersAndOnesignalID()
  File "/home/ec2-user/SARATemplate/apis/learning/randomized_notifications/DemoLogicFromSurveys.py", line 70, in getListOfUsersAndOnesignalID
    activeUsersAndLatestDailySurvey = getActiveUsers()
  File "/home/ec2-user/SARATemplate/apis/learning/randomized_notifications/DemoLogicFromSurveys.py", line 52, in getActiveUsers
    db = load_database_config("study")
  File "/home/ec2-user/SARATemplate/apis/learning/randomized_notifications/DemoLogicFromSurveys.py", line 33, in load_database_config
    database = dbname
  File "/home/ec2-user/.local/lib/python3.7/site-packages/mysql/connector/__init__.py", line 272, in connect
    return CMySQLConnection(*args, **kwargs)
  File "/home/ec2-user/.local/lib/python3.7/site-packages/mysql/connector/connection_cext.py", line 85, in __init__
    self.connect(**kwargs)
  File "/home/ec2-user/.local/lib/python3.7/site-packages/mysql/connector/abstracts.py", line 1003, in connect
    self._open_connection()
  File "/home/ec2-user/.local/lib/python3.7/site-packages/mysql/connector/connection_cext.py", line 235, in _open_connection
    sqlstate=exc.sqlstate)
mysql.connector.errors.DatabaseError: 2003 (HY000): Can't connect to MySQL server on 'ec2-54-91-251-128.compute-1.amazonaws.com:3308' (110)
27/09/2021 16:00:05
create a list of active users and oneSignalID
Traceback (most recent call last):
  File "/home/ec2-user/.local/lib/python3.7/site-packages/mysql/connector/connection_cext.py", line 232, in _open_connection
    self._cmysql.connect(**cnx_kwargs)
_mysql_connector.MySQLInterfaceError: Can't connect to MySQL server on 'ec2-54-91-251-128.compute-1.amazonaws.com:3308' (110)

During handling of the above exception, another exception occurred:

Traceback (most recent call last):
  File "/home/ec2-user/SARATemplate/apis/learning/randomized_notifications/DemoLogicFromSurveys.py", line 151, in <module>
    onesignal_ids = getListOfUsersAndOnesignalID()
  File "/home/ec2-user/SARATemplate/apis/learning/randomized_notifications/DemoLogicFromSurveys.py", line 70, in getListOfUsersAndOnesignalID
    activeUsersAndLatestDailySurvey = getActiveUsers()
  File "/home/ec2-user/SARATemplate/apis/learning/randomized_notifications/DemoLogicFromSurveys.py", line 52, in getActiveUsers
    db = load_database_config("study")
  File "/home/ec2-user/SARATemplate/apis/learning/randomized_notifications/DemoLogicFromSurveys.py", line 33, in load_database_config
    database = dbname
  File "/home/ec2-user/.local/lib/python3.7/site-packages/mysql/connector/__init__.py", line 272, in connect
    return CMySQLConnection(*args, **kwargs)
  File "/home/ec2-user/.local/lib/python3.7/site-packages/mysql/connector/connection_cext.py", line 85, in __init__
    self.connect(**kwargs)
  File "/home/ec2-user/.local/lib/python3.7/site-packages/mysql/connector/abstracts.py", line 1003, in connect
    self._open_connection()
  File "/home/ec2-user/.local/lib/python3.7/site-packages/mysql/connector/connection_cext.py", line 235, in _open_connection
    sqlstate=exc.sqlstate)
mysql.connector.errors.DatabaseError: 2003 (HY000): Can't connect to MySQL server on 'ec2-54-91-251-128.compute-1.amazonaws.com:3308' (110)
28/09/2021 16:00:07
create a list of active users and oneSignalID
Traceback (most recent call last):
  File "/home/ec2-user/.local/lib/python3.7/site-packages/mysql/connector/connection_cext.py", line 232, in _open_connection
    self._cmysql.connect(**cnx_kwargs)
_mysql_connector.MySQLInterfaceError: Can't connect to MySQL server on 'ec2-54-91-251-128.compute-1.amazonaws.com:3308' (110)

During handling of the above exception, another exception occurred:

Traceback (most recent call last):
  File "/home/ec2-user/SARATemplate/apis/learning/randomized_notifications/DemoLogicFromSurveys.py", line 151, in <module>
    onesignal_ids = getListOfUsersAndOnesignalID()
  File "/home/ec2-user/SARATemplate/apis/learning/randomized_notifications/DemoLogicFromSurveys.py", line 70, in getListOfUsersAndOnesignalID
    activeUsersAndLatestDailySurvey = getActiveUsers()
  File "/home/ec2-user/SARATemplate/apis/learning/randomized_notifications/DemoLogicFromSurveys.py", line 52, in getActiveUsers
    db = load_database_config("study")
  File "/home/ec2-user/SARATemplate/apis/learning/randomized_notifications/DemoLogicFromSurveys.py", line 33, in load_database_config
    database = dbname
  File "/home/ec2-user/.local/lib/python3.7/site-packages/mysql/connector/__init__.py", line 272, in connect
    return CMySQLConnection(*args, **kwargs)
  File "/home/ec2-user/.local/lib/python3.7/site-packages/mysql/connector/connection_cext.py", line 85, in __init__
    self.connect(**kwargs)
  File "/home/ec2-user/.local/lib/python3.7/site-packages/mysql/connector/abstracts.py", line 1003, in connect
    self._open_connection()
  File "/home/ec2-user/.local/lib/python3.7/site-packages/mysql/connector/connection_cext.py", line 235, in _open_connection
    sqlstate=exc.sqlstate)
mysql.connector.errors.DatabaseError: 2003 (HY000): Can't connect to MySQL server on 'ec2-54-91-251-128.compute-1.amazonaws.com:3308' (110)
29/09/2021 16:00:06
create a list of active users and oneSignalID
Traceback (most recent call last):
  File "/home/ec2-user/.local/lib/python3.7/site-packages/mysql/connector/connection_cext.py", line 232, in _open_connection
    self._cmysql.connect(**cnx_kwargs)
_mysql_connector.MySQLInterfaceError: Can't connect to MySQL server on 'ec2-54-91-251-128.compute-1.amazonaws.com:3308' (110)

During handling of the above exception, another exception occurred:

Traceback (most recent call last):
  File "/home/ec2-user/SARATemplate/apis/learning/randomized_notifications/DemoLogicFromSurveys.py", line 151, in <module>
    onesignal_ids = getListOfUsersAndOnesignalID()
  File "/home/ec2-user/SARATemplate/apis/learning/randomized_notifications/DemoLogicFromSurveys.py", line 70, in getListOfUsersAndOnesignalID
    activeUsersAndLatestDailySurvey = getActiveUsers()
  File "/home/ec2-user/SARATemplate/apis/learning/randomized_notifications/DemoLogicFromSurveys.py", line 52, in getActiveUsers
    db = load_database_config("study")
  File "/home/ec2-user/SARATemplate/apis/learning/randomized_notifications/DemoLogicFromSurveys.py", line 33, in load_database_config
    database = dbname
  File "/home/ec2-user/.local/lib/python3.7/site-packages/mysql/connector/__init__.py", line 272, in connect
    return CMySQLConnection(*args, **kwargs)
  File "/home/ec2-user/.local/lib/python3.7/site-packages/mysql/connector/connection_cext.py", line 85, in __init__
    self.connect(**kwargs)
  File "/home/ec2-user/.local/lib/python3.7/site-packages/mysql/connector/abstracts.py", line 1003, in connect
    self._open_connection()
  File "/home/ec2-user/.local/lib/python3.7/site-packages/mysql/connector/connection_cext.py", line 235, in _open_connection
    sqlstate=exc.sqlstate)
mysql.connector.errors.DatabaseError: 2003 (HY000): Can't connect to MySQL server on 'ec2-54-91-251-128.compute-1.amazonaws.com:3308' (110)
30/09/2021 16:00:06
create a list of active users and oneSignalID
Traceback (most recent call last):
  File "/home/ec2-user/.local/lib/python3.7/site-packages/mysql/connector/connection_cext.py", line 232, in _open_connection
    self._cmysql.connect(**cnx_kwargs)
_mysql_connector.MySQLInterfaceError: Can't connect to MySQL server on 'ec2-54-91-251-128.compute-1.amazonaws.com:3308' (110)

During handling of the above exception, another exception occurred:

Traceback (most recent call last):
  File "/home/ec2-user/SARATemplate/apis/learning/randomized_notifications/DemoLogicFromSurveys.py", line 151, in <module>
    onesignal_ids = getListOfUsersAndOnesignalID()
  File "/home/ec2-user/SARATemplate/apis/learning/randomized_notifications/DemoLogicFromSurveys.py", line 70, in getListOfUsersAndOnesignalID
    activeUsersAndLatestDailySurvey = getActiveUsers()
  File "/home/ec2-user/SARATemplate/apis/learning/randomized_notifications/DemoLogicFromSurveys.py", line 52, in getActiveUsers
    db = load_database_config("study")
  File "/home/ec2-user/SARATemplate/apis/learning/randomized_notifications/DemoLogicFromSurveys.py", line 33, in load_database_config
    database = dbname
  File "/home/ec2-user/.local/lib/python3.7/site-packages/mysql/connector/__init__.py", line 272, in connect
    return CMySQLConnection(*args, **kwargs)
  File "/home/ec2-user/.local/lib/python3.7/site-packages/mysql/connector/connection_cext.py", line 85, in __init__
    self.connect(**kwargs)
  File "/home/ec2-user/.local/lib/python3.7/site-packages/mysql/connector/abstracts.py", line 1003, in connect
    self._open_connection()
  File "/home/ec2-user/.local/lib/python3.7/site-packages/mysql/connector/connection_cext.py", line 235, in _open_connection
    sqlstate=exc.sqlstate)
mysql.connector.errors.DatabaseError: 2003 (HY000): Can't connect to MySQL server on 'ec2-54-91-251-128.compute-1.amazonaws.com:3308' (110)
